PocketMine-MP Crash Dump Mon Nov 29 15:01:36 +07 2021

Error: pocketmine\Server::pocketmine\{closure}(): Argument #1 ($player) must be of type pocketmine\Player, BlockHorizons\BlockPets\pets\creatures\WolfPet given
File: pmsrc/src/pocketmine/Server
Line: 1723
Type: TypeError

A PLUGIN WAS INVOLVED IN THIS CRASH
BAD PLUGIN: MysteryCrate v9.2.0

Code:
[1714] 	 *
[1715] 	 * @return void
[1716] 	 */
[1717] 	public function batchPackets(array $players, array $packets, bool $forceSync = false, bool $immediate = false){
[1718] 		if(count($packets) === 0){
[1719] 			throw new \InvalidArgumentException("Cannot send empty batch");
[1720] 		}
[1721] 		Timings::$playerNetworkTimer->startTiming();
[1722] 
[1723] 		$targets = array_filter($players, function(Player $player) : bool{ return $player->isConnected(); });
[1724] 
[1725] 		if(count($targets) > 0){
[1726] 			$pk = new BatchPacket();
[1727] 
[1728] 			foreach($packets as $p){
[1729] 				$pk->addPacket($p);
[1730] 			}
[1731] 
[1732] 			if(Network::$BATCH_THRESHOLD >= 0 and strlen($pk->payload) >= Network::$BATCH_THRESHOLD){
[1733] 				$pk->setCompressionLevel($this->networkCompressionLevel);

Backtrace:
#0 (): pocketmine\Server->pocketmine\{closure}(object BlockHorizons\BlockPets\pets\creatures\WolfPet)
#1 pmsrc/src/pocketmine/Server(1723): array_filter(array[1], object Closure)
#2 pmsrc/src/pocketmine/level/Level(538): pocketmine\Server->batchPackets(array[1], array[1], boolean )
#3 plugins/MysteryCrate/src/JackMD/MysteryCrate/EventListener(239): pocketmine\level\Level->addParticle(object pocketmine\level\particle\FloatingTextParticle, array[1])
#4 pmsrc/src/pocketmine/plugin/MethodEventExecutor(42): JackMD\MysteryCrate\EventListener->onLevelChange(object pocketmine\event\entity\EntityLevelChangeEvent)
#5 pmsrc/src/pocketmine/plugin/RegisteredListener(80): pocketmine\plugin\MethodEventExecutor->execute(object JackMD\MysteryCrate\EventListener, object pocketmine\event\entity\EntityLevelChangeEvent)
#6 pmsrc/src/pocketmine/event/Event(88): pocketmine\plugin\RegisteredListener->callEvent(object pocketmine\event\entity\EntityLevelChangeEvent)
#7 pmsrc/src/pocketmine/entity/Entity(1904): pocketmine\event\Event->call()
#8 pmsrc/src/pocketmine/entity/Entity(1769): pocketmine\entity\Entity->switchLevel(object pocketmine\level\Level)
#9 pmsrc/src/pocketmine/entity/Entity(1794): pocketmine\entity\Entity->setPosition(object pocketmine\level\Position)
#10 pmsrc/src/pocketmine/entity/Entity(1885): pocketmine\entity\Entity->setPositionAndRotation(object pocketmine\level\Position, double 257.41744995117, double 2.3896484375)
#11 plugins/Pets_Core/src/BlockHorizons/BlockPets/pets/BasePet(617): pocketmine\entity\Entity->teleport(object pocketmine\level\Position)
#12 pmsrc/src/pocketmine/level/Level(854): BlockHorizons\BlockPets\pets\BasePet->onUpdate(integer 3467)
#13 pmsrc/src/pocketmine/level/Level(787): pocketmine\level\Level->actuallyDoTick(integer 3467)
#14 pmsrc/src/pocketmine/Server(2265): pocketmine\level\Level->doTick(integer 3467)
#15 pmsrc/src/pocketmine/Server(2396): pocketmine\Server->checkTickUpdates(integer 3467, double 1638172896.0829)
#16 pmsrc/src/pocketmine/Server(2152): pocketmine\Server->tick()
#17 pmsrc/src/pocketmine/Server(1992): pocketmine\Server->tickProcessor()
#18 pmsrc/src/pocketmine/Server(1586): pocketmine\Server->start()
#19 pmsrc/src/pocketmine/PocketMine(319): pocketmine\Server->__construct(object BaseClassLoader, object pocketmine\utils\MainLogger, string[30] C:\Users\DatNguyen\Desktop\sv\, string[38] C:\Users\DatNguyen\Desktop\sv\plugins\)
#20 pmsrc/src/pocketmine/PocketMine(349): pocketmine\server()
#21 pmsrc(11): require(string[85] phar://C:/Users/DatNguyen/Desktop/sv/PocketMine-MP.phar/src/pocketmine/PocketMin)

PocketMine-MP version: 3.25.6 [Protocol 471]
Git commit: f95142f6b677180dd1b8d44b4bb49880329472ab
uname -a: Windows NT DATNGUYEN-VN 6.3 build 9600 (Windows Server 2012 R2 Datacenter Edition) AMD64
PHP Version: 8.0.13
Zend version: 4.0.13
OS: WINNT, win
Composer libraries: 
- adhocore/json-comment 1.1.2@fc2f76979f0a44a5f5bc2a2b600d0762fe0e78e7
- daverandom/callback-validator unknown@unknown
- pocketmine/binaryutils 0.1.13@0abee38d4e2861621f262c79a2a3d699d8a697f4
- pocketmine/callback-validator 1.0.3@64787469766bcaa7e5885242e85c23c25e8c55a2
- pocketmine/classloader 0.1.3@3c484a27787f7732ce842ed694928a29ba340961
- pocketmine/log 0.2.1@830b44a2cf96ef703c550abe64302f230231ca49
- pocketmine/log-pthreads 0.1.4@01620c3628cdaa6b4a21122cff4c5d2f70b5c1d3
- pocketmine/math 0.2.6@43057cb8c179a9859677b496a788db922fd5cfc3
- pocketmine/nbt 0.2.18@9f82ca4d7f97fcd9a566e44b63c4f18a7657ae82
- pocketmine/pocketmine-mp 3.25.6@f95142f6b677180dd1b8d44b4bb49880329472ab
- pocketmine/raklib 0.12.12@5abe22043352e94099e4edfcef5fb3644578ddc1
- pocketmine/snooze 0.1.6@92abf1e988c71635d466abb777f61f89e5a9c990
- pocketmine/spl 0.4.2@6b08b7cf8c4afa17139c9a1b3bf1b408531de161

Loaded plugins:
AcaciaWoodHS 1 by BhawaniSingh for API(s) 3.0.0
AlwaysSpawn 2.2.4 by Philip Shilling for API(s) 3.0.0
AntiToolbox 1.0 by FaigerSYS for API(s) 3.0.0-ALPHA4, 3.0.0-ALPHA5, 3.0.0-ALPHA6, 3.0.0-ALPHA7, 3.0.0-ALPHA8, 3.0.0-ALPHA9, 3.0.0-ALPHA10, 3.0.0-ALPHA11, 3.0.0-ALPHA12, 3.0.0, 4.0.0
AuctionHouse 1.3.2 by Shock95x for API(s) 3.24.0
AutoClearChunk 2.1.0 by HazardTeam for API(s) 3.21.0
AutoClearLagg 3.1.0 by Twisted for API(s) 3.0.0
AutoEXP 0.0.1 by RubyTemple for API(s) 3.0.0
AutoInv 0.0.10 by JackNoordhuis for API(s) 3.0.0
AutoSellUI 3.0.0 by LetTIHL for API(s) 3.8.2
AutoXP 1.1.0 by JackMD for API(s) 3.0.0
Bank 0.0.1 by YTBJero, GhastNoob, Kaido Joestar for API(s) 3.21.0
BasicScore 1.2.1 by Ifera for API(s) 3.0.0
BeetrootHS 1 by BhawaniSingh for API(s) 3.0.0
BetterDroppedItems 1.0.1 by Dapro718 for API(s) 3.0.0
BetterVoting 1.6 by Twisted for API(s) 3.0.0
BirchWoodHS 1 by BhawaniSingh for API(s) 3.0.0
BlockPets 1.1.3 by BlockHorizon for API(s) 3.19.0
BlockSniper 3.2.3 by BlockHorizons, Sandertv (@Sandertv), Chris-Prime (@PrimusLV) for API(s) 3.2.0
BravoClan 1.1 by Itzdvbravo for API(s) 3.14.0
Broadcaster 1.5 by EvolSoft for API(s) 3.0.0
BuilderTools 1.2.0 by CzechPMDevs, VixikHD for API(s) 3.16.0
BurgerSpawners 0.1.4 by Heisenburger69 for API(s) 3.0.0
BuyFix 1 by Twisted, NhanAZ for API(s) 3.0.0, 3.7.1, 3.8.1, 3.9.3, 4.0.0
CarrotHS 1 by BhawaniSingh for API(s) 3.0.0
ChatThin 1.4.1 by PresentKim for API(s) 3.0.0
CoinAPI 2.0.9 by onebone | Edit By SenKai Official for API(s) 3.0.0
CoinAPIScore 1.0.0 by Ifera for API(s) 3.0.0
Crossbow 1 by SonsaYT for API(s) 3.0.5
CuongHoa 2.0.3 by PIG for API(s) 3.0.0
CustomItem 1.0.0 by Phuongaz for API(s) 3.0.0
CustomWings 1.0.0 by phuongaz for API(s) 3.0.0
DEVirion 1.2.5-ALPHA12 by poggit, SOFe for API(s) 3.0.0
DailyMission 0.1 by phuongaz for API(s) 3.0.0
DarkOakWoodHS 1 by BhawaniSingh for API(s) 3.0.0
DevTools 1.14.2 by PocketMine Team for API(s) 3.13.0
Disable_TNT 0.1 by  for API(s) 3.0.0
DoiTaiSan 1 by pmmdst for API(s) 3.0.0
EcoAPIScore 1.0.0 by Ifera for API(s) 3.0.0
EconomyAPI 5.7.2 by onebone for API(s) 3.0.0
EnchantList 0.0.1 by Beeaz for API(s) 3.0.0
FarmHS 1 by BhawaniSingh for API(s) 3.0.0
Fishing 0.4 by benda95280 for API(s) 3.0.0
Fly 1.0.0 by NhanAZ for API(s) 3.0.0
FormAPI 1.3.0 by jojoe77777 for API(s) 3.2.0
FormImagesFix 0.0.1 by  for API(s) 3.11.4
HealFeed 1.0.0 by DafaRahestian for API(s) 3.0.0
Huongdan 1 by rbplugin for API(s) 3.0.0, 4.0.0
InvCrashFix 0.0.1 by  for API(s) 3.14.0
InvSee 1.0.0 by BlockHorizons for API(s) 3.0.0
ItemFrameProtector 1.0.0 by WinterBuild7074 for API(s) 3.0.0, 3.1.0, 3.2.0, 3.3.0
ItemNewBie 1.0.0 by VbeeMC for API(s) 3.0.0
JungleWoodHS 1 by BhawaniSingh for API(s) 3.0.0
KeepInventory 1.0 by KhoaGamingPro for API(s) 3.0.0
KhoeItemHand 1.0.0 by S2TwKen for API(s) 3.0.0
KitUi 0.0.1 by pmmdst for API(s) 3.0.0
LoadAllWorlds 1.1.2 by  for API(s) 3.12.0
LoadWorlds 1.1 by shin for API(s) 3.0.0
MOTDShuffle 1.1.6 by TheDeibo for API(s) 3.0.2
MSpawns 2.2 by EvolSoft for API(s) 3.0.0
MaxEnchants 1.2.1 by Xenophilicy for API(s) 3.0.0
MuaDetu 0.1 by PhanHoangKha for API(s) 3.0.0
MultiWorld 1.6.0-beta5 by CzechPMDevs, VixikCZ, fuyutsuki, kaliiks for API(s) 3.20.0
MyItem 0.1 by AnhKhoaaa for API(s) 3.0.0
MysteryCrate 9.2.0 by JackMD, DaPigGuy for API(s) 3.9.0
NCDRulesUI 0.0.1 by Nờ Cờ Dờ (NCD) for API(s) 3.0.0
Napthe 0.0.1 by hachkingtohach1,tungstenvn for API(s) 3.0.0
Netherite 1.2.1 by Wertzui123 for API(s) 3.0.0
NoAdvertisings 0.0.3 by YTBJero for API(s) 3.0.0
OakWoodHS 1 by BhawaniSingh for API(s) 3.0.0
OreGenerator 0.1 by phuongaz for API(s) 3.0.0
PiggyCustomEnchants 2.4.4 by DaPigGuy for API(s) 3.19.0
PotatoHS 1 by BhawaniSingh for API(s) 3.0.0
PureChat 1.4.11 by 64FF00 for API(s) 3.0.0
PureEntitiesX 0.7.0 by milk0417, RevivalPMMP for API(s) 3.19.0
PurePerms 1.4.2-c2a by 64FF00 & ProjectInfinity for API(s) 3.0.0
PurePermsScore 1.0.0 by Ifera for API(s) 3.0.0
RankUP 1.0.0 by VbeeMC for API(s) 3.0.0
RedSkyBlockUI 3.1.1 by RedCraftPE for API(s) 3.0.0
ReportUI 1.0.0 by MasApip for API(s) 3.0.0, 4.0.0
SETVIP 2.3 by MCPEVN TEAM for API(s) 3.0.0
ScoreHud 6.3.1 by Ifera for API(s) 3.0.0
SellCommand 1.2.7 by Muqsit for API(s) 3.0.0-ALPHA9, 3.0.0-ALPHA10, 3.0.0-ALPHA11, 3.0.0-ALPHA12, 3.0.0
SellExp 3.0.0 by EzMinh, LetTIHL for API(s) 3.0.0
ShopCoinUI 1.0.0 by LetTIHL for API(s) 3.0.0
ShopKeyUI 1 by VbeeMC for API(s) 3.0.0, 4.0.0
Shulkerbox 1.1.2 by UltraFlappy for API(s) 3.0.0
Slapper 1.6.2 by Slapper for API(s) 3.0.0, 4.0.0
SlapperRotation 1.2.1 by jojoe77777 for API(s) 3.0.0
SpawnParticles_By_MR_Zinkil 1 by MR Zinkil for API(s) 3.0.0, 3.2.0, 3.3.0, 4.0.0
Specter 2.0-FIX-ACM by Falkirks - fixed fernanACM for API(s) 3.14, 3.15, 3.16, 3.17, 3.18, 3.25
SpiderUI 1.0.0 by MCCreeperYT for API(s) 3.0.0, 4.0.0
SpruceWoodHS 1 by BhawaniSingh for API(s) 3.0.0
Sudo 1.0 by ErikX for API(s) 3.13.0
Taixiu 1.0.0 by LetTIHL for API(s) 3.0.0
TempBanUI 2.3 by SonsaYT for API(s) 3.0.0, 4.0.0
Texter 4.0.7 by yuko_fuyutsuki, mfmfnek0, onebone, ogiwara, Shootsta_ERU0531, Toganon, ShadowArt, Marron0421, No4NaMe, iteplenky, SuperYYT, SuperAdam47, minijaham, VicoSilalahi, TobyDev265 for API(s) 3.0.0
TheoDoi 1.0.0 by PIG for API(s) 3.0.0
TinhnangUI 1 by VbeeNC for API(s) 3.0.0
TopMoneUIVh 2.4 by PIG for API(s) 3.0.0
TotemJoin 1.0.0 by Shelly7w7 for API(s) 3.0.0
TradeNPC 1.0.0 by Free for API(s) 3.0.0
Trident 1.0.0 by brokiem for API(s) 3.15.0
UIShop 3.5.4 by SaltyPixelDevz for API(s) 3.0.0
VanillaEnchantments 4.0.0 by TheAz928 for API(s) 3.0.0, 3.1.0
WarpGUI 1 by BeeAZ for API(s) 3.0.0
WarpsPro 1.1.1 by nikoskon for API(s) 3.0.0
WheatHS 1 by BhawaniSingh for API(s) 3.0.0
WorldProtect 2.3.8 by aliuly for API(s) 3.0.0
customMessage 1.0.0 by  for API(s) 3.12.0
detu 4.0.0 by CLADevs || GreenJajot for API(s) 3.0.0
freeze 2.1.0 by Bavfalcon9 for API(s) 3.0.0
iProtector 3.1.1 by LDX for API(s) 3.0.0
onlinetime 1.0.0 by LetTIHL for API(s) 3.0.0
thucung 1 by NgMinhPhap for API(s) 3.0.0

----------------------REPORT THE DATA BELOW THIS LINE-----------------------

===BEGIN CRASH DUMP===
eNrtfQlz2zjS6F9BOVNvnK8sWaJubyUVx3bGnrEdvUg5ZldbLoiEJMYkweFhW5md//51AyAJULIO
W5N99SpTNbHYBPtCow8ABP/cm/DIp8nNHYtilwd7R82DvcT12d5Rvd3o1jtWt9eu1q1Oo9M42EtD
datrVXu1Wr1ZqzU7tU6j0T7Y82icnEURj/aO/txL5iE02xvCHwk72PNZHNMpQkNu37LEdwM2Gg1Y
BJSPjnTYn7bH4zRif+2/PCLH0TT1WZCQF3Wy/1Po0TmLXhI/jRMyZoRPCJIi+uN90eaAvPUAeM4j
9xsP4tFIXPZZAj9D8a8dMZoAGfj5mXsTuEWm7h0LgNdJ6nnvXE8wO6PR0eHhydHhxxhUdHhKk+tp
OmfB4SmLbxMeHsZ3h31B/grIV676VXzkMI7sw4KrQykn3AoRvULtY6OlDaGRB1eg6Y4Fek8iasPF
v/Ze1AgqZVGDldfLNcjHX5mdPEEXL4EFUPkKHveRN2CGRhGd34BMCcDExb/q/z4givKJ5ESgs5aj
89gd8w4v8d/9VqP7iHxjmtizPsUbsUam+DXm3GM0IIJUg4ReOnWD+PBqHgNj85OIJkxQ/hVwXJ2a
8DPo9+TSBUgAQliNXokJweJoJHisvKaO06dR4toeyxS8pHGomoxG7zxOEzeYDtlDkj1YcC74bS5X
jRTi8IolM+4IJs8emJ0mPNpvWsCjlGU00oUZjQxpKq95IPg+mdFgupRhhu3hT5C4yRweF3+1ZwQ+
wWZrJZsf2BSJRszJVdmtlTQpmwLHiyJVXjPxK+dxA+lyO3uaPO3l8ggE0ij2u91HJFiUtvLapp4n
H3sWW51H2BJPHMoH9+u9WrPEmqIgEElm9gW+7kb4Ou2y2ZusVl7H9y4MQjlSHzd8cV/Q7W1Gt9dc
R5clfR67CQSoFXSzJtJ11Tai3e22Nqd9HDgfeEI3ZOOAODwde4xYrU61We80m71eq17vFPBqA4Jr
s9tsdFqS53rutdA535zwSLosw30f5t77EJ334VsaM7jab9c7a0RJmMdCHiUb63ADh91tYeetiy+K
R/RFH0MHhvG+GyRsyiLSaLY7klhjPbFOt7PaMdtJCkY/P+VD175dQqO5MqBZVru1Er/zGN7WaryN
XvuRqGbPmH2LSKVaYgN3bilaKlbrWj1Js72aZr1lPUIzQRkkjs7qAN/rrcLRj7gNSR3EIomsuxpZ
q/uYEuIEgqJC8ojLKDKs/Ua99wiemxsbzC+JUjs3cTS8E0hN40tOnUfCRZq4HtjoFXWDSz6dYitA
AvH6X43av8nJ0WgkUr/RKM/94KdM/kaj+G40Ktp3N2qvBvloJLOi2nqRm2WRY6lUiUClafv1OrSK
2B+pG7F9xVK39W+yoxw2b/Fy799/Heyx/1+S/e2ycZBc9t+NG9xx744hw/C8GzigdjvZy+4DTE9c
AG5zh6HC6p16E+6OEvI/AIWrlroibyIGXAbkjruOvNVWtw7lZUdchuAVXJtM0sBGZ00Wc2OitBer
PBOu5W2ZJ5OfoOyz2WAe2OQVmVAvZtkN1/eZ4wLD2Y2Xf0rSXUF6lLiTfZunkOJkKF+SV69ekVrW
rqfajZJkFvF7ErB7MhpdBHfUc52sh88ebBaKQDraO6FBwBMSs8AhzA+TuZRntPfyHwKjVVMY/5KX
dXU5dKGPpvHRkZL1miX3PAJv6udORTbZzxBZ8KT81VA4foJWU5ABhDXqmEJ9mZL3pamR3CyPhML+
JKrLFLzy2o1PeBCAJTAHCJO/MuLNnHhrQZOKi5fkda5Hq53r8afwFvhDPb4tOjoXqpPj7eZPQO8y
as/yLiI0BgYzzEUPCdyqoBFIoZFE26jljaTaG/WMTsPKb4EESuvQC2+PhyfnN8PzD2eD8/eXp+Q1
GAWh0KngijwW7AtSIZ1DNeS8xLuPPqoYbTTKjEIydsL9EMYxTlbIpOCnZObGldeBRFa+DeL89aOA
/lFA/yigfxTQPwroHwX0jwL6RwH9o4D+UUD/twvog70pRjzqYUEYUFxV2zMwAGNj0H2xMLfXqFqt
ahvhqes5e0dWzeoc7LnxjcPu9o5kEbcXRjzhNge0zU4diLhYm07AbzatSXvc7kAdV3Oc+rjrNJvj
5njc7HW7tYbVa3YsOgbcqeLlM9Sz/D4m10Nyejy8/uXj72fXlU/XpF1tEEGf9No1SKazdtKEiFUD
n/fBIqAhyLhhKEbkzJEOkRxfnbabWB7PQiDQrdaq9QZcfoO6D66b2TXcvuExsnBxfT0EgLi4dwNR
Qfshhy648dxxRCOXxag+6sxAZHD1X2MeVKCNKsnr1XrVejOxrQlE5k5vUqPNJm1NWmPbotYY2Hdq
nbY1YTXW6bIOoHcoyAAVC/cPMfaPIX2qiLKVJjjVAcq5Dfh98Eb9RWaL3h27AY3mYixAUxAGxHlT
o2PGGqBsZnXb9bZVn1hty+70qEUbTrvXc7oUWJs0TVRLiddBQY037Sb48CY8026PbUo7rAUR2Gpa
rNuyrYZttVjXbrWoVUKII9gTI1jx1njTsCFyUqsD+CYdKOps1gU0wFSzZ3Wp1RvTRrPWa9dNTB6f
CgxWtf6m26iNQaOWPem12aRTawBlFLjdbNSsiQX/NOo2bfYWMFTCZAYFk5MpqvmmBrqp2Y221bUd
SttjwFqvW4B50rRbDnRgbdyy607DROXTZKa4ab8Boq2OPe7akA/RXrfVA2MH827TTrfrjHuWNXFa
9sQuoQjGSSZP901v0rWAYaczgT6xnR5ttdsMxkkbdDWpd2mn3epQ1i0pt/hZ8cN8nL7ZYtBpyCJ6
C7Yt9QI8WW9aoFDLqjUbjZbFetAjPdZkzsRmk9Zk3Gg3m61O13HsUjfFAeffmFJv+00P6EzqDMja
HYiFLafZbtPxuNPpTNr1SbfHWrRn93q1EpLQExiaMIra41p33LEnXbtJJ7TeqTfgAVofNwDvuFnr
thp1h9XBWv7KJ8jE2Dy2qe3Sz5w75wPN1Rngg73CyaEcNIXSJoqxXn87o/c0cAfgiWfoNGnoIrgB
Y6GG1yygEN/Bf0DQAu/nsBC8CT4J92I+SU51gE/FrJxOGzIrjcJoVNzDST8YMOiW3w+Gn99/uDwF
0D0bQ36HEuC0wrF3T+fxIKTgCzTZNKgumgVG1jTF689czw3JAP54wMCuJAwF2lhhHY2o4ChGjiAV
k24gF28wPP4w/NhfFA6S3iHn3pg/6MJpUKPfqjVTtHfUhUxg8PugLFTl+LJ/foyK0C5b5mXbvOyY
l13zsmde1mul63rp2squ4W/zOWrORQS7KdRiXKyzolmShDGkFhCnZ+m4CrHrMMd6qOPBDknFROQ5
T2Om94gONrsEPJHZKQMIlLe91oPRJ1ZzWxXsnUGeyP35cf8C8F8EdycRjWfvXIFXKSdWpMD6JIMz
ZBCUY7K7foylCT/xGI1OZhB2DbmNG+ZIWzDHc/qNRs6QUd+Uvf707i9QolQ6M+XrJ1hBgfywhEvX
ySWdTpepRMB1jTQWNTK8x1kXZ1c+J5HosLshAUUmPGBC04TiaVtFKDaP47mX+lcnhyY+pYyzL/2S
GhCiK6CG6aWpgA/peD5kfuixXemgwCjlBiZkWbSpocNQKsmBkAU5Sj2J03zXnEfOLHXjXcnyFZAG
GVLZq25wJ+WSTG0k0YB53seLklAKaBporWyglywZXpxfGgJ1waM9USCFbrsOWbCrklnVF8eVnHTd
VTdkU7iS9mbMLxlFas5eSQDCvaWGMxWXa8bL78O3v7KIA/CXGY0TsDjMXX+jrsPJr5zhJMTOfKui
NRqNKbrTTbvsLY1de4C1oCFbDjS7zipLeDGB8m+rntsTeM9T4UYfE0agFXN4io8tBGIsiThPjORZ
A37n1LmgXE6cszubCZUkLDqNeBgy5yJhfmwIt3CzlGeWe+2UhhHH9ekdCZnhQ6HKvADs9GLzzsPH
P3FculqQUIFN2dp/a4geZiFa58C82kgsN7JnCxWdDv3eVlmQXjDL7NZGgmWz7rpYOazs9hslwbQZ
fEOweu8Zkj26LFCu4tZINQjckEVluRTUjMPWKslQDQMaAOnkjuy/yX7iNOrJLHLjSj9yfQZ38G8a
X356aYaErSuNq3nfA6+yWiVSjq2UEtE7SCOpXrcXsFJXl4JE8s25G2Nbs5u3r6L02JGFihw5iJbx
s0W4iKCFTXFV1RCsgJqitUzRzu64NwAedzYwC8Iojs7FismHLH25v7+vMuAIsVcTUfi8xZlnFmFR
bAxSHVyO8aX07OQbs2f9q1N2h00/uQ/u7bmZrdXbT5fYRuyh7wB2yF0kWwmyBfKbTG6bwWl8Hxqo
hFoinDLA+R0WmYoxbpgJXr08G3XO3JgFY/FMu7crIzCxoh50np6c0ZaYFVqY4xSELr0ArIhGWYA9
2Lue0eD4nwsy40xRpypnkLrqb084yGfNHEnONh/XJzSKSklgDvrOwTajW460Er6RMDOaDGeu7npz
kDl4m2Xf248YdHrym+vvSpxb1x+NQol2NLKBj2SGm1M0jtYLBJUxToVp8iiIOSlVq/ZMcXjAxvA/
+Y9YJCNv52TAAiioyPvJxLVd6u1KSkUIBATGACHIl3O4qXjlssoAl1P02u4Kq0K/60ssnactRlfE
43jM73XhMtCK0TWABIT+PiyJ1XpqHyl0IISivYUAKQ+m55zqAmSgsgmWkrv+xS878wzn23AcJ9zH
ksrgOQeusaf+DMWj33bGek55WxE+4xbkBRkkdI0Q4Y6FyPCBBRVMbJMUn559ciPBbi5ODipnVS1t
MUWXiU9xywEUCe/f7WxaVSIdje4EK6MRZFfql8bemtWsU+p68ys3jkvy6eBSevS9ekvnAcwvZ2Z9
f9Ho9j29XSjFTfh3zg8M4uUkQbu5kYDsrpzq56BSjdYsL3UVm2nIwqpPvfEM+RQDuCXprpTMr6pm
tNS1YO0wx4HSujGyczO8HuoCa9BVBrqr7pPkgFrZEz46srg7pO7AKKUL2ArrC33fiXdWazrcTSgw
v0W1fGbzJXmNDv1b0xptEXV9ZqNxtZWAGQVDvmLtthCvBXWOtTQ93XkSyiQHIg81uFkvUAAZuty8
rkukQdesYbxlbHcunEm6m/fHOxr5hqdWgO/soiXVsm9G6EZCuPHMnNDOIKbuS5MLY2CD9lpWt7Yz
MSRZ4Dynv8ZVvfPmOttwtWaAPzIr8FSGvfkWtsIj3xy4GaS8x6PE81f+lbMO/ve8qVdtKTjHCLqW
TOQ/NhXlwqdTFpvzMyZ89cg1wjfOXD1RFj/9I8ZcEo+9cQXtyTYTMeeMeu8Y0sylyEFrbOmUTugH
OmNx4tJgd9mWhnQ0ynjZQiDMQh0jeOegFW4pGquXXBcnzJ41MTZTtH2sxLKLzaXRtyIVAunQLays
+XQxMitzgzsbKQsb27wQA4YHjJkSIGCNhZkLNbuawzfXWyQnWwkDVfW7COToRzxhdsL1pYklN9cI
+Rlf8IjEDHin1mkunbGtq7+W+vuMdL9EDhSwwPEW5gnPXrP7ty4rqUAB14j+aczY1cmuOvYOsPn2
5sz/mgZTjy0Umwb4OycyOu1yOlPc20S43xgLwbRZAP2p5wgmfOWG199mnP5C8X1zsIxdSWggHY0M
djbvOsDC0MzOaaBHLgO8xvYG1vD+NxbsUK6c9KaF5m9u8tHV2RfXaxL+3RaZt26SQtEikUJ3uBst
eKCvPPa8zzzyHH0uw4SX9xdYj0emZ+RytzwAY7I590YjZJx63r2gv7k1IdtLZVkuiNkfmKnvqjcK
mpuvIuJMjB3eBdWEhyjM1fvh6WCWTiae7pN1aLlfynt0ZuyUuePyiH/yNkWN9KYD40ospuq9kUFK
rx/8vav9iihwnVN/2ir/FX1QJb0hkwZds4/vCwu4eAfCnu9KOA0ldkvOinGxyei5SukpS1JdMAVZ
Of3cBwLnnAbT32Z0Zx0mCW8+8q9SL3HFiDPYz4GlzWzVWmXMEtpauwHj5J/i0M15msTpLbr0W+q5
7q2Zw1q1HW3L8JFh4fRAcp3552zJ0BChoualpS0FWNnFx8EMwz3dXf/Ot1vRMo4r0nk3TjEqJOgt
7q5Rm59xbaLvTn9JzfHXe/4+aPMoi+fthjYEA/mvT04/pB6Ljf3qGnBNqnE9SuvMcciJ+nuq/u4D
ipe7e8XAY1vE6msaJjO9MxVgjSgzas9uIU9IOP6qHySQTOMRHXc7i90lCqORZCz7u5FsDBpGrmGr
BWxNiPjMouRb6tatxq4kKjCCEBkbTzbRAtthIRMKzY8dECxx49LCc+lGuYMby/fy70j2fLu+ycXm
drpsGfO/toT56PLlFkuX7yP2i3jB35zvMMD/pfVmnYdtJnLAoU/ncmvBkvRs2V0z/WyWlwSWxojn
bJfOEI5GS7hZCnzCyMyIHC5Bdyj0hEfccMOUc9B3tuSMbtmQJXyjTk8jhnvhdGEy0MJmvZJE7ea7
d7XtlnsE8j6L/HhxTXTvHRWvjsZ98RLSF3bn8jTun1UyuLaP+kbSBkkVs8WvJ3S5YCo7WChDo5Qj
zgZyWfylpKECbg7zTjll8l3vttas4zvOH0CkO+r1r676OxsTkcQZ+n44GoXAGFOMSY1kbG69iUHj
9dCUVylG9qKpFAkr241VsS26zHTI/yHQ13jezEUwcQM32Vk5Z9iH4Er7uQMLkXh0TZS3GZRu/K07
DVYMqoWNBiZfm0fwDzS4/ai/LakA/5U57Qhop+EWzDNncDsXSx1G8m/Cyy9Ul98nZg6UEpOkf7az
ZD/HiKfl5ayMRtmvzWTDI8tKYinQms65ovFx6Ia7XuSLBHnoJfV38xRkcDb8dKEbmQKYiUYp1706
6Z99uibDs+OrnVXWAiUenJV8csONOM9Go8Z7MUAL7tvVxvPfSl0/yjPaxa+NhGCed8J931xG0KHl
qqtT6gqxLrr8RJCnH+Px1A3XwPey9YfV8p89hCXZEbLmVfazb1duMDsgy15pf4YEEu1odPalP5jx
Lfwdtsa98oZX0IBr/MKOxfBZkG7H+29svsC6hK1IsB8JNZs4M23vTfHihDF9tGqti82Rv48X28iY
ercsMo/e0YCr14r2PnpJRN95NAx3ljBpKMFnSE7e8i12zgzwWeO1xAxSnjUun1mjmu04CMUS7dYC
ZAeYLgqS31kz9fTIBq3neDKTgS1kwoWa7ETl+Obt/Obqw80/3eDW1c8lXNVqxXi7+kBUo2V7NPS9
Gc/sSpO/baTHU9oNk1SQ0kszlXcXXyrHJ1flE668Wze6jUmFTNwH5hAIrQENsJ25j0juSZFHXNXl
0VZ1eaRVXR5lZW350tCee8KDJOLeR/3AJck7jM5ciG2rmEIAoR0XsjLTzWagdXnjyQnUmWCRC29H
7aCvJQvb9HKU2ov7Vgzwd56W0WmXp2aKexsJlzpcFwovV+5SOYvc2y87exlCYBuNYiC7eYcMqfvg
6gugCvB9kw6bj+kWu5/wWKe31EyYCtjK+mP5e4LPHwnZ+4I5G9tI82A6PgXQ5UDmSun7PL3lN/o6
rT/xJwG7RVmylwXg19S9pxFO6EDaw5M4oTdnHz7WWg0cWUM+pYGIkYMZdfj9cYQTclf48nBQa1rY
5Jo3r+kVYgKGQ48Ft7jzapCiP/l9mP08dqjfRP58N3C/0hn1xWqyzQeuRz06cwWx8fyU3Vnt1vOs
Zg/f1Zl4/F5zt18h3fbtMRuNcoVgVzwkm+YUy/xvhulQ9Qd21YzxU67ve8og696R3N2bnbbv4IGi
Il068Z2B/L2RoUF9AiFlao6bArgmXb/e2cxQomhuMUZ4eAUG/fHi00znXYOWljf+NvVTGzedJdsU
eEOeMP9XbrxkX8DW7fWbQVU779zvLD+NM4QwQjImtpn2GUbQ8rp/oguTgdbI8g4SkZ2dn6RobtEN
EWQrQWLwLSFr2B5H/NZlpbcWW09nXeED/Uv6o1H/qmBlrRwfL7CC1cRQAHPao1UeAwPqJfM+5MYe
eOHtVjI3fDtO8rF5h3yCRMvzqFqvw3PC9SWKZXfLIbG2sP3v+FvP6j66D/2pM9mSFTzSIGJPOTZT
8XW4TCZQxGcahb8YXjmDrMqFGdvd21CK3mg0xnfyNu9CfE4sAZqsq1VBc16kxH/g3vL4lge7FCEW
G7M1DtYLMGPUPMslg3znMkSRLVcgAryRILjdTb0GoUujg0uZcbVrikU9N/V2NkklsY1GYnNfKDnY
ZBPtkvFzlbrRxGWeox/vnn1cJoGgcuiLo6wODWlBKbbYEHCVfQAx14oJX+3+d7XZm+IntG5vk4hi
vDU42Hy8OeZuVae8VXWJUzy5PMZNkeQ//yG/4ILzr/Qr39k2Y4UcT0oItprsmgAr3/QuUYA1J0e/
pXcT6kE02tmJWAVGKB4ED5sL4S57i8pd/vbUkjXKy9MvO9t9fwqVv7vlW1BLRhrgqeB62qEmxV9Y
T+I3NxPX13tMA37f2QJJePNuAuns1HhJOoOs8PHXU1zO6c9ouF2qVCxOGG/Tb3BskmJqU7nw0w4U
331LWPmQjeybN4Ka+BZMFRxwiFsB8SMtey/6+RU54cHEnRL88OooGgUvBjQh1/yOWB1S7x01a0et
Gvl88ZZYNauODXyeOK/IKK3VaIfKP16+Fg73Jb0KLia/qvdwAyYA72fAdcVz4+QVn0wQgp8ZTQMb
3bj4Uie1Zy6T32+NX4EjQUw4k1xRkQP66FVN0KcP6pn4lSUgU9CBzx0m74tvqVZymCIHynBwbTW7
Du9CRcVx8XivFHLjV5bAlu3Gq8QswVNY41cIFp/OqqD5vLrk4/G8gMWMOVoT/Cruq9Ozd8cfL4cI
lZZS+SNl0VyRVKAI7CPjB39XQxrHEC2dV/8j/gMlpQmvxPSOqQfvXHZfcUCLFDT3qoughzF/qKDZ
qiYelNUphJRXDCwJro2PiFTnPn5E5AVBCyO26Pk0EssUwgAIKI8YZgQGQSB7jRnJtEFoxEgyYwQK
7xh+gLnY8puxY0bcwPZShznwgywYHuIacF9+O3gRZ0wn7IBw3F4bI0oyjhi9JXOeRgoXcScEOtWF
VAApQH/iN34hxwDE1+w+R3fosAmFHo3JPQ9+Tgiux9CIoDZ9EBY/6DNHDvFbpVLu+xkLSBpOoaYE
BNVRgHYskR2NAkJeQBqGjJGEy0/jAgr1mSzQQUSD2KMJMCVuC1ZhOFBADPr0WCL0hQcl2YxA4u94
QoM+YpbmmvXakfzKL96IZ2nicBgA6vPNR2S0p77rhN9DZc5oT3B27Hn8nuDQAmayL+6RO5eS/4sm
h22E7WX50hFBlyUePRN2qJ4RH4fFIUKgx0ApiG08J0qV2F6ZbX5bY/bFZyhrwCJAr9RxSMRiqX5U
K35cjfiM4odTxfekQeljhkyDctgfKfVQbeID0OSOeikj+4oo+JyXiF1ShAEjtqhUQO34XbMjuC1o
X6f+GLQCVnUczwN7SONbgl+fBTuqigYfY1wPAmqZpNhsFoF3TqH3oHl8QESWStTgF987tIuP1wrd
gO9FmJ8GYEHYRCIfiO4FmcDKIv7ggoUxUAOIJCw3yJlD3SqGLiZoq9gGbfKAuMnPoL4kEo9BToff
dEOTKT1M9kGGFMaNJdQixKgoSY8EqrKtUmEcURrge4ZogaD3UHSCOA41rhLI3tRv4rvTGQxmfEX+
QB98ynBQI1GUhomESoWhYnzgTcklOhcGpfjqlyMHBMXvZwPbyzlAG0Gb46BosK6qZmjQuCIb5ZY2
wrMIeDSXg/IXj4/BejCeEgmHceC7CY5tn03peJ6AxslAqromlCtPVBKPD7HX7l2heWFRMGjvKxJR
ZmSxkHDiAovgkcQXSRENJooZSWnk0FspDlMy5dBRHIcpWgUSmgo2K4K1I1JDKYC6cMHyy1v/z0uA
Ccoq/jG6Po9/KIZCwYJynzlLCl1MwH1gfAS/lzGEVDOu6jWrqRgTTuCzGBWKv/jnHXAoxoVgCT0G
sVMIPgEEHyI/84vWzSXLckRisMpbswcbsoS4kEg6rvfDsyMyPL8YkMuLq4shOe73Ly/OBqR/9oFA
yvfb2YcDAo3I8D20OiOfz99fnpH+h/cnZ4NBtewCDH1YrbZSR59FLhcBGR1xjAKKz3Rm2sidbR10
DymBI3yLaFLBzTTSzQpUuM7tBuCgwZpQ3seMTRoZ5HwYAANspogJzBIJuN7CkcuIJGi8xxiCcV48
UF1sjbagsm/otpDZmA5IzSK7sl/ls7kMYF4sjAtRGzUla/xyOUtK8oaSfEqjMYyMis09T+aiwgEt
164YasiOeoqop8B3+zQQX3Q1OIHELAUbfHmQxYSyEWZmKMPrZAK4pLx+MQSr5L30+dLgIXvgqefk
vLgQRO4DUvAfS8ShYB8EbddqSlag9k44i4UgKUxHYshlm0Tcz4KtfFq1qOimqfcwSqN6csE2yBKT
MqxjkCWMttxyIbIUZchO6ocyu5IpHFE3Kngj669TbKQeELwLNjMJ4ArCPAx2ukTBELQh8AGFOzCy
OE4ZOoZkBr02zbJNdFpIreDqIOtImSOopLIqucGmj+oJ6xwbvzEVZ7yf0BChrp/6EGPxrH+S1QLY
kURWRZKLQq84XpQqxYhZtDFItkPFkSBYwSw4haDbzHvslMtbZZvG3Ai9nsQvG2dDSOJSDXXJROZQ
saHiY7lseNKhyFUgfUTtAXcywZBYQoo1CZHPSAkL6eAxpU8pT0YZGxfZLioQv1SV4V2NapUdjoKA
JdhhRypEQGo2455MMcc0sWciExcsQ9YEJqSCjPBtsvJRd2VoGbM82ZTh7YXeS9ktdKvRHA/Enh6Q
Sl3rQNF5gnAlyZhRIUB47SKPFSUqppCOlBxrGZHo48MAVGxVyTnkgmBLr0RyR076Hw/gWeBhDOPr
3nXA7EWuIL1njr8i8B+RdpZ2Fxl5LLSjta2SYwcc1Yx6k0M8dluUCQ4DG1akgCjBKRA0MG0gFmFP
Q6aXImcP6NUwxaRelSATH/tBP0u2iwIQawlk6h7CJj6YhkFYUdel6uZKjbrY/cby/sS0POtGPLA8
S5kgbZfmoYXWZs+SD72skr56xqN4Wj5W0KoSVbYgKE4iOkURoE9AbXHoiYwFy0sfmMfBTiPspxPP
xRkTUS/jt5JZnJCr4UfBaQwiodjjNCFYn4uuLMjJ4qKa+Ro/SSv41JHgFq3cYeN0epQVLK9JHQsV
la7NYKiK+0SVp7EsqNGSg5jLwKWsoY7IpHOS2E5mHApYtMCsTmFZJSo8mEMTSmJ6l3lKnAHJ5onw
nlbCAmNiBk4mLGo+4it3A1kMi2min8mXMX9Aq4/IxSnZ//Lx4vQlyAwmDzxA+3tw92Ek32ADw8D6
JYLipVpkgGAJXDQRyg7A0r+8vczwq9pGg/wsiOFkkQiakH1gkSvCsJCNZ7MjKoRokziTiSAL99zJ
vPKQuk4hLYU0BZwbo0nmNkF8+anprAoQFaRiFMwGkk6RkQXcxk+bimfBaq7oHCwGK0mf32VFOUY0
FQaEK65k9yTJuHCA2byXPkEyFDMc0tzxOD+ayL6Q59lI9tJYzbTYMJAT6erUMxX5zBEJIUe6cz0k
I924clGKCsYhGkzzOiHAx7xyODzIWhkTZksnpWQnH/s8xRE8kfFGDWhUpepijK/oocR0BJgh/hYB
Eh7+IMKl9rAQPGCy/B0ziWzMJjj+xKSmiHCzzN6FiYu5TiPwSvGRUC4++CFCy6yG8sP1QI1BTFvG
ZW05mzQCTGAf2bADZrOH8W/OTUOMZZwcqKQh2C+LNd8oPi4pCInpXX1ongpiY5wYjoUDQn2yCHua
yA97EyUdUZMpWQAXzxiiA74KscgLMoUyLC7UU0zY5BqqLqpIuaZ76oo6DdwkFDGyb0Iepl5mjOoC
I5looxxiQ7hDkeBXQuXEMJagX4Jgp1JnMVkrp6iOVBDHGTVRNkqwjIGqv/Cw1HyuQxvkaO8Q2hxW
AuXDzQSHM8g2J1zrERhlFbmyk7eccewZwUoV3z2tulxwDI5s7mPZE+Ne9RgkjAvWsZZT90lxX4gg
nBidTiMooOVkmZpZkxMISURFzxnyCf5gBL8/fX8E+qgoly8jHzqFeyZzawpD515QjAXjhQACVtWm
syHQ5pqXpik7Z0Gp0KHyvjImiPH4bXoRqfQUUcC5rjrIugO0E23m6gD8YzijBwTP0xHhOcmzMHC9
ExZBpl1BDxRg+JN3s2glYwU1ZsLUGpQWXlPIOCGSCy+WOQuFUPS8vJ/RWOhpKave1YnrF75axV9E
iu1xJKBrxp5Fh4kExRSfeiibzq0WBNQdnUKmzdURXrlt2btyVGgzJwoHoE+UPrM5kpkCCo+BRY7K
m5XHwClnKE0ckTi6kxwRVB8giFxfQA+UTRxIHwf4lIvMIhv1XBqrqgQSSYpfj1VXmPIAj6qvjrJO
k/fAbnEG64j8S+QqED8PxJTWvxGpDIF5mNTXPYQYmDfi7i85aZAtP4nZgGURSwR0EaFjkR+LYhMP
PAo9psKtzr6kK+DyJ8EFK4wKMnoVFI/Iu8vj4ZH1j85Bq/dQP2g8NA6sf9T/4WA+JMb5Pu61sNG5
vurWpCuWV83WS5nkySUGvVaXIxxjC+hYTaWJ1EPMhUGv2XNcSUntJI0yp5wVKFG+OCE8DuCBUGWL
xZ84U1glW9gAW5DZ7It3wtUIUqK9gSQVmYKE3GiQikgttZyPh6K8ZQ/g+GJV29m3WB3Eoo4BjYxd
yMvnMocT7VBeYAUqDxlG5JiRUgr8kIxEua/eO9jDncVBLM5LOPpzT2wvO9rr4hlAuG99bENONNMh
uKgUODQyYNy/cXgCztCA4kKkAUgjT792xMFSxfXE9cQ29AIy9UP9cgbhQ792YZTd6YCvsVhIz6/9
sVwiM2Aw4vNPnuHLZZibgUCO3ii0TT18YBM126BDYxEIYhMEKYuvQwb9S4P8PP7Dwxdms18kv5Xw
WxZAvDdU8PCgpK6p7RtzKpZQLfUm2Tc3lLvbeuLzfd88d6w/DpcPvql1juxZtVqjXrfwLdv+6XtD
dIffCNbKQAC5ZoeBQwji2Gg4cHHIf7kyZC5xAJdYR5fk9L17PNXIAIZqNlHbV9SflWwPE6w0cb3Y
EkqS70u707EbUDy7Vbxbhm9ZiZrBGatGiMqO5mHCFcCSyoJqwJNmWVN7f4pof1PQ0u7jwiAmQIbd
Ogtd7hpWIlTZ0EFQ86XCn09TaYsZ/n9iEve+L6aLigf++ut/AVZ4/gY=
===END CRASH DUMP===
