PocketMine-MP Crash Dump Mon Nov 29 14:35:29 +07 2021

Error: pocketmine\Server::pocketmine\{closure}(): Argument #1 ($player) must be of type pocketmine\Player, BlockHorizons\BlockPets\pets\creatures\OcelotPet given
File: pmsrc/src/pocketmine/Server
Line: 1723
Type: TypeError

A PLUGIN WAS INVOLVED IN THIS CRASH
BAD PLUGIN: MysteryCrate v9.2.0

Code:
[1714] 	 *
[1715] 	 * @return void
[1716] 	 */
[1717] 	public function batchPackets(array $players, array $packets, bool $forceSync = false, bool $immediate = false){
[1718] 		if(count($packets) === 0){
[1719] 			throw new \InvalidArgumentException("Cannot send empty batch");
[1720] 		}
[1721] 		Timings::$playerNetworkTimer->startTiming();
[1722] 
[1723] 		$targets = array_filter($players, function(Player $player) : bool{ return $player->isConnected(); });
[1724] 
[1725] 		if(count($targets) > 0){
[1726] 			$pk = new BatchPacket();
[1727] 
[1728] 			foreach($packets as $p){
[1729] 				$pk->addPacket($p);
[1730] 			}
[1731] 
[1732] 			if(Network::$BATCH_THRESHOLD >= 0 and strlen($pk->payload) >= Network::$BATCH_THRESHOLD){
[1733] 				$pk->setCompressionLevel($this->networkCompressionLevel);

Backtrace:
#0 (): pocketmine\Server->pocketmine\{closure}(object BlockHorizons\BlockPets\pets\creatures\OcelotPet)
#1 pmsrc/src/pocketmine/Server(1723): array_filter(array[1], object Closure)
#2 pmsrc/src/pocketmine/level/Level(538): pocketmine\Server->batchPackets(array[1], array[1], boolean )
#3 plugins/MysteryCrate/src/JackMD/MysteryCrate/EventListener(239): pocketmine\level\Level->addParticle(object pocketmine\level\particle\FloatingTextParticle, array[1])
#4 pmsrc/src/pocketmine/plugin/MethodEventExecutor(42): JackMD\MysteryCrate\EventListener->onLevelChange(object pocketmine\event\entity\EntityLevelChangeEvent)
#5 pmsrc/src/pocketmine/plugin/RegisteredListener(80): pocketmine\plugin\MethodEventExecutor->execute(object JackMD\MysteryCrate\EventListener, object pocketmine\event\entity\EntityLevelChangeEvent)
#6 pmsrc/src/pocketmine/event/Event(88): pocketmine\plugin\RegisteredListener->callEvent(object pocketmine\event\entity\EntityLevelChangeEvent)
#7 pmsrc/src/pocketmine/entity/Entity(1904): pocketmine\event\Event->call()
#8 pmsrc/src/pocketmine/entity/Entity(1769): pocketmine\entity\Entity->switchLevel(object pocketmine\level\Level)
#9 pmsrc/src/pocketmine/entity/Entity(1794): pocketmine\entity\Entity->setPosition(object pocketmine\level\Position)
#10 pmsrc/src/pocketmine/entity/Entity(1885): pocketmine\entity\Entity->setPositionAndRotation(object pocketmine\level\Position, double 9.2954864501953, double 23.736892700195)
#11 plugins/Pets_Core/src/BlockHorizons/BlockPets/pets/BasePet(617): pocketmine\entity\Entity->teleport(object pocketmine\level\Position)
#12 pmsrc/src/pocketmine/level/Level(854): BlockHorizons\BlockPets\pets\BasePet->onUpdate(integer 152082)
#13 pmsrc/src/pocketmine/level/Level(787): pocketmine\level\Level->actuallyDoTick(integer 152082)
#14 pmsrc/src/pocketmine/Server(2265): pocketmine\level\Level->doTick(integer 152082)
#15 pmsrc/src/pocketmine/Server(2396): pocketmine\Server->checkTickUpdates(integer 152082, double 1638171329.0584)
#16 pmsrc/src/pocketmine/Server(2152): pocketmine\Server->tick()
#17 pmsrc/src/pocketmine/Server(1992): pocketmine\Server->tickProcessor()
#18 pmsrc/src/pocketmine/Server(1586): pocketmine\Server->start()
#19 pmsrc/src/pocketmine/PocketMine(319): pocketmine\Server->__construct(object BaseClassLoader, object pocketmine\utils\MainLogger, string[30] C:\Users\DatNguyen\Desktop\sv\, string[38] C:\Users\DatNguyen\Desktop\sv\plugins\)
#20 pmsrc/src/pocketmine/PocketMine(349): pocketmine\server()
#21 pmsrc(11): require(string[85] phar://C:/Users/DatNguyen/Desktop/sv/PocketMine-MP.phar/src/pocketmine/PocketMin)

PocketMine-MP version: 3.25.6 [Protocol 471]
Git commit: f95142f6b677180dd1b8d44b4bb49880329472ab
uname -a: Windows NT DATNGUYEN-VN 6.3 build 9600 (Windows Server 2012 R2 Datacenter Edition) AMD64
PHP Version: 8.0.13
Zend version: 4.0.13
OS: WINNT, win
Composer libraries: 
- adhocore/json-comment 1.1.2@fc2f76979f0a44a5f5bc2a2b600d0762fe0e78e7
- daverandom/callback-validator unknown@unknown
- pocketmine/binaryutils 0.1.13@0abee38d4e2861621f262c79a2a3d699d8a697f4
- pocketmine/callback-validator 1.0.3@64787469766bcaa7e5885242e85c23c25e8c55a2
- pocketmine/classloader 0.1.3@3c484a27787f7732ce842ed694928a29ba340961
- pocketmine/log 0.2.1@830b44a2cf96ef703c550abe64302f230231ca49
- pocketmine/log-pthreads 0.1.4@01620c3628cdaa6b4a21122cff4c5d2f70b5c1d3
- pocketmine/math 0.2.6@43057cb8c179a9859677b496a788db922fd5cfc3
- pocketmine/nbt 0.2.18@9f82ca4d7f97fcd9a566e44b63c4f18a7657ae82
- pocketmine/pocketmine-mp 3.25.6@f95142f6b677180dd1b8d44b4bb49880329472ab
- pocketmine/raklib 0.12.12@5abe22043352e94099e4edfcef5fb3644578ddc1
- pocketmine/snooze 0.1.6@92abf1e988c71635d466abb777f61f89e5a9c990
- pocketmine/spl 0.4.2@6b08b7cf8c4afa17139c9a1b3bf1b408531de161

Loaded plugins:
AcaciaWoodHS 1 by BhawaniSingh for API(s) 3.0.0
AlwaysSpawn 2.2.4 by Philip Shilling for API(s) 3.0.0
AntiToolbox 1.0 by FaigerSYS for API(s) 3.0.0-ALPHA4, 3.0.0-ALPHA5, 3.0.0-ALPHA6, 3.0.0-ALPHA7, 3.0.0-ALPHA8, 3.0.0-ALPHA9, 3.0.0-ALPHA10, 3.0.0-ALPHA11, 3.0.0-ALPHA12, 3.0.0, 4.0.0
AuctionHouse 1.3.2 by Shock95x for API(s) 3.24.0
AutoClearChunk 2.1.0 by HazardTeam for API(s) 3.21.0
AutoClearLagg 3.1.0 by Twisted for API(s) 3.0.0
AutoEXP 0.0.1 by RubyTemple for API(s) 3.0.0
AutoInv 0.0.10 by JackNoordhuis for API(s) 3.0.0
AutoSellUI 3.0.0 by LetTIHL for API(s) 3.8.2
AutoXP 1.1.0 by JackMD for API(s) 3.0.0
Bank 0.0.1 by YTBJero, GhastNoob, Kaido Joestar for API(s) 3.21.0
BasicScore 1.2.1 by Ifera for API(s) 3.0.0
BeetrootHS 1 by BhawaniSingh for API(s) 3.0.0
BetterDroppedItems 1.0.1 by Dapro718 for API(s) 3.0.0
BetterVoting 1.6 by Twisted for API(s) 3.0.0
BirchWoodHS 1 by BhawaniSingh for API(s) 3.0.0
BlockPets 1.1.3 by BlockHorizon for API(s) 3.19.0
BlockSniper 3.2.3 by BlockHorizons, Sandertv (@Sandertv), Chris-Prime (@PrimusLV) for API(s) 3.2.0
BravoClan 1.1 by Itzdvbravo for API(s) 3.14.0
Broadcaster 1.5 by EvolSoft for API(s) 3.0.0
BuilderTools 1.2.0 by CzechPMDevs, VixikHD for API(s) 3.16.0
BurgerSpawners 0.1.4 by Heisenburger69 for API(s) 3.0.0
BuyFix 1 by Twisted, NhanAZ for API(s) 3.0.0, 3.7.1, 3.8.1, 3.9.3, 4.0.0
CarrotHS 1 by BhawaniSingh for API(s) 3.0.0
ChatThin 1.4.1 by PresentKim for API(s) 3.0.0
CoinAPI 2.0.9 by onebone | Edit By SenKai Official for API(s) 3.0.0
CoinAPIScore 1.0.0 by Ifera for API(s) 3.0.0
Crossbow 1 by SonsaYT for API(s) 3.0.5
CuongHoa 2.0.3 by PIG for API(s) 3.0.0
CustomItem 1.0.0 by Phuongaz for API(s) 3.0.0
CustomWings 1.0.0 by phuongaz for API(s) 3.0.0
DEVirion 1.2.5-ALPHA12 by poggit, SOFe for API(s) 3.0.0
DailyMission 0.1 by phuongaz for API(s) 3.0.0
DarkOakWoodHS 1 by BhawaniSingh for API(s) 3.0.0
DevTools 1.14.2 by PocketMine Team for API(s) 3.13.0
Disable_TNT 0.1 by  for API(s) 3.0.0
DoiTaiSan 1 by pmmdst for API(s) 3.0.0
EcoAPIScore 1.0.0 by Ifera for API(s) 3.0.0
EconomyAPI 5.7.2 by onebone for API(s) 3.0.0
EnchantList 0.0.1 by Beeaz for API(s) 3.0.0
FarmHS 1 by BhawaniSingh for API(s) 3.0.0
Fishing 0.4 by benda95280 for API(s) 3.0.0
Fly 1.0.0 by NhanAZ for API(s) 3.0.0
FormAPI 1.3.0 by jojoe77777 for API(s) 3.2.0
FormImagesFix 0.0.1 by  for API(s) 3.11.4
HealFeed 1.0.0 by DafaRahestian for API(s) 3.0.0
Huongdan 1 by rbplugin for API(s) 3.0.0, 4.0.0
InvCrashFix 0.0.1 by  for API(s) 3.14.0
InvSee 1.0.0 by BlockHorizons for API(s) 3.0.0
ItemFrameProtector 1.0.0 by WinterBuild7074 for API(s) 3.0.0, 3.1.0, 3.2.0, 3.3.0
ItemNewBie 1.0.0 by VbeeMC for API(s) 3.0.0
JungleWoodHS 1 by BhawaniSingh for API(s) 3.0.0
KeepInventory 1.0 by KhoaGamingPro for API(s) 3.0.0
KhoeItemHand 1.0.0 by S2TwKen for API(s) 3.0.0
KitUi 0.0.1 by pmmdst for API(s) 3.0.0
LoadAllWorlds 1.1.2 by  for API(s) 3.12.0
LoadWorlds 1.1 by shin for API(s) 3.0.0
MOTDShuffle 1.1.6 by TheDeibo for API(s) 3.0.2
MSpawns 2.2 by EvolSoft for API(s) 3.0.0
MaxEnchants 1.2.1 by Xenophilicy for API(s) 3.0.0
MuaDetu 0.1 by PhanHoangKha for API(s) 3.0.0
MultiWorld 1.6.0-beta5 by CzechPMDevs, VixikCZ, fuyutsuki, kaliiks for API(s) 3.20.0
MyItem 0.1 by AnhKhoaaa for API(s) 3.0.0
MysteryCrate 9.2.0 by JackMD, DaPigGuy for API(s) 3.9.0
NCDRulesUI 0.0.1 by Nờ Cờ Dờ (NCD) for API(s) 3.0.0
Napthe 0.0.1 by hachkingtohach1,tungstenvn for API(s) 3.0.0
Netherite 1.2.1 by Wertzui123 for API(s) 3.0.0
NoAdvertisings 0.0.3 by YTBJero for API(s) 3.0.0
OakWoodHS 1 by BhawaniSingh for API(s) 3.0.0
OreGenerator 0.1 by phuongaz for API(s) 3.0.0
PiggyCustomEnchants 2.4.4 by DaPigGuy for API(s) 3.19.0
PotatoHS 1 by BhawaniSingh for API(s) 3.0.0
PureChat 1.4.11 by 64FF00 for API(s) 3.0.0
PureEntitiesX 0.7.0 by milk0417, RevivalPMMP for API(s) 3.19.0
PurePerms 1.4.2-c2a by 64FF00 & ProjectInfinity for API(s) 3.0.0
PurePermsScore 1.0.0 by Ifera for API(s) 3.0.0
RankUP 1.0.0 by VbeeMC for API(s) 3.0.0
RedSkyBlockUI 3.1.1 by RedCraftPE for API(s) 3.0.0
ReportUI 1.0.0 by MasApip for API(s) 3.0.0, 4.0.0
SETVIP 2.3 by MCPEVN TEAM for API(s) 3.0.0
ScoreHud 6.3.1 by Ifera for API(s) 3.0.0
SellCommand 1.2.7 by Muqsit for API(s) 3.0.0-ALPHA9, 3.0.0-ALPHA10, 3.0.0-ALPHA11, 3.0.0-ALPHA12, 3.0.0
SellExp 3.0.0 by EzMinh, LetTIHL for API(s) 3.0.0
ShopCoinUI 1.0.0 by LetTIHL for API(s) 3.0.0
ShopKeyUI 1 by VbeeMC for API(s) 3.0.0, 4.0.0
Shulkerbox 1.1.2 by UltraFlappy for API(s) 3.0.0
Slapper 1.6.2 by Slapper for API(s) 3.0.0, 4.0.0
SlapperRotation 1.2.1 by jojoe77777 for API(s) 3.0.0
SpawnParticles_By_MR_Zinkil 1 by MR Zinkil for API(s) 3.0.0, 3.2.0, 3.3.0, 4.0.0
Specter 2.0-FIX-ACM by Falkirks - fixed fernanACM for API(s) 3.14, 3.15, 3.16, 3.17, 3.18, 3.25
SpiderUI 1.0.0 by MCCreeperYT for API(s) 3.0.0, 4.0.0
SpruceWoodHS 1 by BhawaniSingh for API(s) 3.0.0
Sudo 1.0 by ErikX for API(s) 3.13.0
Taixiu 1.0.0 by LetTIHL for API(s) 3.0.0
TempBanUI 2.3 by SonsaYT for API(s) 3.0.0, 4.0.0
Texter 4.0.7 by yuko_fuyutsuki, mfmfnek0, onebone, ogiwara, Shootsta_ERU0531, Toganon, ShadowArt, Marron0421, No4NaMe, iteplenky, SuperYYT, SuperAdam47, minijaham, VicoSilalahi, TobyDev265 for API(s) 3.0.0
TheoDoi 1.0.0 by PIG for API(s) 3.0.0
TinhnangUI 1 by VbeeNC for API(s) 3.0.0
TopMoneUIVh 2.4 by PIG for API(s) 3.0.0
TotemJoin 1.0.0 by Shelly7w7 for API(s) 3.0.0
TradeNPC 1.0.0 by Free for API(s) 3.0.0
Trident 1.0.0 by brokiem for API(s) 3.15.0
UIShop 3.5.4 by SaltyPixelDevz for API(s) 3.0.0
VanillaEnchantments 4.0.0 by TheAz928 for API(s) 3.0.0, 3.1.0
WarpGUI 1 by BeeAZ for API(s) 3.0.0
WarpsPro 1.1.1 by nikoskon for API(s) 3.0.0
WheatHS 1 by BhawaniSingh for API(s) 3.0.0
WorldProtect 2.3.8 by aliuly for API(s) 3.0.0
customMessage 1.0.0 by  for API(s) 3.12.0
detu 4.0.0 by CLADevs || GreenJajot for API(s) 3.0.0
freeze 2.1.0 by Bavfalcon9 for API(s) 3.0.0
iProtector 3.1.1 by LDX for API(s) 3.0.0
onlinetime 1.0.0 by LetTIHL for API(s) 3.0.0
thucung 1 by NgMinhPhap for API(s) 3.0.0

----------------------REPORT THE DATA BELOW THIS LINE-----------------------

===BEGIN CRASH DUMP===
eNrtfQlz2zjS6F9BOVNvnK8sWaJubyUVx3bGnrEdvUg5ZldbLoiEJMYkweFhW5md//66AZAEKFmH
rcl+9SpTNbHYBPtCow8ABP/cm/DIp8nNHYtilwd7R82DvcT12d5Rvd3o1jv1htWr1np1q9Y72EtD
eavTbjSq3Wara3WgSa/eOdjzaJycRRGP9o7+3EvmIbTaG8IfCTvY81kc0ylCQ27fssR3AzYaDVgE
hI+OdNiftsfjNGJ/7b88IsfRNPVZkJAXdbL/U+jROYteEj+NEzJmhE8IkiL6433R5oC89QB4ziP3
Gw/i0Uhc9lkCP0Pxrx0xmgAZ+PneZh5P4CaZuncsAG4nqee9cz3B7oxGR4eHJ0eHH2PQ0eEpTa6n
6ZwFh6csvk14eBjfHfYFA1fAQOWqX8VHDuPIPiz4OpSSwq0Q0SvUPjZa2hAaeXAFvdCxGtAjEbXh
4l97L2oE1bKow8rr5Trk46/MTp6kjZfABKh9BZf7yB2wQ6OIzm9AqgRg4uJf9X8fEEX7RPIi0FnL
0XnsjnmHl/jvfqvRfUTCMU3sWZ/ijVgjU/wac+4xGhBBqkFCL526QXx4NY+BsflJRBMmKP8KOK5O
TfgZ9Hxy6QIkACGsRq/EhGBxNBI8Vl5Tx+nTKHFtj2UqXtI4VE1Go3cep4kbTIfsIckeLDgX/DaX
q0YKcXjFkhl3BJNnD8xOEx7tNy3gUcoyGunCjEaGNJXXPBB8n8xoMF3KMMP28CdI3GQOj4u/2jMC
n2CztZLND2yKRCPm5Krs1kqalE2B40WRKq+Z+JXzuIF0uZ09TZ72cnkEAmkU+93uIxIsSlt5bVPP
k489i63OI2yJJw7lg/v1Xq1ZYk1REIgkM/sCX3cjfJ122exNViuv43sXBqEcqY8bvrgv6PY2o9tr
rqPLkj6P3QRi1Aq6WRPpumob0e52W5vTPg6cDzyhG7JxQByejj1GelWr12p2281Wrd5rNXK41ah2
Gu1uz+rU8IZku547LvTQNyc8kl7L8OGHuQs/RA9++JbGDK722/XOGmkS5rGQR8nGatzAZ3db2H/r
goziEd3Rx9CBkbzvBgmbsojUW1ata0lyjfXkOt3Oau9sJylY/vyUD137dimV5sq4Zlnt1koKzuOY
W6sxN3rtR8KbPWP2LaKVyolL2HOj0ROzVrcpqbZXUwUUj1BNUA6Jo7M61vd6q3D0I25DjgdhSSLr
rkbW6j6mhjiB+KiQPOI9inRrv1HvPYLn5sYGM0yi1M5NHQ3wBDLV+JJT55HIkSauB7Z6Rd3gkk+n
2AqQQOj+V6P2b3JyNBqJPHA0yhNB+CkzwdEovhuNivbdjdqrwT4ayQSptl7kZlnkWCpVIlAZ2369
Dq0i9kfqRmxfsdRt/ZvsKKHNW7zc+/dfB3vs/5/cf7vkHGSXPXjjBnfcu2PIMjzvBg4o3k72svsA
07MYgNvcYagyGMxNuDtKyP8AFK5a6oq8iRjwGZA77jryVlvdOpSXHXEZgl9wbTJJAxvdNllMlInS
X6ySTriWt2XSTH6CMtBmg3lgk1dkQr2YZTdc32eOCwxnN17+KUl3BelR4k72bZ5CvpOhfElevXpF
alm7nmo3SpJZxO9JwO7JaHQR3FHPdbI+PnuwWSii6mjvhAYBT0jMAocwP0zmUp7R3st/CIxWTWH8
S17W1eXQhT6axkdHStZrltzzCDyqn7sV2WQ/Q2TBk/JXQ+H4CVpNQQYQ1ihqCvVlSt6XxkZywzwS
CvuTqC5T8MprNz7hQQCWwBwgTP7KiDdz4q0FTSouXpLXuR6tdq7Hn8Jb4A/1+Lbo6FyoTo63mz8B
vcuoPcu7iNAYGMwwFz0kcKvqRiCFRhJto5Y3kmpv1DM6DSu/BRIorUMvvD0enpzfDM8/nA3O31+e
ktdgFIRCp4Iz8liwL0iFdA6lkfMS7z76qGK00SgzCpnZCfdDGMk4eSGTg5+SmRtXXgcSWfk2iPPX
j3r6Rz39o57+UU//qKd/1NM/6ukf9fSPevpHPf2/qp4+2Jti8KMeVocBxSW3PQMDMDYG3RerdnuN
qtWqthGeup6zd2TVrM7BnhvfOOxu70hWdHthxBNuc0Db7NSBiIuF6qTXqjetSXvc7kBRV3Oc+rjr
NJvj5njc7HW7NRgXzY5Fx4A7Vbx8huKW38fkekhOj4fXv3z8/ey68umatKsNIuiTXrsGmXXWTpoQ
sWrg+z5YBDQE6TcMxoicOdIxkuOr03YTa+VZCAS61Vq13oDLb1AEwnUzu4bbNzxGFi6ur4cAEBf3
biDKaT/k0AU3njuOaOSyGNVHnRmIDC7/a8yDCrRR9Xm9Wq9abya2NYEg3elNarTZpK1Ja2xb1BoD
+06t07YmrMY6XdYB9A4FGaB84f4hpgFjyKQqooalCc58gHJuA34fvFF/kdmid8duQKO5GAvQFIQB
cd7U6JixBiibWd12vW3VJ1bbsjs9atGG0+71nC4F1iZNE9VS4nVQUONNuwmevAnPtNtjm9IOa0Ew
tpoW67Zsq2FbLda1Wy1qlRDiCPbECFa8Nd407Ga3Sa0O4Jt0oMKzWRfQAFPNntWlVm9MG81ar103
MXl8KjBY1fqbbqM2Bo1a9qTXZpNOrQGUUeB2s1GzJhb806jbtNlbwFAJkxlUT06mqOabGuimZjfa
Vtd2KG2PAWu9bgHmSdNuOdCBtXHLrjsNE5VPk5nipv0GiLY69rhrQ2pEe91WD4wdzLtNO92uM+5Z
1sRp2RO7hCIYJ5k83Te9SdcChp3OBPrEdnq01W4zGCdt0NWk3qWddqtDWbek3OJnxQ/zcfpmi0Gn
IYvoLdi21AvwZL1pgUItq9ZsNFoW60GP9FiTORObTVqTcaPdbLY6XcexS90UB5x/Y0q97Tc9oDOp
MyBrdyAWtpxmu03H406nM2nXJ90ea9Ge3evVSkhCT2Bowihqj2vdcceedO0mnVCMpfAArY8bgHfc
rHVbjbrD6mAtf+WzZWJsHtvUdulnzp3zgebqDPDBXuHkUA6aQpUTxVi8v53Rexq4A/DEM3SaNHQR
3ICxUMNrFlCI7+A/IGiB93NYCN4En4R7MZ8kpzrAp2KKTqcNGZZGYTQq7uEMIAwYdMvvB8PP7z9c
ngLono0hz0MJcI7h2Lun83gQUvAFmmwaVBfNAiNrmuL1Z67nhmQAfzxgYFcShgJtrLCORlRwFCNH
kI5JN5CLNxgefxh+7C8KB8nvkHNvzB904TSo0W/VminaO+pCJjD4fVAWqnJ82T8/RkVoly3zsm1e
dszLrnnZMy/rtdJ1vXRtZdfwt/kcNecigt0UajEu1lnRLEnCGFILiNOzdFyF2HWYYz3U8WCHpGJW
8pynMdN7RAebXQKeyOyUAQTK217rwegTq7mtCvbOIE/k/vy4fwH4L4K7k4jGs3euwKuUEytSYH2S
wRkyCMox2V0/xtKEn3iMRiczCLuG3MYNc6QtmOM5/UYjZ8iob8pef3r3FyhRKp2Z8vUTrKBAfljC
pevkkk6ny1Qi4LpGGosaGd7jBIyzK5+TSHTY3ZCAIhMeMKFpQvG0rSIUm8fx3Ev9q5NDE59SxtmX
fkkNCNEVUMP00lTAh3Q8HzI/9NiudFBglHIDE7Is2tTQYSiV5EDIghylnsQZv2vOI2eWuvGuZPkK
SIMMqexVN7iTckmmNpJowDzv40VJKAU0DbRWNtBLlgwvzi8Ngbrg0Z4okEK3XYcs2FXJrOqL40rO
v+6qG7LZXEl7M+aXjCI1fa8kAOHeUsOZiss14+X34dtfWcQB+MuMxglYHOauv1HX4eRXznASYme+
VdEajcYU3emmXfaWxq49wFrQkC0Hml1nlSW8mED5t1XP7Qm856lwo48JI9CKuTzFxxYCMZZEnCdG
8qwBv3PqXFAuJ87Znc2EShIWnUY8DJlzkTA/NoRbuFnKM8u9dkrDiONi9Y6EzPChUGVeAHZ6sXnn
4eOfOK5iLUiowKZs7b81RA+zEK1zYF5tJJYb2bOFik6Hfm+rLEgvmGV2ayPBstl3XawcVnb7jZJg
2ky+IVi99wzJHl0eKFdxa6QaBG7IorJcCmrGYWuVZKiGAQ2AdHJH9t9kP3Ea9WQWuXGlH7k+gzv4
N40vP700Q8LWlcbVvO+BV1mtEinHVkqJ6B2kkVSv2wtYqatLQSL55tyNsa3ZzdtXUXrsyEJFjhxE
y/jZIlxE0MKmuMBqCFZATdFapmhnd9wbAI87G5gFYRRH52LF5EOWvtzf31cZcITYq4kofN7izDOL
sCg2BqkOLsf4Unp28o3Zs/7VKbvDpp/cB/f23MzW6u2nS2wj9tB3ADvkLpKtBNkC+U0mt83gNL4P
DVRCLRFOGeD8DotMxRg3zASvXp6NOmduzIKxeKbd25URmFhRDzpPT85oS8wKLcxxCkKXXgBWRKMs
wB7sXc9ocPzPBZlxpqhTlTNIXfW3Jxzks2aOJGebj+sTGkWlJDAHfedgm9EtR1oJ30iYGU2GM1d3
vTnIHLzNsu/tRww6PfnN9Xclzq3rj0ahRDsa2cBHMsN9KhpH6wWCyhinwjR5FMSclKpVe6Y4PGBj
+J/8RyySkbdzMmABFFTk/WTi2i71diWlIgQCAmOAEOTLOdxUvHJZZYDLKXptd4VVod/1JZbO0xaj
K+JxPOb3unAZaMXoGkACQn8flsRqPbWPFDoQQtHeQoCUB9NzTnUBMlDZBEvJXf/il515hvNtOI4T
7mNJZfCcA9fYU3+G4tFvO2M9p7ytCJ9xP/KCDBK6Rohwx0Jk+MCCCia2SYpPzz65kWA3FycHlbOq
lraYosvEp7jlAIqE9+92Nq0qkY5Gd4KV0QiyK/VLY2/NatYpdb35lRvHJfl0cCk9+l69pfMA5pcz
s76/aHT7nt4ulOIm/DvnBwbxcpKg3dxIQHZXTvVzUKlGa5aXuorNNGRh1afeeIZ8igHcknRXSuZX
VTNa6lqwdpjjQGndGNm5GV4PdYE16CoD3VX3SXJArewJHx1Z3B1Sd2CU0gVshfWFvu/EO6s1He4m
FJjfolo+s/mSvEaH/q1pjbaIuj6z0bjaSsCMgiFfsXZbiNeCOsdamp7uPAllkgORhxrcrBcogAxd
7mPXJdKga9Yw3jK2OxfOJN3N++MdjXzDUyvAd3bRkmrZNyN0IyHceGZOaGcQU/elyYUxsEF7Latb
25kYkixwntNf46reeXOdbbhaM8AfmRV4KsPefAtb4ZFvDtwMUt7jUeL5K//KWQf/e97Uq7YUnGME
XUsm8h+binLh0ymLzfkZE7565BrhG2euniiLn/4RYy6JZ+K4gvZkm4mYc0a9dwxp5lLkoDW2dEon
9AOdsThxabC7bEtDOhplvGwhEGahjhG8c9AKtxSN1RuvixNmz5oYmynaPlZi2cXm0uhbkQqBdOgW
VtZ8uhiZlbnBnY2UhY1tXogBwwPGTAkQsMbCzIWaXc3hm+stkpOthIGq+l0EcvQjnjA74frSxJKb
a4T8jK94RGIGvFPrNJfO2NbVX0v9fUa6XyIHCljgeAvzhGev2f1bl5VUoIBrRP80ZuzqZFcdewfY
fHtz5n9Ng6nHFopNA/ydExmddjmdKe5tItxvjIVg2iyA/tRzBBO+csPrbzNOf6H48jlYxq4kNJCO
RgY7m3cdYGFoZuc00COXAV5jewNreP8bC3YoV05600LzNzf56Orsi+s1Cf9ui8xbN0mhaJFIoTvc
jRY80Fcee95nHnmOPpdhwsv7C6zHI9MzcrlbHoAx2Zx7oxEyTj3vXtDf3JqQ7aWyLBfE7A/M1HfV
GwXNzVcRcSbGDu+CasJDFObq/fB0MEsnE0/3yTq03C/lPTozdsrccXnEP3mbokZ604FxJRZT9d7I
IKXXD/7e1X5FFLjOqT9tlf+KPqiS3pBJg67Zx/eFBVy8A2HPdyWchhK7JWfFuNhk9Fyl9JQlqS6Y
gqycfu4DgXNOg+lvM7qzDpOENx/5V6mXuGLEGeznwNJmtmqtMmYJba3dgHHyT3Eg5zxN4vQWXfot
9Vz31sxhrdqOtmX4yLBweiC5zvxztmRoiFBR89LSlgKs7OLjYIbhnu6uf+fbrWgZZxfpvBtHGhUS
9BZ316jNz7g20Xenv6Tm+Os9fx+0earF83ZDG4KB/Ncnpx9Sj8XGfnUNuCbVuB6ldeY45ET9PVV/
9wHFy929YuCxLWL1NQ2Tmd6ZCrBGlBm1Z7eQJyQcf9UPEkim8bSOu53F7hKF0Ugylv3dSDYGDSPX
sNUCtiZEfGZR8i1161ZjVxIVGEGIjI0nm2iB7bCQCYXmxw4IlrhxaeG5dKPcwY3le/l3JHu+Xd/k
YnM7XbaM+V9bwnx0+XKLpcv3EftFvOBvzncY4P/SerPOwzYTOeDQp3O5tWBJerbsrpl+NstLAktj
xHO2S2cIR6Ml3CwFPmFkZkQOl6A7FHrC0264Yco56Dtbcka3bMgSvlGnpxHDvXC6MBloYbNeSaJ2
89272nbLPQJ5n0V+vLgmuveOildH4754CekLu3N5GvfPKhlc20d9I2mDpIrZ4tcTulwwlR0wlKFR
yhFnBLks/lLSUAE3h3mnnDL5rndba9bxHecPINId9fpXV/2djYlI4gx9PxyNQmCMKcakRjI2t97E
oPF6aMqrFCN70VSKhJXtxqrYFl1mOuT/EOhrPG/mIpi4gZvsrJwz7ENwpf3cgYVIPLomytsMSjf+
1p0GKwbVwkYDk6/NI/gHGtx+1N+WVID/ypx2BLTTcAvmmTO4nYulDiP5N+HlF6rL7xMzB0qJSdI/
21myn2PEg/NyVkaj7NdmsuHRZSWxFGhN51zR+Dh0w10v8kWCPPSS+rt5CjI4G3660I1MAcxEo5Tr
Xp30zz5dk+HZ8dXOKmuBEg/OSj654UacZ6NR470YoAX37Wrj+W+lrh/lGe3i10ZCMM874b5vLiPo
0HLV1Sl1hVgXXX4iyNOP8Xjqhmvge9n6w2r5zx7CkuwIWfMq+9m3KzeYHZBlr7Q/QwKJdjQ6+9If
zPgW/g5b4155wytowDV+Ycdi+CxIt+P9NzZfYF3CViTYj4SaTZyZtvemeHHCmD5atdbF5sjfx4tt
ZEy9WxaZR+9owNVrRXsfvSSi7zwahjtLmDSU4DMkJ2/5FjtnBvis8VpiBinPGpfPrFHNdhyEYol2
awGys0wXBcnvrJl6emSD1nM8mcnAFjLhQk12uHJ883Z+c/Xh5p9ucOvq5xKuarVivF19IKrRsj0a
+t6MZ3alyd820uOR7YZJKkjppZnKu4svleOTq/IJV96tG93GpEIm7gNzCITWgAbYztxHJPekyCOu
6vJoq7o80qouj7KytnxpaM894UESce+jfuCS5B1GZy7EtlVMIYDQjgtZmelmM9C6vPHkBOpMsMiF
t6N20NeShW16OUrtxX0rBvg7T8votMtTM8W9jYRLHa4LhZcrd6mcRe7tl529DCGwjUYxkN28Q4bU
fXD1BVAF+L5Jh83HdIvdT3is01tqJkwFbGX9sfw9weePhOx9wZyNbaR5MB2fAuhyIHOl9H2e3vIb
fZ3Wn/iTgN2iLNnLAvBr6t7TCCd0IO3hSZzQm7MPH2utBo6sIZ/SQMTIwYw6/P44wgm5K3x5OKg1
LWxyzZvX9AoxAcOhx4Jb3Hk1SNGf/D7Mfh471G8if74buF/pjPpiNdnmA9ejHp25gth4fsrurHbr
eVazh+/qTDx+r7nbr5Bu+/aYjUa5QrArHpJNc4pl/jfDdKj6A7tqxvgp1/c9ZZB170ju7s1O23fw
QFGRLp34zkD+3sjQoD6BkDI1x00BXJOuX+9sZihRNLcYIzy8AoP+ePFppvOuQUvLG3+b+qmNm86S
bQq8IU+Y/ys3XrIvYOv2+s2gqp137neWn8YZQhghGRPbTPsMI2h53T/RhclAa2R5B4nIzs5PUjS3
6IYIspUgMfiWkDVsjyN+67LSW4utp7Ou8IH+Jf3RqH9VsLJWjo8XWMFqYiiAOe3RKo+BAfWSeR9y
Yw+88HYrmRu+HSf52LxDPkGi5XlUrdfhOeH6EsWyu+WQWFvY/nf8rWd1H92H/tSZbMkKHmkQsacc
m6n4OlwmEyjiM43CXwyvnEFW5cKM7e5tKEVvNBrjO3mbdyE+J5YATdbVqqA5L1LiP3BveXzLg12K
EIuN2RoH6wWYMWqe5ZJBvnMZosiWKxAB3kgQ3O6mXoPQpdHBpcy42jXFop6bejubpJLYRiOxuS+U
HGyyiXbJ+LlK3WjiMs/Rj3fPPjKTQFA59MVRVoeGtKAUW2wIuMq+h5hrxYSvdv+72uxN8Wtat7dJ
RDHeGhxsPt4cc7eqU96qusQpnlwe46ZI8p//kF9wwflX+pXvbJuxQo4nJQRbTXZNgJVvepcowJqT
o9/Suwn1IBrt7ESsAiMUD4KHzYVwl71F5S5/e2rJGuXl6Zed7b4/hcrf3fItqCUjDfBUcD3tUJPi
L6wn8QOcievrPaYBv+9sgSS8eTeBdHZqvCSdQVb4+OspLuf0ZzTcLlUqFieMt+k3ODZJMbWpXPhp
B4rvviWsfMhG9s0bQU18C6YKDjjErYD4kZa9F/38ipzwYOJOCX6FdRSNghcDmpBrfkesDqn3jpq1
o1aNfL54S6yaVccGPk+cV2SU1mq0Q+UfL18Lh/uSXgUXk1/Ve7gBE4D3M+C64rlx8opPJgjBb46m
gY1uXHy2k9ozl8mPucavwJEgJpxJrqjIAX30qibo0wf1TPzKEpAp6MDnDpP3xYdVKzlMkQNlOLi2
ml2Hd6Gi4rh4vFcKufErS2DLduNVYpbgKazxKwSLz2dV0HxeXfLxeF7AYsYcrQl+JPfV6dm744+X
Q4RKS6n8kbJorkgqUAT2kfGDv6shjWOIls6r/xH/gZLShFdiesfUg3cuu684oEUKmnvVRdDDmD9U
0GxVEw/K6hRCyisGlgTXxkdEqnMfPyLygqCFEVv0fBqJZQphAASURwwzAoMgkL3GjGTaIDRiJJkx
AoV3DD/AXGz5AdkxI25ge6nDHPhBFgwPcQ24Lz8lvIgzphN2QDhur40RJRlHjN6SOU8jhYu4EwKd
6kIqgBSgP/GDv5BjAOJrdp+jO3TYhEKPxuSeBz8nBNdjaERQmz4Iix/0mSOH+OFSKff9jAUkDadQ
UwKC6ihAO5bIjkYBIS8gDUPGSMLld3IBhfpMFuggokHs0QSYErcFqzAcKCAGfXosEfrCg5JsRiDx
dzyhQR8xS3PNeu1IfvIXb8SzNHE4DAD1NecjMtpT33XCj6MyZ7QnODv2PH5PcGgBM9mX98idS8n/
RZPDNsL2snzpiKDLEo+eCTtUz4gvxeIQIdBjoBTENp4TpUpsr8w2v60x++IzlDVgEaBX6jgkYrFU
P6oVP65GfEbxG6ri89Kg9DFDpkE57I+Ueqg28TVocke9lJF9RRR8zkvELinCgBFbVCqgdvyu2RHc
FrSvU38MWgGrOo7ngT2k8S3BT9GCHVVFg48xrgcBtUxSbDaLwDun0HvQPD4gIkslavCLTx/axZds
hW7A9yLMTwOwIGwikQ9E94JMYGURf3DBwhioAUQSlhvkzKFuFUMXE7RVbIM2eUDc5GdQXxKJxyCn
w2+6ocmUHib7IEMK48YSahFiVJSkRwJV2VapMI4oDfA9Q7RA0HsoOkEchxpXCWRv6jfx3ekMBjO+
In+gDz5lOKiRKErDREKlwlAxPvCm5BKdC4NSfPXLkQOC4se0ge3lHKCNoM1xUDRYV1UzNGhckY1y
SxvhWQQ8mstB+YvHx2A9GE+JhMM48N0Ex7bPpnQ8T0DjZCBVXRPKlScqiceH2Gv3rtC8sCgYtPcV
iSgzslhIOHGBRfBI4uOkiAYTxYykNHLorRSHKZly6CiOwxStAglNBZsVwdoRqaEUQF24YPnlrf/1
EmCCsop/jK7P4x+KoVCwoNxnzpJCFxNwHxgfwe9lDCHVjKt6zWoqxoQT+CxGheIv/nkHHIpxIVhC
j0HsFIJPAMGHyC/+onVzybIckRis8tbswYYsIS4kko7r/fDsiAzPLwbk8uLqYkiO+/3Li7MB6Z99
IJDy/Xb24YBAIzJ8D63OyOfz95dnpP/h/cnZYFAtuwBDH1arrdTRZ5HLRUBGRxyjgOJDnZk2cmdb
B91DSuAI3yKaVHAzjXSzAhWuc7sBOGiwJpT3MWOTRgY5HwbAAJspYgKzRAKut3DkMiIJGu8xhmCc
Fw9UF1ujLajsG7otZDamA1KzyK7sV/lsLgOYFwvjQtRGTckav1zOkpK8oSSf0mgMI6Nic8+Tuahw
QMu1K4YasqOeIuop8N0+DcR3XQ1OIDFLwQZfHmQxoWyEmRnK8DqZAC4pr18MwSp5L32+NHjIHnjq
OTkvLgSR+4AU/McScSjYB0HbtZqSFai9E85iIUgK05EYctkmEfezYCufVi0qumnqPYzSqJ5csA2y
xKQM6xhkCaMtt1yILEUZspP6ocyuZApH1I0K3sj66xQbqQcE74LNTAK4gjAPg50uUTAEbQh8QOEO
jCyOU4aOIZlBr02zbBOdFlIruDrIOlLmCCqprEpusOmjesI6x8ZvTMUZ7yc0RKjrpz7EWDzrn2S1
AHYkkVWR5KLQK44XpUoxYhZtDJLtUHEkCFYwC04h6DbzHjvl8lbZpjE3Qq8n8cvG2RCSuFRDXTKR
OVRsqPhYLhuedChyFUgfUXvAnUwwJJaQYk1C5DNSwkI6eEzpU8qTUcbGRbaLCsQvVWV4V6NaZYej
IGAJdtiRChGQms24J1PMMU3smcjEBcuQNYEJqSAjfJusfNRdGVrGLE82ZXh7ofdSdgvdajTHA7Gn
B6RS1zpQdJ4gXEkyZlQIEF67yGNFiYoppCMlx1pGJPr4MAAVW1VyDrkg2NIrkdyRk/7HA3gWeBjD
+Lp3HTB7kStI75njrwj8R6Sdpd1FRh4L7Whtq+TYAUc1o97kEI/dFmWCw8CGFSkgSnAKBA1MG4hF
2NOQ6aXI2QN6NUwxqVclyMTHftDPku2iAMRaApm6h7CJD6ZhEFbUdam6uVKjLna/sbw/MS3PuhEP
LM9SJkjbpXloobXZs+RDL6ukr57xKJ6WjxW0qkSVLQiKk4hOUQToE1BbHHoiY8Hy0gfmcbDTCPvp
xHNxxkTUy/itZBYn5Gr4UXAag0go9jhNCNbnoisLcrK4qGa+xk/SCj51JLhFK3fYOJ0eZQXLa1LH
QkWlazMYquI+UeVpLAtqtOQg5jJwKWuoIzLpnCS2kxmHAhYtMKtTWFaJCg/m0ISSmN5lnhJnQLJ5
IrynlbDAmJiBkwmLmo/4yt1AFsNimuhn8mXMH9DqI3JxSva/fLw4fQkyg8kDD9D+Htx9GMk32MAw
sH6JoHipFhkgWAIXTYSyA7D0L28vM/yqttEgPwtiOFkkgiZkH1jkijAsZOPZ7IgKIdokzmQiyMI9
dzKvPKSuU0hLIU0B58ZokrlNEF9+ajqrAkQFqRgFs4GkU2RkAbfx06biWbCaKzoHi8FK0ud3WVGO
EU2FAeGKK9k9STIuHGA276VPkAzFDIc0dzzOjyayL+R5NpK9NFYzLTYM5ES6OvVMRT5zRELIke5c
D8lIN65clKKCcYgG07xOCPAxrxwOD7JWxoTZ0kkp2cnHPk9xBE9kvFEDGlWpuhjjK3ooMR0BZoi/
RYCEhz+IcKk9LAQPmCx/x0wiG7MJjj8xqSki3Cyzd2HiYq7TCLxSfCSUiw9+iNAyq6H8cD1QYxDT
lnFZW84mjQAT2Ec27IDZ7GH8m3PTEGMZJwcqaQj2y2LNN4qPSwpCYnpXH5qngtgYJ4Zj4YBQnyzC
nibyw95ESUfUZEoWwMUzhuiAr0Is8oJMoQyLC/UUEza5hqqLKlKu6Z66ok4DNwlFjOybkIeplxmj
usBIJtooh9gQ7lAk+JVQOTGMJeiXINip1FlM1sopqiMVxHFGTZSNEixjoOovPCw1n+vQBjnaO4Q2
h5VA+XAzweEMss0J13oERllFruzkLWcce0awUsV3T6suFxyDI5v7WPbEuFc9BgnjgnWs5dR9UtwX
IggnRqfTCApoOVmmZtbkBEISUdFzhnyCPxjB70/fH4E+Ksrly8iHTuGeydyawtC5FxRjwXghgIBV
telsCLS55qVpys5ZUCp0qLyvjAliPH6bXkQqPUUUcK6rDrLuAO1Em7k6AP8YzugBwfN0RHhO8iwM
XO+ERZBpV9ADBRj+5N0sWslYQY2ZMLUGpYXXFDJOiOTCi2XOQiEUPS/vZzQWelrKqnd14vqFr1bx
F5FiexwJ6JqxZ9FhIkExxaceyqZzqwUBdUenkGlzdYRXblv2rhwV2syJwgHoE6XPbI5kpoDCY2CR
o/Jm5TFwyhlKE0ckju4kRwTVBwgi1xfQA2UTB9LHAT7lIrPIRj2XxqoqgUSS4tdj1RWmPMCj6quj
rNPkPbBbnME6Iv8SuQrEzwMxpfVvRCpDYB4m9XUPIQbmjbj7S04aZMtPYjZgWcQSAV1E6Fjkx6LY
xAOPQo+pcKuzL+kKuPxJcMEKo4KMXgXFI/Lu8nh4ZP2jc9DqPdQPGg+NA+sf9X84mA+Jcb6Pey1s
dK6vujXpiuVVs/VSJnlyiUGv1eUIx9gCOlZTaSL1EHNh0Gv2HFdSUjtJo8wpZwVKlC9OCI8DeCBU
2WLxJ84UVskWNsAWZDb74p1wNYKUaG8gSUWmICE3GqQiUkst5+OhKG/ZAzi+WNV29i1WB7GoY0Aj
Yxfy8rnM4UQ7lBdYgcpDhhE5ZqSUAj8kI1Huq/cO9nBncRCL8xKO/twT28uO9rp4BhDuWx/bkBPN
dAguKgUOjQwY928cnoAzNKC4EGkA0sjTrx1xsFRxPXE9sQ29gEz9UL+cQfjQr10YZXc64GssFtLz
a38sl8gMGIz4/JNn+HIZ5mYgkKM3Cm1TDx/YRM026NBYBILYBEHK4uuQQf/SID+P//DwhdnsF8lv
JfyWBRDvDRU8PCipa2r7xpyKJVRLvUn2zQ3l7rae+HzfN88d64/D5YNvap0je1at1qjXLXzLtn/6
3hDd4TeCtTIQQK7ZYeAQgjg2Gg5cHPJfrgyZSxzAJdbRJTl97x5PNTKAoZpN1PYV9Wcl28MEK01c
L7aEkuT70u507AYUz24V75bhW1aiZnDGqhGisqN5mHAFsKSyoBrwpFnW1N6fItrfFLS0+7gwiAmQ
YbfOQpe7hpUIVTZ0ENR8qfDn01TaYob/n5jEve+L6aLigb/++n/p/wU2
===END CRASH DUMP===
