PocketMine-MP Crash Dump Sat Nov 27 15:27:01 +07 2021

Error: Undefined array key 0
File: plugins/RedSkyBlock_v3.1.1/src/RedCraftPE/RedSkyBlock/Generators/IslandGenerator
Line: 79
Type: ErrorException

THIS CRASH WAS CAUSED BY A PLUGIN
BAD PLUGIN: RedSkyBlockUI v3.1.1

Code:
[70]       $blocksArray = SkyBlock::getInstance()->skyblock->get("Blocks", []);
[71]       $counter = 0;
[72] 
[73]       for ($x = $islands * $interval; $x <= ($islands * $interval) + (max($x1, $x2) - min($x1, $x2)); $x++) {
[74] 
[75]         for ($y = 15; $y <= 15 + (max($y1, $y2) - min($y1, $y2)); $y++) {
[76] 
[77]           for ($z = $islands * $interval; $z <= ($islands * $interval) + (max($z1, $z2) - min($z1, $z2)); $z++) {
[78] 
[79]             $block = explode(" ", $blocksArray[$counter]);
[80] 
[81]             $level->setBlock(new Vector3($x, $y, $z), Block::get($block[0], $block[1]), false);
[82]             $counter++;
[83]           }
[84]         }
[85]       }
[86]     }
[87]   }
[88] }

Backtrace:
#0 plugins/RedSkyBlock_v3.1.1/src/RedCraftPE/RedSkyBlock/Generators/IslandGenerator(79): pocketmine\utils\Utils::errorExceptionHandler(integer 2, string[21] Undefined array key 0, string[114] C:\Users\DatNguyen\Desktop\sv\plugins\RedSkyBlock_v3.1.1\src\RedCraftPE\RedSkyBl, integer 79)
#1 plugins/RedSkyBlock_v3.1.1/src/RedCraftPE/RedSkyBlock/Tasks/Generate(27): RedCraftPE\RedSkyBlock\Generators\IslandGenerator->generateIsland(object pocketmine\level\Level, integer 300, integer 0)
#2 pmsrc/src/pocketmine/scheduler/TaskHandler(137): RedCraftPE\RedSkyBlock\Tasks\Generate->onRun(integer 3693)
#3 pmsrc/src/pocketmine/scheduler/TaskScheduler(179): pocketmine\scheduler\TaskHandler->run(integer 3693)
#4 pmsrc/src/pocketmine/plugin/PluginManager(654): pocketmine\scheduler\TaskScheduler->mainThreadHeartbeat(integer 3693)
#5 pmsrc/src/pocketmine/Server(2389): pocketmine\plugin\PluginManager->tickSchedulers(integer 3693)
#6 pmsrc/src/pocketmine/Server(2152): pocketmine\Server->tick()
#7 pmsrc/src/pocketmine/Server(1992): pocketmine\Server->tickProcessor()
#8 pmsrc/src/pocketmine/Server(1586): pocketmine\Server->start()
#9 pmsrc/src/pocketmine/PocketMine(319): pocketmine\Server->__construct(object BaseClassLoader, object pocketmine\utils\MainLogger, string[30] C:\Users\DatNguyen\Desktop\sv\, string[38] C:\Users\DatNguyen\Desktop\sv\plugins\)
#10 pmsrc/src/pocketmine/PocketMine(349): pocketmine\server()
#11 pmsrc(11): require(string[85] phar://C:/Users/DatNguyen/Desktop/sv/PocketMine-MP.phar/src/pocketmine/PocketMin)

PocketMine-MP version: 3.25.6 [Protocol 471]
Git commit: f95142f6b677180dd1b8d44b4bb49880329472ab
uname -a: Windows NT DATNGUYEN-VN 6.3 build 9600 (Windows Server 2012 R2 Datacenter Edition) AMD64
PHP Version: 8.0.13
Zend version: 4.0.13
OS: WINNT, win
Composer libraries: 
- adhocore/json-comment 1.1.2@fc2f76979f0a44a5f5bc2a2b600d0762fe0e78e7
- daverandom/callback-validator unknown@unknown
- pocketmine/binaryutils 0.1.13@0abee38d4e2861621f262c79a2a3d699d8a697f4
- pocketmine/callback-validator 1.0.3@64787469766bcaa7e5885242e85c23c25e8c55a2
- pocketmine/classloader 0.1.3@3c484a27787f7732ce842ed694928a29ba340961
- pocketmine/log 0.2.1@830b44a2cf96ef703c550abe64302f230231ca49
- pocketmine/log-pthreads 0.1.4@01620c3628cdaa6b4a21122cff4c5d2f70b5c1d3
- pocketmine/math 0.2.6@43057cb8c179a9859677b496a788db922fd5cfc3
- pocketmine/nbt 0.2.18@9f82ca4d7f97fcd9a566e44b63c4f18a7657ae82
- pocketmine/pocketmine-mp 3.25.6@f95142f6b677180dd1b8d44b4bb49880329472ab
- pocketmine/raklib 0.12.12@5abe22043352e94099e4edfcef5fb3644578ddc1
- pocketmine/snooze 0.1.6@92abf1e988c71635d466abb777f61f89e5a9c990
- pocketmine/spl 0.4.2@6b08b7cf8c4afa17139c9a1b3bf1b408531de161

Loaded plugins:
AcaciaWoodHS 1 by BhawaniSingh for API(s) 3.0.0
AlwaysSpawn 2.2.4 by Philip Shilling for API(s) 3.0.0
AntiAuraBot 1.0.1 by  for API(s) 3.0.0
AntiInternalKick 1 by Jibix for API(s) 3.0.0
AntiToolBox 0.1 by NgLamVN for API(s) 3.0.0
AutoFly 1 by PIG for API(s) 3.0.0
AutoInv 0.0.10 by JackNoordhuis for API(s) 3.0.0
AutoSellUI 3.0.0 by LetTIHL for API(s) 3.8.2
Banking_vonfram 1 by Noob for API(s) 3.0.0
BeetrootHS 1 by BhawaniSingh for API(s) 3.0.0
BetterVoting 1.6 by Twisted for API(s) 3.0.0
BirchWoodHS 1 by BhawaniSingh for API(s) 3.0.0
BlazinVanish 1.0.3 by PIG for API(s) 3.0.0, 4.0.0
BlockSniper 3.2.3 by BlockHorizons, Sandertv (@Sandertv), Chris-Prime (@PrimusLV) for API(s) 3.2.0
Broadcaster 1.5 by EvolSoft for API(s) 3.0.0
BuilderTools 1.2.0 by CzechPMDevs, VixikHD for API(s) 3.16.0
BuonLau 2.0.3 by PIG for API(s) 3.0.0
BuyFix 1 by Twisted, NhanAZ for API(s) 3.0.0, 3.7.1, 3.8.1, 3.9.3, 4.0.0
CarrotHS 1 by BhawaniSingh for API(s) 3.0.0
ChuyenSinhUI 3.0.0 by YTBJero [Edit by NCD, Ghast, CurlliestDrake66] for API(s) 3.0.0
CmdSnooper 1.0.0 by HotshotHD for API(s) 3.0.0
CoinAPI 2.0.9 by onebone | Edit By SenKai Official for API(s) 3.0.0
Crossbow 1 by SonsaYT for API(s) 3.0.5
CuongHoa 2.0.3 by PIG for API(s) 3.0.0
CustomItem 1.0.0 by Phuongaz for API(s) 3.0.0
DEVirion 1.2.7 by poggit, SOFe for API(s) 3.0.0
DanhGia 2 by PIG for API(s) 3.0.0
DarkOakWoodHS 1 by BhawaniSingh for API(s) 3.0.0
Detu 4.0.0 BETA 2.0.9 by CLADevs || GreenJajot for API(s) 3.0.0
DevTools 1.14.2 by PocketMine Team for API(s) 3.13.0
Disable_TNT 0.1 by  for API(s) 3.0.0
EconomyAPI 5.7.2 by onebone for API(s) 3.0.0
EnchantUIVH 0.6 by UnknownOre for API(s) 3.0.0
FarmHS 1 by BhawaniSingh for API(s) 3.0.0
Fly 1.0.0 by NhanAZ for API(s) 3.0.0
FormAPI 1.3.0 by jojoe77777 for API(s) 3.2.0
FormImagesFix 0.0.1 by  for API(s) 3.11.4
HealFeed 1.0.0 by DafaRahestian for API(s) 3.0.0
InvCrashFix 0.0.1 by  for API(s) 3.14.0
InvSee 1.0.0 by BlockHorizons for API(s) 3.0.0
JoinMenu 1 by PIG for API(s) 3.0.0
JungleWoodHS 1 by BhawaniSingh for API(s) 3.0.0
KeepInventory 1.0 by KhoaGamingPro for API(s) 3.0.0
KhoeItemHand 1.0.0 by S2TwKen for API(s) 3.0.0
KygekRanksUI 1.3.0 by Kygekraqmak for API(s) 3.0.0
LoadAllWorlds 1.1.2 by  for API(s) 3.12.0
MSpawns 2.2 by EvolSoft for API(s) 3.0.0
MaxEnchants 1.2.1 by Xenophilicy for API(s) 3.0.0
MenuUIVHPIG 1.0.0 by PIG for API(s) 3.0.0
MineLevel 1.0.0 by TungstenVn for API(s) 3.0.0
MuaDetuUI 3 by VanLXYTB for API(s) 3.0.0
MuaSsp 2 by NoobPvP2k3 And Shin1134 for API(s) 3.0.0
MultiWorld 1.6.0-beta5 by CzechPMDevs, VixikCZ, fuyutsuki, kaliiks for API(s) 3.20.0
MysteryCrate 9.2.0 by JackMD, DaPigGuy for API(s) 3.9.0
Napthe 0.0.1 by hachkingtohach1,tungstenvn for API(s) 3.0.0
Netherite 1.2.1 by Wertzui123 for API(s) 3.0.0
Nick 1.0.0 by MDevPMMP for API(s) 3.0.0
OakWoodHS 1 by BhawaniSingh for API(s) 3.0.0
PersonaToSkin 0.0.1 by XenialDan, DenielWorld for API(s) 3.11
PiggyFactions 1.2.0 by DaPigGuy for API(s) 3.13.0
PotatoHS 1 by BhawaniSingh for API(s) 3.0.0
PureChat 1.4.11 by 64FF00 for API(s) 3.0.0
PureEntitiesX 0.7.0 by milk0417, RevivalPMMP for API(s) 3.19.0
PurePerms 1.4.2-c2a by 64FF00 & ProjectInfinity for API(s) 3.0.0
QuestPlugin 3.1 by HmmHmmmmm for API(s) 3.11.0
RandomBlock 2.0.0 by Edit By Nờ Cờ Dờ for API(s) 3.0.0
RankShopSystem 1.0.0 by zZPROGAMERZz423 ( Edit: PhongGremVN) for API(s) 3.0.0
RedSkyBlockUI 3.1.1 by RedCraftPE for API(s) 3.0.0
SETVIP 2.3 by MCPEVN TEAM for API(s) 3.0.0
ScoreHud 5.2.0 by JackMD for API(s) 3.0.0
SeasonPass 2.0.0 by TungstenVn for API(s) 3.0.0
SellCommand 1.2.7 by Muqsit for API(s) 3.0.0-ALPHA9, 3.0.0-ALPHA10, 3.0.0-ALPHA11, 3.0.0-ALPHA12, 3.0.0
ShopGUI- 6 by ItzFabb for API(s) 3.0.0
ShopKeyUI 1 by VbeeMC for API(s) 3.0.0, 4.0.0
SizePlayer 1.0.3 by  for API(s) 3.0.0
Slapper 1.6.1 by jojoe77777 for API(s) 3.20.0
SlapperPlayerCount 2.1.3 by  for API(s) 3.12.0
SlapperRotation 1.2.1 by jojoe77777 for API(s) 3.0.0
SpiderUI 1.0.0 by MCCreeperYT for API(s) 3.0.0, 4.0.0
SpruceWoodHS 1 by BhawaniSingh for API(s) 3.0.0
TempBanUI 2.3 by SonsaYT for API(s) 3.0.0, 4.0.0
ToCao 2.0.3 by PIG for API(s) 3.0.0, 3.2.0
TopVoter 3.2.0 by SalmonDE for API(s) 3.0.0
TradeNPC 1.0.0 by Free for API(s) 3.0.0
VanillaEnchantments 4.0.0 by TheAz928 for API(s) 3.0.0, 3.1.0
WarpsPro 1.1.1 by nikoskon for API(s) 3.0.0
WheatHS 1 by BhawaniSingh for API(s) 3.0.0
WorldProtect 2.3.8 by aliuly for API(s) 3.0.0
cayphattai 1.1.1 by PIG for API(s) 3.0.0
iProtector 3.1.1 by LDX for API(s) 3.0.0
tichluy 1.0.0 by LetTIHL for API(s) 3.0.0

----------------------REPORT THE DATA BELOW THIS LINE-----------------------

===BEGIN CRASH DUMP===
eNrtXXt32zay/yo4yp5beyvJIvVWb3ri2E7sxnZ0LSfpturJgUhIYk0SLB+y5d1+9zsDgCRAO7bs
qLn3j+Zs1+IQnJkfZjAzAPj4d23O44Cmn1csTjwe1kadei31AlYbWb32oNWyerbVbPWsbqtbr2WR
OjW0m61OtzPsDge9YXvQGdRrPk3SozjmcW3071q6jqBZTRwf3TgMrgPe9VrAkoQu8NSH0GVzL2Qu
oXFM1+SKrUkLWswz33/j+djkYDSdfkhAr+n0kKbni2zNQvjJkquUR9NpsppOIz9beCE0uGDu5Gr9
2ufO1edVu2k1LWgQO+LEQUzn6fjIaDSdvmUhi2nKkf1J4tPQLSjNaBmhKlINJWPvrog9kLBXCtBb
7JXs9yrcgbMPwGuj/hC6OqYO/Py19qJFti1opz/cHZEIGrE0AInTaZZ6PsD9gH9GI2ZY5xgu9Vm8
44UpW7CY2HWSpLEXLn61rd/IveYqWlhW5zfyl5mrTnKdABD03gvrmV11SZOrJO8wtmP3oXue4x+N
HxeKhzyxw2e/Myc1utpnK+ZPp6f4pwTQbrXKg5YAY5MoQJ3xv5LBXuIsmZuBQYTWuXGs9oM6C4CF
6qzxIw8vsrAwaRvGqpDZ3kTmJD/ase44UtFSylTqNX6M75PWuV+atOHeWPw5oyHEhXin1+08LKrQ
qvFjQL3wchkz6h4zGqczRtO7wrv3C5+wGCLejt0eVKFJtaZTQ6/Gj6nnlLKTu3J6D8uxunZFjjwj
Ge8IFv0HWVjD4UMsxjF3ILjCqBe8Bg/z6g56X+CVpNCVksfwfh5j8fMMfu60reEX2Hz+7PAQokPm
pPnoeE0TdgBZIjnl1GVxndwzalSAOgPLnvLFAlupENNubRRhyvaDp0UkGVhaj0Pu3BkLsk8lA0sy
2LEsaBWzPzIvZjtKpUH3NxItaTza2zsY7QnF9gq99pRae8lKE9c4Gzfxki8qtFv77c96jW0h7/7l
yQ70lNw/e+GK+ysWsDAFkS50kZPW8rNA0Vh/OIETDncZouu34CQR//4xw7PJvsDwkuTNR6MFS0/A
8WjosJ1dcOertWiJITvdmdZEq2Raq5Nff9v9AXj3rZKnwzMY1jHwa4lTNpzCv+2iCRRLZOcfN9Di
H54AmpB/wk+8akX9Hwic+u+X0OKek7vke7IT0Bu43KpDQ3uXNAgYszzexeu//36X/BuFdpTwbiE8
F4+ArS40XqMwq1swXiOjdck4P0bG64JxTzHua4xz1rdfRna7AbJbFHhbKpAfowK3hQIDpcDQUCC3
KWjAbiIfTA7mImgp3da/5kaS1hu0JK+BVeUl8i/Yn6XC5DshuyYfwc943IYex35B1XbrpPSbHSno
19Zvucxfrd+gxZz6CZPi7KoYpc3334vTbeP0n0jqaCRBKO0pDnvqUBxIk4if2El/1v78u0L8u0L8
u0L8u0L8u0L8u0J8doVYr8lo5GMRFVJcwakZHECxGfR9uQhUazftbrOH9Mzz3drIbtn9es1LPrts
VRuJjAgFW8xT7nBg2+lbIMTDcm4+7Fode96b9fp9a9ByXWs2cDudWWc26wwHg1bbHnb6Np0B70zp
8skLXX6dkPNLcrh/ef72w7+Ozhsfz0mv2SZCPhn2Wi2yk7eTLkTslmWTC5tAD0GKFJXbkethptol
+2eHvQ7WlMsIBAyarabVhsNbFgKYWic/htOfeYIqnJyfXwJBHFx7oag6g4iDCT773iymsccS7D7q
LgFyzPZ+T3jYgDaqioXE0rRfzR173u8N+8N5i3Y6tDvvzhyb2jNQ3231e/actVh/wPrA3qWAAaIi
D/Yc6vszCkUqFFOeK8rmEXTOVcivw1fqLypbWnfmhTRei7EATVuY1tqvWnTGWBs6m9mDHq7bze2e
7fSH1KZttzccugMKqs07Jqt7hVvQQe1XvU5/0O/ANb3ezKG0z7qDQdfu2GzQdey2Y3fZwOl2qV1h
iCPYFyNY6dZ+1XY6gw61+8Bv3u+3bYcNgA0o1RnaA2oPZ7TdaQ17lsnJ5wvBwW5arwbt1gx61Hbm
wx6b91ttkIyAe512y57b8H9ty6Gd4R0OjSgVGSDvqM4rXNNsOe2ePXBcSnsz4GpZNnCed5yuCwZs
zbqO5bZNVgFNl0qb3isQ2u07s4EDiY8OB90hODu4d4/2BwN3NrTtudt15k6FRThLczyDV8P5wAaF
3f4cbOK4Q9rt9RiMkx701dwa0H6v26dsUOnc8mcjiIpx+uoJg05jFtMr8G3ZL6CT/aoLHWrbrU67
3bXZECwyZB3mzh02785n7V6n0+0PXNepmCkJOb9lqnt7r4YgZ24xEOv0rV6763Z6PTqb9fv9ec+a
D4asS4fOcNiqMIl8waEDo6g3aw1mfWc+cDp0Tq2+1YYLqDVrA99ZpzXoti2XWeAtfxZzSjE29x3q
ePQT5+7xRAt1BrleK4Mc4qBZuoQKDgvs10t6TUNvApF4iUGTRh6S2zAWWnjMQjrzGcQPSFoQ/VwW
QTTBK+FcwufpoU7A0qMiezrVJUyn5TmcJcOAwbD8fnL56f3F6SGQrtks8VJEgPOAff+arpNJRCEW
aNg0qg7NBifrmPDGS8/3IjKBPzAlX2wLYSTYJorrdEqFRglqBMWtDAMFvMnl/sXlh/FdcGHq7Wcx
fc1THZxGNeyG4dsAtyUs7xfZ7ZKGH4Is9TMwUCnfONjIXND8BHNSSP13UH1VYBmnHvDJn7yZd7Mt
UwlmEokuX1ZTm4K65Nx/zW8qeHKqDqVqpNr54pQGH8+3BUexk4CUAndd7n40UKsss1kT8vderhXi
y1L+xl/r2BTlARONT95uLVpIaU8wCFxwEq4qCiPFNASYolVxLEj555zH7jLzkm3p/zswDXOmEApA
Fy+EGrpUaiNEE+b7H04qoBRRxyV1NWCdsvTy5PjUADRo2s8FpNhtbpDXNLyCMPh5xcN5TAMNQ/XM
Ax4FdpltbZAAL0g8IPwJIBhLY85TI4tqxG+cQ0vJ1Qyan9kMVAoh7yNPMffpsDSymWR6JrTLay9J
QfUtoVLsEESpgXm0ESwvdpZ3Sh6d+q2tVYq+Y6781EbAfHrrhR/h6mSpI9PJ1aKg/XhkrovJ37PR
ed4bnwaeF6IeMLXX1TGPNsMIBfAk9CIWGxBLqhnu7CpC0fSYx94thxK4XpvAhJLF6YrsvMp/4qrD
wTL2ksY49gIGZ/Bvlpx+3DU6x35qp9TO1mMfxp5mel0b7I0Cx6ZpWXRKDC0cCoPD6BSNapq9a3bJ
0Yr7E1B0a/5cCgZIhhYPFLXLNI2S0d7e9fV1k4FGyL2ZXgl8uKLBYixYEh2gTjYR2tUsd3DLnOX4
7JCtsOlH78a7Oj40AFu95yN2kHsUuMB9Op1JtVJUC/CbSj5oy7wLtFJL03vPYCW6hYenNDN6RFLM
ec1Go/y5tn5Kps/Wb7wbQ11BeCDc5hmkXjuHWcb+L/cEp3azL6pmrFrk36HA+1VBS2q2ObQDGseV
7F+QvnE2yeVWU4mkbwRmiYuncNnSKCkN8iNF5b8uX//EYk5+xeVFMluT84PDOnm7hDhQJwdZDDNf
lqSHMb1ivd5v24J+wbzQoTBJE1XCxrYL3AmU4GZG0YjVlFmBeszTZAkdfrgtFE7gJlI0GE1X43Ek
MHfYHxs2U5RqQBiaGHjIZvAf+Y9YDiav12TCwnfUI+/nc8/xqL8tbErQdOqAYsAQEBYaPg4v5kky
49c6vpz0wCCbQGql/7qsQOg+F4JiB5or2U/wNAjPi2NOdQA56duF7IPjp2icpDw4SVlg6FwQHxkb
4yXCo7dbU72QvDmEw6OPXiw0LAAUpGrR0DfVj/gCd2igSHz/hm1t9U8wnU5XQoXpFIoG9UtT65HF
v0MaLt96uh/lFMON/jIX+jhjDPf/hMwnmILGV+/p1Z25l0n/xvnSEF5NmtrJjQCyVC/HxKEOR9Qk
5PXR5T65JwofnO5jnUf+8x/yNmYs/In+zrdWlCvmYCwvFN62sdHYqlp4FyRz/FidZtXlii1Tcslo
YNbb7a+wmVIAN55XldL6obmFVliXqu0VPBCtl6A6ny/PL3XAGvWh9dptuaQUB9KqZvpSQDhyeMiD
tZn8NaKudBcKZvve/L/1LM+kBiLRG9o86nVHoQMFf/rh5OOxjkijmnaorDx9kFvA7+OtYSo5ApRc
jc1H0RsaB0bMU4RvHOyk1GqUQ+pGIIyF/juL/Hfz/xcmbc9V/inr/G94HJjDIaeYOrerOv/Of+es
j/++brFHW+MvOEJXSyWKH5tCOQnogiXm9Nmk39m++GJksqxm57lYguyPBKsXfAbKE7LnT5knHzPq
v2Eos0BRkB7xpUM6pxd0CdNGj4bbS/4a0+k012VzQCfh6iCmydK0jE59gl06zweS28ULVw5KFlbZ
fAURFJ4wZiJAwiM2MRdTt7WkZK6JSk2eAuYnmFKesVCvxArSt9mV/P0J85OfsnDhszs1sUH+xllC
l13NFeW5TcC9YywCA7Iw5bGeO0x6xctMgO+WnL6lAUgfx3xbCA2m06mhzuamAy4MJ6N4q64OTic/
MoIm9uX1OxZuEVchetPa8d16wa4uaHiVGMt9BvmRnCnaxvSPgF5tDUnJEuyj6bK5eTBi7Pv+Jx77
rj59MemVOUylNDbi81fUAFc8BGdzYJoxnaLi1PevhfzN4ZyJe5Z0IDmlchvTX7u7o4SC3oX05+3q
nNEbVUgbmDRqdXmmEvp+ZiEX91I5622B01iiYQpVjIONjAXJBqcpmFQ0cBr1saWz7WWjAKQ+wc1g
SiyesND1LmiPaH0J2SFJWfhxaxGt5CiWLqQa2s+NIGUUl2KM8FbSjK0ME85HGp7+/K/L11tbN6Ph
UjAEAFL+E+yS0UkSmQiQ8MCKH97JMl6N7as22Q9dvI8xtKx2Z2uRQCjwFAR+6omoa6AoiJV7SZqt
xoyltPvoRu7BL+ItCOssTbIrD35fUd/zrsyC1G5taXs3QIVF7EYjasp/zdauxgg7ao3b5esDfN5I
7yqdrHfW8O5+N96sdoYqHNKxt3ibmRFy+BW1oWAM0DVlNnOBe7pAMtszgAH+cxqlSx25Ijw8laot
qbPEG8ZSjr+seqpCx2prwagiYTqViuV/NxkE5wwaxp5h2JL2SMb7xOL0NvMsu70tRCVHAJGr8Wx7
ltz2SkwI2ryd9/zOLbx3MwmOi/HZ2XhrwUrxA5hPuoH3vv2K/7O9ii/uUzxhj2IMCvOQXvLJladv
ipn0R4Ya1Eke9Q8pNjyE30xW0+YCv/VcmDeCu4srMoZWT1kEgKi3WL+hDj7cpNeXJv2Ru4buDZ5P
37gwV+JFrFeUmlJUbmxqBebxxbuDJRV7j/js1HHm1vRVK6kWdI+OpnL4jPGbM94zGWF38pSm3BgF
BekbD4JcbnUMSPpGvpHFTPSuBiYnmR7RQS82EPU6b960Wk/CIpiDIweiIqm4RtVk+U9c7KjDOFt5
PEvGR42iSdkRn6UugFwpX/56hu2FkuoR8IKN6qyjMPVSjyU/V3qspJvxol8dSIHnX7U6Fu6vXwCk
FfXvxHbrK4qSWPKMggDK0SjDzVOpmOyRXM0nbxJquu6ZeFXHSKuanSJpVT+yG45N73Ml8l8EbI1P
7Z6Ecy/00q1NZg3/EFppP7fgIZIP9MT/ZCxJx+pdJEVf6FTzdrHKkDoOAvgf/Kukj8eG1cSnEd4Z
9VDBFgRL5Dyd/oHaTKdCqWdgz3Xc01EB9AvxPKpYstag69TqjT2VkZHfcHU+zSzmuuRA/T2Uf7d2
a1yp0ea1D664TZY8mmB9Hpj49BOPlHK3v4wv3r/dPzu6+OW2Y7fJjrjLbETGSx4u3sYs+Hi++/SA
qsJcuY+mu3ZJze8ve7hvNDRP6B7jpTta71RexmO4ftX5y/dObO8uyC+8ySL/tQm2ydHlx5OxBkoR
TG+uLJecHYyPPp6Ty6P9s62V7YIlvgMh/ehFG2me10ua7jnJvA3iS5Pmbe2iqJlyLr38tREMRqHw
HdNETy8a8ZGw8tcuxJV66L83g+X7BzwIzB0TnfrIPXlnYqOzCqqxfzo+3h+K27+LQ6tVObYqx3Z+
/Ox7QUHv+7ZaHsAPcebth5OGDj4n6cgr97OcpLdv6Oxpj7iZsw59S/oBREoQmHXJo6fBesfWRhgs
aQ9MEPBOwrODZz1zdE+QryydPbS9xNao31O2kybeLZQ/dG3cJ64RH360akujUMg7RXlgouL3Ruqr
aknTXVGq667WZjfEfAWKREp+9jpTqdJeDqJEKM1xgK8ZuwtWP2mGUOsBg33Nzh9LYU7vOY4DBruj
wxO8T157gZNc827m6plH1hC/YM6v8UlTgSdgijyXxWbQyEmPLQ8eHMAsD6TeubH/qx9YzFV4Co44
c+7ewmGQv/EiiS67ulBSntsE3CULotc0NKxU0h6sB+9/8uLrDZQ/gVGosbmpLvkB5ToScfyMhy/q
X3dPoJAL0/GTt0/RPfrIzWc8C1L1qdfqbSbUD3h4+JVzDHU/N0rUlqFy3mAPpU35ayNYMXXZ+fhA
h5WTHokCbyAGbK2+VTI3twc+tez7VK3a4lut9Fr9vrN3ngWoFO1Ltn87tAf3Opv1fGgrqQo+bBWz
Z6TbXK+9+zBBR3yicSQWLEv0Bal6e00l9oXeFU+u+NZmKbnc6VTT4FFLfloyaj69mVO+cdhWYqsR
W5A3AoK7MAA6xfcDa2h0ciVkNwcmLOp7mb+1NUjJbToVG+aR1GCTG9Pu8cKzzIvnHvNd/ZVe+UtL
U4gEe4F4zHzPQAud4tB1tKRpSj2tSzTiIy66xTtxnOgJFZ+nIHA94GvERxaWTg9/3pbawGo6LSU/
u2wHPg1c0NnTUOD7ej1n6Wf67aE55ZHwf9+ra74CppK6qYXwTWo0BoXB5ypPO+WvmBQzUPHqxSb4
PlSrYhdiVHsxLo7IAQ/n3oLg28Sn8TR8MaEpOecrYveJ1Rl1rFHLJp9OXhO7ZVvYIOCp+/KdeI0T
HEnujYjH6UtriNv4QLxego4N30vSl3w+RwoNQ5huODhecO7RoM7SY/J94slLKNmRE97N11BDFLr8
ZUtIozfqmuSlLSgLQBxwl8nzcx4D14KmxAF0F9e68uNoFSkprodPFGd+un5pC27F+38TluIbXJKX
SJbvokZveHnKZ7P1JAsCqCuKMwljrtYQX+L+8vDozf6H00ukSus3/shYvFaCFSl2AJnSCn83I5ok
EJzcl/8U/6CrspQ3Erpi6sKVx64bridfkP5ygKSbGb9poB+qJj4NFxldsJcsXOCx8Z6+5jrA9/S9
IOhVxBHWzmIxUxJGF+8RN1wHnIBAyk0YyfuE0JiRdMkID8FjYEKZEgdNmpIZI17o+JnLXPhB7jgb
8prwAK6cI4Mqz4TOWZ1wvFUjQZZkFjN6RdY8ixUv4s0JmNaDyIsSwKr47nkI6cD4nF0X7PZcNqdg
14Rc8/C7lOCUkMYEezMAsPjOzDVqmC69ROK+XrKQZNEC6i5g0JyG6M2S2WgaEvICsh4qRlIOUkKX
AAv1Jlrog5iGiY8P+svTQlWfgxiACr9YKvoLH651GFmKdykjJUDO0mlzq43k68rxRLLMUpfDMFBv
/x+RaU29OtXxecLcaU1otu/7/JrgAANl8hdnk5VHyf+gy2Eb4Xt5ehoRDEPi0iPhh+oaAnoRHCgE
LAadgtxma6K6Etsrty1Oa8q++AS1GHgE9Ct1XRKzRHY/diu+vZgEjCZZLAY5gU6fMVQaOof9kVEf
u23hraDtivoZIztKKMSZXeQuJcKAYRhbGtDt+OrgEZwWss+zYAa9Al61n6xDB98iDYaPr8CPmqLB
B+gt4do5Umy2jDnEIbAevlO7TkRRQFQIgPFQJ/gGWQCCIV/0DcRbpAVZCB6ETSTziTAvYAIvi/mN
Bx7GoBsAkvDcsFAO+1YpdDJHX8U26JN14qXfQfelsbjMZRj1hMtULiY7gCGDcWOLbhEwGgrpSLCq
+ioVzhFnId7xjR4I/R4JI4g3wyRNcshW6jcJvMUSBjOuzNb1waccB3skjrMolVTZYdgxAeimcAnj
wqAUL9Z15YCgK+65oPb9GqCPoM9x6GjwrqbmaNC4IRsVngZJAIJ7vJaD8q3PZ+A9mEOJpMM4CLwU
x3bAFnS2TqHHyUR2dUt0rnycVVx+iVa79kTPC4+CQXvdkIxyJ0sEwrkHKkJEYvhYBrKZQ4mXi5RO
DtbKcJiSBQdDcRym6BUoaCHUbAjVRqSFKEC6CMHy5bb/7xFgUfKQ/phjv07/JOWRUEGFz0IlxS4h
ED4wP0LcyxVCqblWVsvuKMVEEPgkRoXSL/luCxqKcSFUwohBnAySTwjJh7Ab5mQi+HKpshyRmKyK
1uzGgSohKRHJwPX+8mhELo9PJuT05OzkkuyPx6cnRxMyProgUOa9O7qoE2hELt9DqyPy6fj96REZ
X7w/OJpMmtUQYPSH3e2p7hiz2OMiIWMgThCgs2QiJIveKIKtBX0PJYErYoto0sCdCxlmBSsoDwEn
BGjwJsT7JWeTTgaVHybAEJspYYKzZAKhtwzkMiMJGe8xh2CeFxc077ZGX1AVNZgtYg6WA7JnUV1p
V3ltgQHci0VJCbXdUliT3ftVUsjbCvmCxjMYGQ2H+76sSEUAur93xVBDddRVRF0FsTugYSaKD10T
KMwy8MHdep4Tqk6Yu6FMr/M58JJ4g3IINsl7GfOlw0P1wDPfLXTxIIlch6TUP5GMI6E+AO21Wgor
SHsjgsWdJClcR3IosM1jHuTJVl6tWjR019QtjGiUJe/4BrnHpQzvmOQFI5os5uKlxbkju1kQyepK
lnBEnWjgidxeh9hIXSB0F2rmCOAI0jwMdnpPB0PShsQHElbgZEmSMQwM6RKstsirTQxaKK3Uqp4b
UtYIqqhsSm2w6Rf7CWc7zjILr5Jc9wMaIdULsgByLL4fkORzATQkkXMjqUXZrzheVFeKEXPXx6DY
jpRGQmADq+AMkm6nsNghl6eqPo21EUY9yV82zoeQ5KUa6shE5dBwYN7HCmz4mglRq0D5iL0H2skC
Q3KJKM5JiLxGIizRwWWqPyWeXDI2Lqtd7EAfpwGK78OsHvLDaRiyFA02UikCSrMl92WJOaMpzGex
EhcqJ/g5GKKSjIhtcuajzsrUMmNFsSnT2wvdSvkpDKvxOkXmddKwNAMK4wnBjTRXRqUAEbXLOlZM
UbGEdCVynMuIQh8vBqJSq0mOoRYU39LC4o4cjD/U4VrQYQbj69pzwe1FrSCjZ8G/IfiPSC8vu8uK
PBG9o7Vtkn0XAtWS+vM9fN+XmCa4DHxYiQKhBJc90MG0gVimPY2ZPhU5usGohiUm9ZsElfgwDsd5
sV1OAHEugUpdQ9rEC7MojBrquDK7OVOjLvFuWWFPLMtzMyaY8FTJBGW7dA8ttXaGtrxot0nG6hqf
xgtxAVUzUeULQuI8pguEADaBbksiX1QsOL0MQHkc7DRGOx34Hq6biPkyfo6EJSk5u/wgNE0AEsKe
ZSnB+bkwZSlOTi6aeawJ0qyBV42EtujlLptli1E+YfmRWDhRUeXaEoaqOE/U9DSRE2r05DDhMnEp
b7CQmQxOktvBksMEFj0wn6ewfCYqIphLU0oSusojJa6A5KtFeE6bwoJiYlVNFixqPeJ37oVyMiwW
i74jP8/4DXp9TE4Oyc7PH04OdwEzuDzoAO2vIdxHsby9GRwD5y8xTF6aZQUInsBFE9HZIXj6z69P
c/5qbqNRvhPCcMlIJE2oPnCSK9KwwMbz1RGVQrRFnPlciIVz3nzduMk8t0RLoUyB4MZomodNgC+/
5pLPAsQMUikKbsOYnKKF3MGvB4hrwWvO6Bo8BmeSAV/lk3LMaCoNiFDcyM9JkUkZAPN1L32B5FKs
cEh3lx8llraQTxZL9bJErbQ4MJBTGerUNQ15zYhEUCOtPB/FyDCuQpSSgnmIhotinhDiZX41Hdbz
VsaC2b2LUtLI+wHeASEm2iLlygGNXalMjPkVI5RYjgA3xN8iQcLFFyJdahcL4CGT098Zk8xmbI7j
Tyxtigy3zP1duLhY8TQSr4SPggr4EIcIraoayS9DgTQGOe0+LVv3q0lj4AT+kQ87UDa/GP8W2rTF
WMbFgUYWgf+yRIuNDuZUIUgs8upD81AIk5//EwEI+5PFaGkiv51DFDqiFlPyBC4/+qhDB34NYpMX
ZBHjnX5F95QLNkUPNe92kQpN19QT8zQIkzCJkbaJeJT5uTOqA8xkoo0KiG0RDkWB34hUEMNcgnEJ
kp0qncVirVyiGqkkjitqYtooyTIHKnvh+8KLtQ5tkKO/N/CbmRVSMdxMcrSEanPONYvAKGvIDY+i
5ZKjZYQqTXwwoelxoTEEsnWA054Eb5dJAGFSqo5zOXWelOcFBBHE6GIRwwRaLpaplTW5gIAfPbyq
4hP6wQh+f/gev5zVUCFfZj4MCtdM1taU4NceUWIiFC8BCFpTW86GRFv0vHRNaZw7nQoGleeVM0GO
x88/iUyll4iCzvWug6o7RD/RVq7qEB+jJa0TfCRYpOe0qMIg9M5ZDJV2AyNQiOlPns2zlcwV1FgJ
UxtLWnrNoOKETC6iWB4sFENheXk+l3HH0hKrburUC8pYrfIvMsX2OBIwNKNlMWCiQLHEpy7Kl3Ob
pQB1RpeQ9+bDGV6FbWldOSq0lRPFA9inqj/zNZKlIoqIgZMcVTeriIFLzjA1cUXh6M0LRjD7ACBy
fwEjUL5wIGMc8FMhMs9s1PdoomYlUEjSIPLzIyx5QEdlq1FuNHkO/BZXsEbkV1GrQP6siyWt35Cp
TIFFmtT3PQQMrBtjz1WLBvkmlFgNuC9jiYQuMnQi6mMx2cTn+CKfqXSrqy/lCrr8SXDDCrOCzF6l
xBF5c7p/ObJ/6Ne7wxur3r5p1+0frB9crIfEON/BrW3x0dSXg5YMxfKo092VRZ7cYtDn6nKEY26B
PlZLaaL0EGthYDVnTeSHBLM4D8r5BCUuNidExAE+kKocsfmT5B3WyDc2wBdkNfvijQg1QpRobzDJ
RKWgvmWsURqitNRqPi4+m0rYDQS+RM3tnCucHSRiHgM9MvOgLl/LGk60Q7wefsDYl2lEjhmJUvCH
YiQuYnWtXmM3KQuT/LlQcU+M9sG7maO+W1ZQcFMpdGls0Hjw2eUpBEODqr4mXRKy2NePXfFEf3k8
93xxQ1dJWQTG5/eWNDF08WCUrXQCflRPPw5mcovMoMGIz99XKV4Pg7UZAHL1RpFj9sMFm6vVBp2a
iESQmCQoWQKdMhmfGuLXyR+++Iqg+kWKUym/YiHke6MLbm4U6pa6q2FNxRaqrW5mvfUieafGUHzJ
4FZ+ka24HA5vArPXOapnt1pty7LxIYHx4XsDuss/C9WqRCB5psEgIIRJYjSceDjkfz4zMFc0gEOc
R1dwBv41PiFvELVv7+V3iI2XFd/DAkt8ydAWnSQfqPMW8hOH6gZAfIBAzBncmWqErJx4HaVcEWzZ
WTAb8KVbtpry7Vtltv9cytLO48YgFkCG37p3TO4ZXiK6sq2TYM6XiXi+yKQv5vx/wSLu/VgsF5UX
/Pnn/wLGbszg
===END CRASH DUMP===
