PocketMine-MP Crash Dump Sat Nov 27 15:31:13 +07 2021

Error: Undefined array key 0
File: plugins/RedSkyBlock_v3.1.1/src/RedCraftPE/RedSkyBlock/Generators/IslandGenerator
Line: 79
Type: ErrorException

THIS CRASH WAS CAUSED BY A PLUGIN
BAD PLUGIN: RedSkyBlockUI v3.1.1

Code:
[70]       $blocksArray = SkyBlock::getInstance()->skyblock->get("Blocks", []);
[71]       $counter = 0;
[72] 
[73]       for ($x = $islands * $interval; $x <= ($islands * $interval) + (max($x1, $x2) - min($x1, $x2)); $x++) {
[74] 
[75]         for ($y = 15; $y <= 15 + (max($y1, $y2) - min($y1, $y2)); $y++) {
[76] 
[77]           for ($z = $islands * $interval; $z <= ($islands * $interval) + (max($z1, $z2) - min($z1, $z2)); $z++) {
[78] 
[79]             $block = explode(" ", $blocksArray[$counter]);
[80] 
[81]             $level->setBlock(new Vector3($x, $y, $z), Block::get($block[0], $block[1]), false);
[82]             $counter++;
[83]           }
[84]         }
[85]       }
[86]     }
[87]   }
[88] }

Backtrace:
#0 plugins/RedSkyBlock_v3.1.1/src/RedCraftPE/RedSkyBlock/Generators/IslandGenerator(79): pocketmine\utils\Utils::errorExceptionHandler(integer 2, string[21] Undefined array key 0, string[114] C:\Users\DatNguyen\Desktop\sv\plugins\RedSkyBlock_v3.1.1\src\RedCraftPE\RedSkyBl, integer 79)
#1 plugins/RedSkyBlock_v3.1.1/src/RedCraftPE/RedSkyBlock/Tasks/Generate(27): RedCraftPE\RedSkyBlock\Generators\IslandGenerator->generateIsland(object pocketmine\level\Level, integer 300, integer 1)
#2 pmsrc/src/pocketmine/scheduler/TaskHandler(137): RedCraftPE\RedSkyBlock\Tasks\Generate->onRun(integer 1956)
#3 pmsrc/src/pocketmine/scheduler/TaskScheduler(179): pocketmine\scheduler\TaskHandler->run(integer 1956)
#4 pmsrc/src/pocketmine/plugin/PluginManager(654): pocketmine\scheduler\TaskScheduler->mainThreadHeartbeat(integer 1956)
#5 pmsrc/src/pocketmine/Server(2389): pocketmine\plugin\PluginManager->tickSchedulers(integer 1956)
#6 pmsrc/src/pocketmine/Server(2152): pocketmine\Server->tick()
#7 pmsrc/src/pocketmine/Server(1992): pocketmine\Server->tickProcessor()
#8 pmsrc/src/pocketmine/Server(1586): pocketmine\Server->start()
#9 pmsrc/src/pocketmine/PocketMine(319): pocketmine\Server->__construct(object BaseClassLoader, object pocketmine\utils\MainLogger, string[30] C:\Users\DatNguyen\Desktop\sv\, string[38] C:\Users\DatNguyen\Desktop\sv\plugins\)
#10 pmsrc/src/pocketmine/PocketMine(349): pocketmine\server()
#11 pmsrc(11): require(string[85] phar://C:/Users/DatNguyen/Desktop/sv/PocketMine-MP.phar/src/pocketmine/PocketMin)

PocketMine-MP version: 3.25.6 [Protocol 471]
Git commit: f95142f6b677180dd1b8d44b4bb49880329472ab
uname -a: Windows NT DATNGUYEN-VN 6.3 build 9600 (Windows Server 2012 R2 Datacenter Edition) AMD64
PHP Version: 8.0.13
Zend version: 4.0.13
OS: WINNT, win
Composer libraries: 
- adhocore/json-comment 1.1.2@fc2f76979f0a44a5f5bc2a2b600d0762fe0e78e7
- daverandom/callback-validator unknown@unknown
- pocketmine/binaryutils 0.1.13@0abee38d4e2861621f262c79a2a3d699d8a697f4
- pocketmine/callback-validator 1.0.3@64787469766bcaa7e5885242e85c23c25e8c55a2
- pocketmine/classloader 0.1.3@3c484a27787f7732ce842ed694928a29ba340961
- pocketmine/log 0.2.1@830b44a2cf96ef703c550abe64302f230231ca49
- pocketmine/log-pthreads 0.1.4@01620c3628cdaa6b4a21122cff4c5d2f70b5c1d3
- pocketmine/math 0.2.6@43057cb8c179a9859677b496a788db922fd5cfc3
- pocketmine/nbt 0.2.18@9f82ca4d7f97fcd9a566e44b63c4f18a7657ae82
- pocketmine/pocketmine-mp 3.25.6@f95142f6b677180dd1b8d44b4bb49880329472ab
- pocketmine/raklib 0.12.12@5abe22043352e94099e4edfcef5fb3644578ddc1
- pocketmine/snooze 0.1.6@92abf1e988c71635d466abb777f61f89e5a9c990
- pocketmine/spl 0.4.2@6b08b7cf8c4afa17139c9a1b3bf1b408531de161

Loaded plugins:
AcaciaWoodHS 1 by BhawaniSingh for API(s) 3.0.0
AlwaysSpawn 2.2.4 by Philip Shilling for API(s) 3.0.0
AntiAuraBot 1.0.1 by  for API(s) 3.0.0
AntiInternalKick 1 by Jibix for API(s) 3.0.0
AntiToolBox 0.1 by NgLamVN for API(s) 3.0.0
AutoFly 1 by PIG for API(s) 3.0.0
AutoInv 0.0.10 by JackNoordhuis for API(s) 3.0.0
AutoSellUI 3.0.0 by LetTIHL for API(s) 3.8.2
Banking_vonfram 1 by Noob for API(s) 3.0.0
BeetrootHS 1 by BhawaniSingh for API(s) 3.0.0
BetterVoting 1.6 by Twisted for API(s) 3.0.0
BirchWoodHS 1 by BhawaniSingh for API(s) 3.0.0
BlazinVanish 1.0.3 by PIG for API(s) 3.0.0, 4.0.0
BlockSniper 3.2.3 by BlockHorizons, Sandertv (@Sandertv), Chris-Prime (@PrimusLV) for API(s) 3.2.0
Broadcaster 1.5 by EvolSoft for API(s) 3.0.0
BuilderTools 1.2.0 by CzechPMDevs, VixikHD for API(s) 3.16.0
BuonLau 2.0.3 by PIG for API(s) 3.0.0
BuyFix 1 by Twisted, NhanAZ for API(s) 3.0.0, 3.7.1, 3.8.1, 3.9.3, 4.0.0
CarrotHS 1 by BhawaniSingh for API(s) 3.0.0
ChuyenSinhUI 3.0.0 by YTBJero [Edit by NCD, Ghast, CurlliestDrake66] for API(s) 3.0.0
CmdSnooper 1.0.0 by HotshotHD for API(s) 3.0.0
CoinAPI 2.0.9 by onebone | Edit By SenKai Official for API(s) 3.0.0
Crossbow 1 by SonsaYT for API(s) 3.0.5
CuongHoa 2.0.3 by PIG for API(s) 3.0.0
CustomItem 1.0.0 by Phuongaz for API(s) 3.0.0
DEVirion 1.2.7 by poggit, SOFe for API(s) 3.0.0
DanhGia 2 by PIG for API(s) 3.0.0
DarkOakWoodHS 1 by BhawaniSingh for API(s) 3.0.0
Detu 4.0.0 BETA 2.0.9 by CLADevs || GreenJajot for API(s) 3.0.0
DevTools 1.14.2 by PocketMine Team for API(s) 3.13.0
Disable_TNT 0.1 by  for API(s) 3.0.0
EconomyAPI 5.7.2 by onebone for API(s) 3.0.0
EnchantUIVH 0.6 by UnknownOre for API(s) 3.0.0
FarmHS 1 by BhawaniSingh for API(s) 3.0.0
Fly 1.0.0 by NhanAZ for API(s) 3.0.0
FormAPI 1.3.0 by jojoe77777 for API(s) 3.2.0
FormImagesFix 0.0.1 by  for API(s) 3.11.4
HealFeed 1.0.0 by DafaRahestian for API(s) 3.0.0
InvCrashFix 0.0.1 by  for API(s) 3.14.0
InvSee 1.0.0 by BlockHorizons for API(s) 3.0.0
JoinMenu 1 by PIG for API(s) 3.0.0
JungleWoodHS 1 by BhawaniSingh for API(s) 3.0.0
KeepInventory 1.0 by KhoaGamingPro for API(s) 3.0.0
KhoeItemHand 1.0.0 by S2TwKen for API(s) 3.0.0
KygekRanksUI 1.3.0 by Kygekraqmak for API(s) 3.0.0
LoadAllWorlds 1.1.2 by  for API(s) 3.12.0
MSpawns 2.2 by EvolSoft for API(s) 3.0.0
MaxEnchants 1.2.1 by Xenophilicy for API(s) 3.0.0
MenuUIVHPIG 1.0.0 by PIG for API(s) 3.0.0
MineLevel 1.0.0 by TungstenVn for API(s) 3.0.0
MuaDetuUI 3 by VanLXYTB for API(s) 3.0.0
MuaSsp 2 by NoobPvP2k3 And Shin1134 for API(s) 3.0.0
MultiWorld 1.6.0-beta5 by CzechPMDevs, VixikCZ, fuyutsuki, kaliiks for API(s) 3.20.0
MysteryCrate 9.2.0 by JackMD, DaPigGuy for API(s) 3.9.0
Napthe 0.0.1 by hachkingtohach1,tungstenvn for API(s) 3.0.0
Netherite 1.2.1 by Wertzui123 for API(s) 3.0.0
Nick 1.0.0 by MDevPMMP for API(s) 3.0.0
OakWoodHS 1 by BhawaniSingh for API(s) 3.0.0
PersonaToSkin 0.0.1 by XenialDan, DenielWorld for API(s) 3.11
PiggyFactions 1.2.0 by DaPigGuy for API(s) 3.13.0
PotatoHS 1 by BhawaniSingh for API(s) 3.0.0
PureChat 1.4.11 by 64FF00 for API(s) 3.0.0
PureEntitiesX 0.7.0 by milk0417, RevivalPMMP for API(s) 3.19.0
PurePerms 1.4.2-c2a by 64FF00 & ProjectInfinity for API(s) 3.0.0
QuestPlugin 3.1 by HmmHmmmmm for API(s) 3.11.0
RandomBlock 2.0.0 by Edit By Nờ Cờ Dờ for API(s) 3.0.0
RankShopSystem 1.0.0 by zZPROGAMERZz423 ( Edit: PhongGremVN) for API(s) 3.0.0
RedSkyBlockUI 3.1.1 by RedCraftPE for API(s) 3.0.0
SETVIP 2.3 by MCPEVN TEAM for API(s) 3.0.0
ScoreHud 5.2.0 by JackMD for API(s) 3.0.0
SeasonPass 2.0.0 by TungstenVn for API(s) 3.0.0
SellCommand 1.2.7 by Muqsit for API(s) 3.0.0-ALPHA9, 3.0.0-ALPHA10, 3.0.0-ALPHA11, 3.0.0-ALPHA12, 3.0.0
ShopGUI- 6 by ItzFabb for API(s) 3.0.0
ShopKeyUI 1 by VbeeMC for API(s) 3.0.0, 4.0.0
SizePlayer 1.0.3 by  for API(s) 3.0.0
Slapper 1.6.1 by jojoe77777 for API(s) 3.20.0
SlapperPlayerCount 2.1.3 by  for API(s) 3.12.0
SlapperRotation 1.2.1 by jojoe77777 for API(s) 3.0.0
SpiderUI 1.0.0 by MCCreeperYT for API(s) 3.0.0, 4.0.0
SpruceWoodHS 1 by BhawaniSingh for API(s) 3.0.0
TempBanUI 2.3 by SonsaYT for API(s) 3.0.0, 4.0.0
ToCao 2.0.3 by PIG for API(s) 3.0.0, 3.2.0
TopVoter 3.2.0 by SalmonDE for API(s) 3.0.0
TradeNPC 1.0.0 by Free for API(s) 3.0.0
VanillaEnchantments 4.0.0 by TheAz928 for API(s) 3.0.0, 3.1.0
WarpsPro 1.1.1 by nikoskon for API(s) 3.0.0
WheatHS 1 by BhawaniSingh for API(s) 3.0.0
WorldProtect 2.3.8 by aliuly for API(s) 3.0.0
cayphattai 1.1.1 by PIG for API(s) 3.0.0
iProtector 3.1.1 by LDX for API(s) 3.0.0
tichluy 1.0.0 by LetTIHL for API(s) 3.0.0

----------------------REPORT THE DATA BELOW THIS LINE-----------------------

===BEGIN CRASH DUMP===
eNrtXXt32zay/yo4yp5beyvJIvVWb3ri2E7sxnZ0LSfpturJgUhIYk0SLB+y5d1+9zsDgCRAO7bs
qLn3j+Zs1+IQnJkfZjAzAPj4d23O44Cmn1csTjwe1kadei31AlYbWb32oNWyBv12sz1sD4b1Whap
M61us9OxhsPOsNXt9K1BvebTJD2KYx7XRv+upesIWtXE8dGNw+Ay4FyvBSxJ6AJPfQhdNvdC5hIa
x3RNrtiatKDFPPP9N56PTQ5G0+mHBLSaTg9per7I1iyEnyy5Snk0nSar6TTys4UXQoML5k6u1q99
7lx9XrWbVtOCBrEjThzEdJ6Oj4xG0+lbFrKYphzZnyQ+Dd2C0oyWEaoi1VAy9u6K2AMJe6UAvcVe
yX6vwh04+wC8NupDh6YxdeDnr7UXLbJtQTv94e6IRNCIpQFInE6z1PMB7gf8MxoxwzrHcKnP4h0v
TNmCxcSukySNvXDxq239Ru41V9HCsjq/kb/MXHWS6wSAoPdeWM/sqkuaXCV5h7Eduw/d8xz/aPy4
UDzkiR0++505qdHVPlsxfzo9xT8lgHarVR5YAoxNogB1xv9KBnuJs2RuBgYRWufGsdoP6iwAFqqz
xo88vMjCwqTWsNsTMtubyJzkRzvWHUcqWkqZSr3Gj/F90jr3S5M23BuLP2c0hLgQ7/S6nYdFFVo1
fgyoF14uY0bdY0bjdMZoeld4937hExZDvNuxIapV5Em1plNDr8aPqeeUspO7cnoPy7G6dkWOPCMZ
7wgW/QdZQLB9iMU45g4EVxj1gtfgYV7dQe8LvJIUulLyGN7PYyx+nsHPnbY1/AKbz58dHkJ0yJw0
Hx2vacIOIEskp5y6LK6Te0aNClBnYNlTvlhgKxVi2q2NIkzZfvC0iCQDS+txyJ07Y0H2qWRgSQY7
lgWtYvZH5sVsR6k06P5GoiWNR3t7B6M9odheodeeUmsvWWniGmfjJl7yRYV2a7/9Wa+xLeTdvzzZ
gZ6S+2cvXHF/xQIWpiDShS5y0lp+Figa6w8ncMLhLkN0/RacJOLfP2Z4NtkXGF6SvPlotGDpCTge
DR22swvufLUWLTFkpzvTmmiVTGt18utvuz8A775V8nR4BsM6Bn4tccqGU/i3XTSBUons/OMGWvzD
E0AT8k/4iVetqP8DgVP//RJa3HNyl3xPdgJ6A5dbdWho75IGAWOWx7t4/fff75J/o9COEt4thOfi
EbDVhcZrFGZ1C8ZrZLQuGefHyHhdMO4pxn2Ncc769svIbjdAdosCb0sF8mNU4LZQYKAUGBoK5DYF
DdhN5IPJwVwELaXb+tfcSNJ6g5bkNbCqvET+BfuzVJh8J2TX5CP4GY/b0OPYL6jabp2UfrMjBf3a
+i2X+av1G7SYUz9hUpxdFaO0+f57cbptnP4TSR2NJAilPcVhTx2KA2kS8RM76c/an39XiH9XiH9X
iH9XiH9XiH9XiM+uEOs1GY18LKJCigs4NYMDKDaDvi+XgGrtpt1t9pCeeb5bG9ktu1+veclnl61q
I5ERoWCLecodDmw7fQuEeFjOzYddq2PPe7Nev28NWq5rzQZupzPrzGad4WDQatvDTt+mM+CdKV0+
eaHLrxNyfkkO9y/P337419F54+M56TXbRMgnw16rRXbydtKFiN2ybHJhE+ghSJGicjtyPcxUu2T/
7LDXwZpyGYGAQbPVtNpweMtCAFPr5Mdw+jNPUIWT8/NLIIiDay8UVWcQcTDBZ9+bxTT2WILdR90l
QI7Z3u8JDxvQRlWxkFia9qu5Y8/7vWF/OG/RTod2592ZY1N7Buq7rX7PnrMW6w9YH9i7FDBAVOTB
nkN9f0ahSIViynNF2TyCzrkK+XX4Sv1FZUvrzryQxmsxFqBpC9Na+1WLzhhrQ2cze9CzerY1t3u2
0x9Sm7bd3nDoDiioNu+YrO4VbkEHtV/1Ov1BvwPX9Hozh9I+6w4GXbtjs0HXsduO3WUDp9uldoUh
jmBfjGClW/tV2+kMOtTuA795v9+2HTYANqBUZ2gPqD2c0XanNexZJiefLwQHu2m9GrRbM+hR25kP
e2zeb7VBMgLuddote27D/7Uth3aGdzg0olRkgLyjOq9a0Dctp92zB45LaW8GXC3LBs7zjtN1wYCt
Wdex3LbJKqDpUmnTewVCu31nNnAg8dHhoDsEZwf37tH+YODOhrY9d7vO3KmwCGdpjmfwajgf2KCw
25+DTRx3SLu9HoNx0oO+mlsD2u91+5QNKp1b/mwEUTFOXz1h0GnMYnoFvi37BXSyX3WhQ2271Wm3
uzYbgkWGrMPcucPm3fms3et0uv2B6zoVMyUh57dMdW/v1RDkzC0GYp2+1Wt33U6vR2ezfr8/71nz
wZB16dAZDlsVJpEvOHRgFPVmrcGs78wHTofOqdW32nABtWZt4DvrtAbdtuUyC7zlz2JOKcbmvkMd
j37i3D2eaKHOINdrZZBDHDRLl1DBYYH9ekmvaehNIBIvMWjSyENyG8ZCC49ZSGc+g/gBSQuin8si
iCZ4JZxL+Dw91AlYelRkT6e6hOm0PIezZBgwGJbfTy4/vb84PQTSNZslXooIcB6w71/TdTKJKMQC
DZtG1aHZ4GQdE9546fleRCbwB6bki20hjATbRHGdTqnQKEGNoLiVYaCAN7ncv7j8ML4LLky9/Sym
r3mqg9Ooht0wfBvgtoTl/SK7XdLwQ5ClfgYGKuUbBxuZC5qfYE4Kqf8Oqq8KLOPUAz75kzfzbrZl
KsFMItHly2pqU1CXnPuv+U0FT07VoVSNVDtfnNLg4/m24Ch2EpBS4K7L3Y8GapVlNmtC/t7LtUJ8
Wcrf+Gsdm6I8YKLxydutRQsp7QkGgQtOwlVFYaSYhgBTtCqOBSn/nPPYXWZesi39fwemYc4UQgHo
4oVQQ5dKbYRownz/w0kFlCLquKSuBqxTll6eHJ8agAZN+7mAFLvNDfKahlcQBj+veDiPaaBhqJ55
wKPALrOtDRLgBYkHhD8BBGNpzHlqZFGN+I1zaCm5mkHzM5uBSiHkfeQp5j4dlkY2k0zPhHZ57SUp
qL4lVIodgig1MI82guXFzvJOyaNTv7W1StF3zJWf2giYT2+98CNcnSx1ZDq5WhS0H4/MdTH5ezY6
z3vj08DzQtQDpva6OubRZhihAJ6EXsRiA2JJNcOdXUUomh7z2LvlUALXaxOYULI4XZGdV/lPXHU4
WMZe0hjHXsDgDP7NktOPu0bn2E/tlNrZeuzD2NNMr2uDvVHg2DQti06JoYVDYXAYnaJRTbN3zS45
WnF/AopuzZ9LwQDJ0OKBonaZplEy2tu7vr5uMtAIuTfTK4EPVzRYjAVLogPUySZCu5rlDm6Zsxyf
HbIVNv3o3XhXx4cGYKv3fMQOco8CF7hPpzOpVopqAX5TyQdtmXeBVmppeu8ZrES38PCUZkaPSIo5
r9lolD/X1k/J9Nn6jXdjqCsID4TbPIPUa+cwy9j/5Z7g1G72RdWMVYv8OxR4vypoSc02h3ZA47iS
/QvSN84mudxqKpH0jcAscfEULlsaJaVBfqSo/Nfl659YzMmvuLxIZmtyfnBYJ2+XEAfq5CCLYebL
kvQwples1/ttW9AvmBc6FCZpokrY2HaBO4ES3MwoGrGaMitQj3maLKHDD7eFwgncRIoGo+lqPI4E
5g77Y8NmilINCEMTAw/ZDP4j/xHLweT1mkxY+I565P187jke9beFTQmaTh1QDBgCwkLDx+HFPElm
/FrHl5MeGGQTSK30X5cVCN3nQlDsQHMl+wmeBuF5ccypDiAnfbuQfXD8FI2TlAcnKQsMnQviI2Nj
vER49HZrqheSN4dwePTRi4WGBYCCVC0a+qb6EV/gDg0Uie/fsK2t/gmm0+lKqDCdQtGgfmlqPbL4
d0jD5VtP96OcYrjRX+ZCH2eM4f6fkPkEU9D46j29ujP3MunfOF8awqtJUzu5EUCW6uWYONThiJqE
vD663Cf3ROGD032s88h//kPexoyFP9Hf+daKcsUcjOWFwts2NhpbVQvvgmSOH6vTrLpcsWVKLhkN
zHq7/RU2UwrgxvOqUlo/NLfQCutStb2CB6L1ElTn8+X5pQ5Yoz60Xrstl5TiQFrVTF8KCEcOD3mw
NpO/RtSV7kLBbN+b/7ee5ZnUQCR6Q5tHve4odKDgTz+cfDzWEWlU0w6VlacPcgv4fbw1TCVHgJKr
sfkoekPjwIh5ivCNg52UWo1ySN0IhLHQf2eR/27+/8Kk7bnKP2Wd/w2PA3M45BRT53ZV59/575z1
8d/XLfZoa/wFR+hqqUTxY1MoJwFdsMScPpv0O9sXX4xMltXsPBdLkP2RYPWCT0B5Qvb8KfPkY0b9
NwxlFigK0iO+dEjn9IIuYdro0XB7yV9jOp3mumwO6CRcHcQ0WZqW0alPsEvn+UByu3jhykHJwiqb
ryCCwhPGTARIeMQm5mLqtpaUzDVRqclTwPwEU8ozFuqVWEH6NruSvz9hfvJTFi58dqcmNsjfOEvo
squ5ojy3Cbh3jEVgQBamPNZzh0mveJkJ8N2S07c0AOnjmG8LocF0OjXU2dx0wIXhZBRv1dXB6eRH
RtDEvrx+x8It4ipEb1o7vlsv2NUFDa8SY7nPID+SM0XbmP4R0KutISlZgn00XTY3D0aMfd//xGPf
1acvJr0yh6mUxkZ8/ooa4IqH4GwOTDOmU1Sc+v61kL85nDNxz5IOJKdUbmP6a3d3lFDQu5D+vF2d
M3qjCmkDk0atLs9UQt/PLOTiXipnvS1wGks0TKGKcbCRsSDZ4DQFk4oGTqM+tnS2vWwUgNQnuBlM
icUTFrreBe0RrS8hOyQpCz9uLaKVHMXShVRD+7kRpIziUowR3kqasZVhwvlIw9Of/3X5emvrZjRc
CoYAQMp/gl0yOkkiEwESHljxwztZxquxfdUm+6GL9zGGltXubC0SCAWegsBPPRF1DRQFsXIvSbPV
mLGUdh/dyD34RbwFYZ2lSXblwe8r6nvelVmQ2q0tbe8GqLCI3WhETfmv2drVGGFHrXG7fH2Azxvp
XaWT9c4a3t3vxpvVzlCFQzr2Fm8zM0IOv6I2FIwBuqbMZi5wTxdIZnsGMMB/TqN0qSNXhIenUrUl
dZZ4w1jK8ZdVT1XoWG0tGFUkTKdSsfzvJoPgnEHD2DMMW9IeyXifWJzeZp5lt7eFqOQIIHI1nm3P
ktteiQlBm7fznt+5hfduJsFxMT47G28tWCl+APNJN/Det1/xf7ZX8cV9iifsUYxBYR7SSz658vRN
MZP+yFCDOsmj/iHFhofwm8lq2lzgt54L80Zwd3FFxtDqKYsAEPUW6zfUwYeb9PrSpD9y19C9wfPp
GxfmSryI9YpSU4rKjU2twDy+eHewpGLvEZ+dOs7cmr5qJdWC7tHRVA6fMX5zxnsmI+xOntKUG6Og
IH3jQZDLrY4BSd/IN7KYid7VwOQk0yM66MUGol7nzZtW60lYBHNw5EBUJBXXqJos/4mLHXUYZyuP
Z8n4qFE0KTvis9QFkCvly1/PsL1QUj0CXrBRnXUUpl7qseTnSo+VdDNe9KsDKfD8q1bHwv31C4C0
ov6d2G59RVESS55REEA5GmW4eSoVkz2Sq/nkTUJN1z0Tr+oYaVWzUySt6kd2w7Hpfa5E/ouArfGp
3ZNw7oVeurXJrOEfQivt5xY8RPKBnvifjCXpWL2LpOgLnWreLlYZUsdBAP+Df5X08diwmvg0wjuj
HirYgmCJnKfTP1Cb6VQo9QzsuY57OiqAfiGeRxVL1hp0nVq9sacyMvIbrs6nmcVclxyov4fy79Zu
jSs12rz2wRW3yZJHE6zPAxOffuKRUu72l/HF+7f7Z0cXv9x27DbZEXeZjch4ycPF25gFH893nx5Q
VZgr99F01y6p+f1lD/eNhuYJ3WO8dEfrncrLeAzXrzp/+d6J7d0F+YU3WeS/NsE2Obr8eDLWQCmC
6c2V5ZKzg/HRx3NyebR/trWyXbDEdyCkH71oI83zeknTPSeZt0F8adK8rV0UNVPOpZe/NoLBKBS+
Y5ro6UUjPhJW/tqFuFIP/fdmsHz/gAeBuWOiUx+5J+9MbHRWQTX2T8fH+0Nx+3dxaLUqx1bl2M6P
n30vKOh931bLA/ghzrz9cNLQweckHXnlfpaT9PYNnT3tETdz1qFvST+ASAkCsy559DRY79jaCIMl
7YEJAt5JeHbwrGeO7gnylaWzh7aX2Br1e8p20sS7hfKHro37xDXiw49WbWkUCnmnKA9MVPzeSH1V
LWm6K0p13dXa7IaYr0CRSMnPXmcqVdrLQZQIpTkO8DVjd8HqJ80Qaj1gsK/Z+WMpzOk9x3HAYHd0
eIL3yWsvcJJr3s1cPfPIGuIXzPk1Pmkq8ARMkeey2AwaOemx5cGDA5jlgdQ7N/Z/9QOLuQpPwRFn
zt1bOAzyN14k0WVXF0rKc5uAu2RB9JqGhpVK2oP14P1PXny9gfInMAo1NjfVJT+gXEcijp/x8EX9
6+4JFHJhOn7y9im6Rx+5+YxnQao+9Vq9zYT6AQ8Pv3KOoe7nRonaMlTOG+yhtCl/bQQrpi47Hx/o
sHLSI1HgDcSArdW3Subm9sCnln2fqlVbfKuVXqvfd/bOswCVon3J9m+H9uBeZ7OeD20lVcGHrWL2
jHSb67V3HyboiE80jsSCZYm+IFVvr6nEvtC74skV39osJZc7nWoaPGrJT0tGzac3c8o3DttKbDVi
C/JGQHAXBkCn+H5gDY1OroTs5sCERX0v87e2Bim5TadiwzySGmxyY9o9XniWefHcY76rv9Irf2lp
CpFgLxCPme8ZaKFTHLqOljRNqad1iUZ8xEW3eCeOEz2h4vMUBK4HfI34yMLS6eHP21IbWE2npeRn
l+3Ap4ELOnsaCnxfr+cs/Uy/PTSnPBL+73t1zVfAVFI3tRC+SY3GoDD4XOVpp/wVk2IGKl692ATf
h2pV7EKMai/GxRE54OHcWxB8m/g0noYvJjQl53xF7D6xOqOONWrZ5NPJa2K3bAsbBDx1X74Tr3GC
I8m9EfE4fWkNcRsfiNdL0LHhe0n6ks/nSKFhCNMNB8cLzj0a1Fl6TL5PPHkJJTtywrv5GmqIQpe/
bAlp9EZdk7y0BWUBiAPuMnl+zmPgWtCUOIDu4lpXfhytIiXF9fCJ4sxP1y9twa14/2/CUnyDS/IS
yfJd1OgNL0/5bLaeZEEAdUVxJmHM1RriS9xfHh692f9weolUaf3GHxmL10qwIsUOIFNa4e9mRJME
gpP78p/iH3RVlvJGQldMXbjy2HXD9eQL0l8OkHQz4zcN9EPVxKfhIqML9pKFCzw23tPXXAf4nr4X
BL2KOMLaWSxmSsLo4j3ihuuAExBIuQkjeZ8QGjOSLhnhIXgMTChT4qBJUzJjxAsdP3OZCz/IHWdD
XhMewJVzZFDlmdA5qxOOt2okyJLMYkavyJpnseJFvDkB03oQeVECWBXfPQ8hHRifs+uC3Z7L5hTs
mpBrHn6XEpwS0phgbwYAFt+ZuUYN06WXSNzXSxaSLFpA3QUMmtMQvVkyG01DQl5A1kPFSMpBSugS
YKHeRAt9ENMw8fFBf3laqOpzEANQ4RdLRX/hw7UOI0vxLmWkBMhZOm1utZF8XTmeSJZZ6nIYBurt
/yMyralXpzo+T5g7rQnN9n2fXxMcYKBM/uJssvIo+R90OWwjfC9PTyOCYUhceiT8UF1DQC+CA4WA
xaBTkNtsTVRXYnvltsVpTdkXn6AWA4+AfqWuS2KWyO7HbsW3F5OA0SSLxSAn0OkzhkpD57A/Mupj
ty28FbRdUT9jZEcJhTizi9ylRBgwDGNLA7odXx08gtNC9nkWzKBXwKv2k3Xo4FukwfDxFfhRUzT4
AL0lXDtHis2WMYc4BNbDd2rXiSgKiAoBMB7qBN8gC0Aw5Iu+gXiLtCALwYOwiWQ+EeYFTOBlMb/x
wMMYdANAEp4bFsph3yqFTuboq9gGfbJOvPQ76L40Fpe5DKOecJnKxWQHMGQwbmzRLQJGQyEdCVZV
X6XCOeIsxDu+0QOh3yNhBPFmmKRJDtlK/SaBt1jCYMaV2bo++JTjYI/EcRalkio7DDsmAN0ULmFc
GJTixbquHBB0xT0X1L5fA/QR9DkOHQ3e1dQcDRo3ZKPC0yAJQHCP13JQvvX5DLwHcyiRdBgHgZfi
2A7Ygs7WKfQ4mciubonOlY+zissv0WrXnuh54VEwaK8bklHuZIlAOPdARYhIDB/LQDZzKPFykdLJ
wVoZDlOy4GAojsMUvQIFLYSaDaHaiLQQBUgXIVi+3Pb/PQIsSh7SH3Ps1+mfpDwSKqjwWaik2CUE
wgfmR4h7uUIoNdfKatkdpZgIAp/EqFD6Jd9tQUMxLoRKGDGIk0HyCSH5EHbDnEwEXy5VliMSk1XR
mt04UCUkJSIZuN5fHo3I5fHJhJyenJ1ckv3x+PTkaELGRxcEyrx3Rxd1Ao3I5XtodUQ+Hb8/PSLj
i/cHR5NJsxoCjP6wuz3VHWMWe1wkZAzECQJ0lkyEZNEbRbC1oO+hJHBFbBFNGrhzIcOsYAXlIeCE
AA3ehHi/5GzSyaDywwQYYjMlTHCWTCD0loFcZiQh4z3mEMzz4oLm3dboC6qiBrNFzMFyQPYsqivt
Kq8tMIB7sSgpobZbCmuye79KCnlbIV/QeAYjo+Fw35cVqQhA9/euGGqojrqKqKsgdgc0zETxoWsC
hVkGPrhbz3NC1QlzN5TpdT4HXhJvUA7BJnkvY750eKgeeOa7hS4eJJHrkJT6J5JxJNQHoL1WS2EF
aW9EsLiTJIXrSA4FtnnMgzzZyqtVi4bumrqFEY2y5B3fIPe4lOEdk7xgRJPFXLy0OHdkNwsiWV3J
Eo6oEw08kdvrEBupC4TuQs0cARxBmofBTu/pYEjakPhAwgqcLEkyhoEhXYLVFnm1iUELpZVa1XND
yhpBFZVNqQ02/WI/4WzHWWbhVZLrfkAjpHpBFkCOxfcDknwugIYkcm4ktSj7FceL6koxYu76GBTb
kdJICGxgFZxB0u0UFjvk8lTVp7E2wqgn+cvG+RCSvFRDHZmoHBoOzPtYgQ1fMyFqFSgfsfdAO1lg
SC4RxTkJkddIhCU6uEz1p8STS8bGZbWLHejjNEDxfZjVQ344DUOWosFGKkVAabbkviwxZzSF+SxW
4kLlBD8HQ1SSEbFNznzUWZlaZqwoNmV6e6FbKT+FYTVep8i8ThqWZkBhPCG4kebKqBQgonZZx4op
KpaQrkSOcxlR6OPFQFRqNckx1ILiW1pY3JGD8Yc6XAs6zGB8XXsuuL2oFWT0LPg3BP8R6eVld1mR
J6J3tLZNsu9CoFpSf76H7/sS0wSXgQ8rUSCU4LIHOpg2EMu0pzHTpyJHNxjVsMSkfpOgEh/G4Tgv
tssJIM4lUKlrSJt4YRaFUUMdV2Y3Z2rUJd4tK+yJZXluxgQTniqZoGyX7qGl1s7QlhftNslYXePT
eCEuoGomqnxBSJzHdIEQwCbQbUnki4oFp5cBKI+DncZopwPfw3UTMV/Gz5GwJCVnlx+EpglAQtiz
LCU4PxemLMXJyUUzjzVBmjXwqpHQFr3cZbNsMconLD8SCycqqlxbwlAV54maniZyQo2eHCZcJi7l
DRYyk8FJcjtYcpjAogfm8xSWz0RFBHNpSklCV3mkxBWQfLUIz2lTWFBMrKrJgkWtR/zOvVBOhsVi
0Xfk5xm/Qa+Pyckh2fn5w8nhLmAGlwcdoP01hPsolrc3g2Pg/CWGyUuzrADBE7hoIjo7BE//+fVp
zl/NbTTKd0IYLhmJpAnVB05yRRoW2Hi+OqJSiLaIM58LsXDOm68bN5nnlmgplCkQ3BhN87AJ8OXX
XPJZgJhBKkXBbRiTU7SQO/j1AHEteM0ZXYPH4Ewy4Kt8Uo4ZTaUBEYob+TkpMikDYL7upS+QXIoV
Dunu8pPE0hbyyWKpXpaolRYHBnIqQ526piGvGZEIaqSV56MYGcZViFJSMA/RcFHME0K8zK+mw3re
ylgwu3dRShp5P8A7IMREW6RcOaCxK5WJMb9ihBLLEeCG+FskSLj4QqRL7WIBPGRy+jtjktmMzXH8
iaVNkeGWub8LFxcrnkbilfBRUAEf4hChVVUj+WUokMYgp92nZet+NWkMnMA/8mEHyuYX499Cm7YY
y7g40Mgi8F+WaLHRwZwqBIlFXn1oHgph8vN/IgBhf7IYLU3kt3OIQkfUYkqewOVHH3XowK9BbPKC
LGK806/onnLBpuih5t0uUqHpmnpingZhEiYx0jYRjzI/d0Z1gJlMtFEBsS3CoSjwG5EKYphLMC5B
slOls1islUtUI5XEcUVNTBslWeZAZS98X3ix1qENcvT3Bn4zs0IqhptJjpZQbc65ZhEYZQ254VG0
XHK0jFCliQ8mND0uNIZAtg5w2pPg7TIJIExK1XEup86T8ryAIIIYXSximEDLxTK1siYXEPCjh1dV
fEI/GMHvD9/jl7MaKuTLzIdB4ZrJ2poS/NojSkyE4iUAQWtqy9mQaIuel64pjXOnU8Gg8rxyJsjx
+Pknkan0ElHQud51UHWH6CfaylUd4mO0pHWCjwSL9JwWVRiE3jmLodJuYAQKMf3Js3m2krmCGith
amNJS68ZVJyQyUUUy4OFYigsL8/nMu5YWmLVTZ16QRmrVf5FptgeRwKGZrQsBkwUKJb41EX5cm6z
FKDO6BLy3nw4w6uwLa0rR4W2cqJ4APtU9We+RrJURBExcJKj6mYVMXDJGaYmrigcvXnBCGYfAETu
L2AEyhcOZIwDfipE5pmN+h5N1KwECkkaRH5+hCUP6KhsNcqNJs+B3+IK1oj8KmoVyJ91saT1GzKV
KbBIk/q+h4CBdWPsuWrRIN+EEqsB92UskdBFhk5EfSwmm/gcX+QzlW519aVcQZc/CW5YYVaQ2auU
OCJvTvcvR/YP/Xp3eGPV2zftuv2D9YOL9ZAY5zu4tS0+mvpy0JKhWB51uruyyJNbDPpcXY5wzC3Q
x2opTZQeYi0MrOasifyQYBbnQTmfoMTF5oSIOMAHUpUjNn+SvMMa+cYG+IKsZl+8EaFGiBLtDSaZ
qBTUt4w1SkOUllrNx8VnUwm7gcCXqLmdc4Wzg0TMY6BHZh7U5WtZw4l2iNfDDxj7Mo3IMSNRCv5Q
jMRFrK7Va+wmZWGSPxcq7onRPng3c9R3ywoKbiqFLo0NGg8+uzyFYGhQ1dekS0IW+/qxK57oL4/n
ni9u6Copi8D4/N6SJoYuHoyylU7Aj+rpx8FMbpEZNBjx+fsqxethsDYDQK7eKHLMfrhgc7XaoFMT
kQgSkwQlS6BTJuNTQ/w6+cMXXxFUv0hxKuVXLIR8b3TBzY1C3VJ3Nayp2EK11c2st14k79QYii8Z
3MovshWXw+FNYPY6R/XsVqttWTY+JDA+fG9Ad/lnoVqVCCTPNBgEhDBJjIYTD4f8z2cG5ooGcIjz
6ArOwL/GJ+QNovbtvfwOsfGy4ntYYIkvGdqik+QDdd5CfuJQ3QCIDxCIOYM7U42QlROvo5Qrgi07
C2YDvnTLVlO+favM9p9LWdp53BjEAsjwW/eOyT3DS0RXtnUSzPkyEc8XmfTFnP8vWMS9H4vlovKC
P//8XyxLzIM=
===END CRASH DUMP===
