PocketMine-MP Crash Dump Sun Dec 5 09:17:26 +07 2021

Error: Undefined property: CLADevs\Minion\minion\Minion::$poinapi
File: pmsrc/src/pocketmine/entity/Entity
Line: 2179
Type: ErrorException

A PLUGIN WAS INVOLVED IN THIS CRASH
BAD PLUGIN: detu v4.0.0

Code:
[2170] 	 *
[2171] 	 * @return void
[2172] 	 * @throws \ErrorException
[2173] 	 * @throws \InvalidArgumentException
[2174] 	 */
[2175] 	public function __set($name, $value){
[2176] 		if($name === "fireTicks"){
[2177] 			$this->setFireTicks($value);
[2178] 		}else{
[2179] 			throw new \ErrorException("Undefined property: " . get_class($this) . "::\$" . $name);
[2180] 		}
[2181] 	}
[2182] 
[2183] 	/**
[2184] 	 * TODO: remove this BC hack in 4.0
[2185] 	 *
[2186] 	 * @param string $name
[2187] 	 *
[2188] 	 * @return bool
[2189] 	 */

Backtrace:
#0 plugins/Detu/src/CLADevs/Minion/minion/Minion(73): pocketmine\entity\Entity->__set(string[7] poinapi, NULL )
#1 pmsrc/src/pocketmine/entity/Entity(1393): CLADevs\Minion\minion\Minion->entityBaseTick(integer 1)
#2 pmsrc/src/pocketmine/level/Level(854): pocketmine\entity\Entity->onUpdate(integer 984)
#3 pmsrc/src/pocketmine/level/Level(787): pocketmine\level\Level->actuallyDoTick(integer 984)
#4 pmsrc/src/pocketmine/Server(2265): pocketmine\level\Level->doTick(integer 984)
#5 pmsrc/src/pocketmine/Server(2396): pocketmine\Server->checkTickUpdates(integer 984, double 1638670646.3889)
#6 pmsrc/src/pocketmine/Server(2152): pocketmine\Server->tick()
#7 pmsrc/src/pocketmine/Server(1992): pocketmine\Server->tickProcessor()
#8 pmsrc/src/pocketmine/Server(1586): pocketmine\Server->start()
#9 pmsrc/src/pocketmine/PocketMine(330): pocketmine\Server->__construct(object BaseClassLoader, object pocketmine\utils\MainLogger, string[30] C:\Users\DatNguyen\Desktop\sv\, string[38] C:\Users\DatNguyen\Desktop\sv\plugins\)
#10 pmsrc/src/pocketmine/PocketMine(360): pocketmine\server()
#11 pmsrc(11): require(string[85] phar://C:/Users/DatNguyen/Desktop/sv/PocketMine-MP.phar/src/pocketmine/PocketMin)

PocketMine-MP version: 3.26.1 [Protocol 475]
Git commit: 6b7d0307afb36a7faca2dd65734e15000baf17ba
uname -a: Windows NT DATNGUYEN-VN 6.3 build 9600 (Windows Server 2012 R2 Datacenter Edition) AMD64
PHP Version: 8.0.13
Zend version: 4.0.13
OS: WINNT, win
Composer libraries: 
- adhocore/json-comment 1.1.2@fc2f76979f0a44a5f5bc2a2b600d0762fe0e78e7
- daverandom/callback-validator unknown@unknown
- pocketmine/binaryutils 0.1.13@0abee38d4e2861621f262c79a2a3d699d8a697f4
- pocketmine/callback-validator 1.0.3@64787469766bcaa7e5885242e85c23c25e8c55a2
- pocketmine/classloader 0.1.3@3c484a27787f7732ce842ed694928a29ba340961
- pocketmine/log 0.2.1@830b44a2cf96ef703c550abe64302f230231ca49
- pocketmine/log-pthreads 0.1.4@01620c3628cdaa6b4a21122cff4c5d2f70b5c1d3
- pocketmine/math 0.2.6@43057cb8c179a9859677b496a788db922fd5cfc3
- pocketmine/nbt 0.2.18@9f82ca4d7f97fcd9a566e44b63c4f18a7657ae82
- pocketmine/pocketmine-mp 3.26.1@6b7d0307afb36a7faca2dd65734e15000baf17ba
- pocketmine/raklib 0.12.12@5abe22043352e94099e4edfcef5fb3644578ddc1
- pocketmine/snooze 0.1.6@92abf1e988c71635d466abb777f61f89e5a9c990
- pocketmine/spl 0.4.2@6b08b7cf8c4afa17139c9a1b3bf1b408531de161

Loaded plugins:
AcaciaWoodHS 1 by BhawaniSingh for API(s) 3.0.0
AlwaysSpawn 2.2.4 by Philip Shilling for API(s) 3.0.0
AntiInternalKick 1 by Jibix for API(s) 3.0.0
AntiToolbox 1.0 by FaigerSYS for API(s) 3.0.0-ALPHA4, 3.0.0-ALPHA5, 3.0.0-ALPHA6, 3.0.0-ALPHA7, 3.0.0-ALPHA8, 3.0.0-ALPHA9, 3.0.0-ALPHA10, 3.0.0-ALPHA11, 3.0.0-ALPHA12, 3.0.0, 4.0.0
AuctionHouse 1.3.2 by Shock95x for API(s) 3.24.0
AutoClearChunk 2.1.0 by HazardTeam for API(s) 3.21.0
AutoClearLagg 3.1.0 by Twisted for API(s) 3.0.0
AutoEXP 0.0.1 by RubyTemple for API(s) 3.0.0
AutoInv 0.0.10 by JackNoordhuis for API(s) 3.0.0
AutoSellUI 3.0.0 by LetTIHL for API(s) 3.8.2
AutoXP 1.1.0 by JackMD for API(s) 3.0.0
Bank 0.0.1 by YTBJero, GhastNoob, Kaido Joestar for API(s) 3.21.0
BasicScore 1.2.1 by Ifera for API(s) 3.0.0
BeetrootHS 1 by BhawaniSingh for API(s) 3.0.0
BetterDroppedItems 1.0.1 by Dapro718 for API(s) 3.0.0
BirchWoodHS 1 by BhawaniSingh for API(s) 3.0.0
BlockSniper 3.2.3 by BlockHorizons, Sandertv (@Sandertv), Chris-Prime (@PrimusLV) for API(s) 3.2.0
BravoClan 1.1 by Itzdvbravo for API(s) 3.14.0
Broadcaster 1.5 by EvolSoft for API(s) 3.0.0
BuilderTools 1.2.0 by CzechPMDevs, VixikHD for API(s) 3.16.0
BuyFix 1 by Twisted, NhanAZ for API(s) 3.0.0, 3.7.1, 3.8.1, 3.9.3, 4.0.0
CarrotHS 1 by BhawaniSingh for API(s) 3.0.0
ChatThin 1.4.1 by PresentKim for API(s) 3.0.0
CoinAPI 2.0.9 by onebone | Edit By SenKai Official for API(s) 3.0.0
CoinAPIScore 1.0.0 by Ifera for API(s) 3.0.0
Crossbow 1 by SonsaYT for API(s) 3.0.5
CustomAlerts 2.1 by EvolSoft for API(s) 3.0.0
CustomItem 1.0.0 by Phuongaz for API(s) 3.0.0
DEVirion 1.2.5-ALPHA12 by poggit, SOFe for API(s) 3.0.0
DailyMission 0.1 by phuongaz for API(s) 3.0.0
DarkOakWoodHS 1 by BhawaniSingh for API(s) 3.0.0
DevTools 1.14.2 by PocketMine Team for API(s) 3.13.0
Disable_TNT 0.1 by  for API(s) 3.0.0
DoiTaiSan 1 by pmmdst for API(s) 3.0.0
EcoAPIScore 1.0.0 by Ifera for API(s) 3.0.0
EconomyAPI 5.7.2 by onebone for API(s) 3.0.0
EnchantList 0.0.1 by Beeaz for API(s) 3.0.0
FarmHS 1 by BhawaniSingh for API(s) 3.0.0
Fishing 0.4 by benda95280 for API(s) 3.0.0
Fly 1.0.0 by NhanAZ for API(s) 3.0.0
FormAPI 1.3.0 by jojoe77777 for API(s) 3.2.0
FormImagesFix 0.0.1 by  for API(s) 3.11.4
HealFeed 1.0.0 by DafaRahestian for API(s) 3.0.0
Huongdan 1 by rbplugin for API(s) 3.0.0, 4.0.0
InvCrashFix 0.0.1 by  for API(s) 3.14.0
InvSee 1.0.0 by BlockHorizons for API(s) 3.0.0
ItemFrameProtector 1.0.0 by WinterBuild7074 for API(s) 3.0.0, 3.1.0, 3.2.0, 3.3.0
ItemNewBie 1.0.0 by VbeeMC for API(s) 3.0.0
JungleWoodHS 1 by BhawaniSingh for API(s) 3.0.0
KeepInventory 1.0 by KhoaGamingPro for API(s) 3.0.0
KhoeItemHand 1.0.0 by S2TwKen for API(s) 3.0.0
KitUi 0.0.1 by pmmdst for API(s) 3.0.0
LoadAllWorlds 1.1.2 by  for API(s) 3.12.0
LoadWorlds 1.1 by shin for API(s) 3.0.0
MSpawns 2.2 by EvolSoft for API(s) 3.0.0
MaxEnchants 1.2.1 by Xenophilicy for API(s) 3.0.0
MuaDetu 0.1 by PhanHoangKha for API(s) 3.0.0
MuaGen 0.0.1 by Beeaz for API(s) 3.0.0
MultiWorld 1.6.0-beta6 by CzechPMDevs, VixikCZ, fuyutsuki, kaliiks for API(s) 3.20.0
MyItem 0.1 by AnhKhoaaa for API(s) 3.0.0
MysteryCrate 9.2.0 by JackMD, DaPigGuy for API(s) 3.9.0
NCDRulesUI 0.0.1 by Nờ Cờ Dờ (NCD) for API(s) 3.0.0
Netherite 1.2.1 by Wertzui123 for API(s) 3.0.0
NoAdvertisings 0.0.3 by YTBJero for API(s) 3.0.0
OakWoodHS 1 by BhawaniSingh for API(s) 3.0.0
OreGenerator 0.1 by phuongaz for API(s) 3.0.0
PiggyCustomEnchants 2.4.1 by DaPigGuy for API(s) 3.19.0
PotatoHS 1 by BhawaniSingh for API(s) 3.0.0
PureChat 1.4.11 by 64FF00 for API(s) 3.0.0
PurePerms 1.4.2-c2a by 64FF00 & ProjectInfinity for API(s) 3.0.0
PurePermsScore 1.0.0 by Ifera for API(s) 3.0.0
RankUP 1.0.0 by VbeeMC for API(s) 3.0.0
RedSkyBlockUI 3.1.1 by RedCraftPE for API(s) 3.0.0
ReportUI 1.0.0 by MasApip for API(s) 3.0.0, 4.0.0
SETVIP 2.3 by MCPEVN TEAM for API(s) 3.0.0
ScoreHud 6.3.1 by Ifera for API(s) 3.0.0
Season 0.0.1 by pmmdst for API(s) 3.0.0
SeasonScoreAPI 1.0.0 by Ifera for API(s) 3.0.0
SellCommand 1.2.7 by Muqsit for API(s) 3.0.0-ALPHA9, 3.0.0-ALPHA10, 3.0.0-ALPHA11, 3.0.0-ALPHA12, 3.0.0
ShopCoinUI 1.0.0 by LetTIHL for API(s) 3.0.0
ShopDonate 0.0.1 by Beeaz for API(s) 3.0.0
ShopKeyUI 1 by VbeeMC for API(s) 3.0.0, 4.0.0
Slapper 1.6.2 by Slapper for API(s) 3.0.0, 4.0.0
SlapperRotation 1.2.1 by jojoe77777 for API(s) 3.0.0
Specter 2.0-FIX-ACM by Falkirks - fixed fernanACM for API(s) 3.14, 3.15, 3.16, 3.17, 3.18, 3.25
SpiderUI 1.0.0 by MCCreeperYT for API(s) 3.0.0, 4.0.0
SpruceWoodHS 1 by BhawaniSingh for API(s) 3.0.0
Sudo 1.0 by ErikX for API(s) 3.13.0
Taixiu 1.0.0 by LetTIHL for API(s) 3.0.0
Texter 4.0.7 by yuko_fuyutsuki, mfmfnek0, onebone, ogiwara, Shootsta_ERU0531, Toganon, ShadowArt, Marron0421, No4NaMe, iteplenky, SuperYYT, SuperAdam47, minijaham, VicoSilalahi, TobyDev265 for API(s) 3.0.0
TinhnangUI 1 by VbeeNC for API(s) 3.0.0
TopMoneUIVh 2.4 by PIG for API(s) 3.0.0
TopVoter 3.2.0 by SalmonDE for API(s) 3.0.0
TotemJoin 1.0.0 by Shelly7w7 for API(s) 3.0.0
TradeGui 1.2.3 by Only FurkanGM for API(s) 3.11.0
TradeNPC 1.0.0 by Free for API(s) 3.0.0
Trident 1.0.0 by brokiem for API(s) 3.15.0
UIShop 3.5.4 by SaltyPixelDevz for API(s) 3.0.0
VanillaEnchantments 4.0.0 by TheAz928 for API(s) 3.0.0, 3.1.0
WarpGUI 1 by BeeAZ for API(s) 3.0.0
WarpsPro 1.1.1 by nikoskon for API(s) 3.0.0
WheatHS 1 by BhawaniSingh for API(s) 3.0.0
WorldGuard 1.2 by MihaiChirculete for API(s) 3.0.0
WorldProtect 2.3.8 by aliuly for API(s) 3.0.0
detu 4.0.0 by CLADevs || GreenJajot for API(s) 3.0.0
freeze 2.1.0 by Bavfalcon9 for API(s) 3.0.0
gamemode 0.0.1 by  for API(s) 3.0.0
giftcode 2.0.0 by LetTIHL for API(s) 3.0.0
iProtector 3.1.1 by LDX for API(s) 3.0.0
onlinetime 1.0.0 by LetTIHL for API(s) 3.0.0
reyyogaWtrhit 1.1.6 by reyyogaMnelux for API(s) 3.0.0, 4.0.0

----------------------REPORT THE DATA BELOW THIS LINE-----------------------

===BEGIN CRASH DUMP===
eNrtfQlz2ziy8F9BKVPfOFuWLFG3tzIVx0fiiQ99sZxkdrmVAklQYkwSHB62ldn5768bAEmQVizJ
1mRf1dtUzVhsgo2+0AcAEn80XB4HNP1yy+LE42Fjv7fbSL2ANfY7g+5oMGwPeoNWrz3q98a7jSyS
t/r91njc7nbG48HQGIzhjk+T9DiOedzY/6ORLiJo1BDXx/c2g6cA824jYElCZ3jrOnSY64XMIVHM
Ixani31yeHZwxG4T0zz3QmhvmoH6K6/393+KuBfSyANMbub7J56PqKI5jff39g73964T4GHviKYX
s2zBwr0jltykPNpLbvcm3L5hKSBizfNJCx/ZS2J7LxJg6IftsTD10sXesfgDLSLsRfUQYNvH2kNb
H4CNfaMzBGGkMbXh4p+NF20S+dnMC4EslmYCh2JzT3K1J5lUVzvD7st9UvZimrIb05T9NH/58iVh
6U6Sxl44++fwX0SJZJdcXJ+dkZdAyIsOWU3wTqc7xq5WyLz5i3zqDU3Y1LNvdrwwZTMWk47oyVje
k89umb93hv/fAbtZwREPryOHpqzAPR71BPbuauzD0bCGXdw1TXG7+Qu104z6/uKIV6jPe+gt7+GK
xTAadgxj0H8Uu7Mca/9xrN3xoIZV3mn+Ys+ZfYMopUASHfMucXhm+Yxoo7I7Go1Fj4PHe+z0je/0
mCL9AsXwURQw0B9DMYm5DUObxxLX6HFc/dH3BJCkNE4ljvFyHOU43ul2299B8+WLzUMYIpmd7nDr
K7NTggZ8CD4qOePUYfEuUXD98Sz1fBwJ1AvP+GyGrdQ467b/RQ73TVM4GNMsPAz8lC7GNJNb0yzb
j9Zqr1yDacph217N8qDOciJlKhGogb/T6UCrmP2eeTHLXcWoD75iO56yaPGy8a8/dxvsB3r9J/lj
oFFK+osX3nL/lgXQFtB4oQMCstNGfh9gDnhpuLa5w5AleLwNUDMlfwMoXHXUFXkdQ8s4JLfcc+Qt
o7iVzmN+lxBwcXVRQLPuw2an4S31PecgnmVIWu2BnnpgT172xWUEvsCziZuFNrYkMiz8FNKA7ZKf
AF3GXv4hHxiIB8zUc+V98urVK2KCLGPh0hOzkbccqpZm+lM69xIYjyw9yZvtKKx/l21Hqu2fzE+Y
en5cPC9YIyG7eyCEHXOpFZgN0iIzln6xcZDuiP5fAshs7MM4+kncFtSr/kftvH95KfWiLlAT8pcU
9t7fpPZGuSjJ9PLoEodIwG8Zwb7Im0Myp/YN8ULSa7Vl876u+tGgUFxEYxqosS6pki2GlfajuqlY
nPvy1rhQ6Z//TRb+myz8N1n4b7LwfyFZ2G3MWMhi6mNoFW5zv1HBAIRZIPuyFm10W8ag1UF45vkO
xHMoOncbXvLFYbeNfZdC8IHoHfOU2+Bc93vDPnTiYXQfWEOn3W0PqWt1B3ToUpsajjPoD7s91um3
222Lup2hRQF3pmj5BBkBRuSLKTk6mF68vf7t+KL58YLA4CGifzIetNtkJ28nTYgY7Y5BPhgEJASe
HEZhTI4dD4PdS3JwfjToYYIB9eR+Y9RqtzpduPzGQmCm0cuv4fYXniAJpxcXUwCIizsvFLlIEHFQ
wRffs2IaeyxB8VFnDizHbO9rAp4X2qikptPqtIzXrm24w8F4OHbbtNejfbdv2QY1LCDfaQ8Hhsva
bDhiQ0DvUOCBAkPBng3ez4Ig2BTpCE0xrQPh3IT8Lnyt/iKxpXYtiCfxQowFaArMADuv29RirDty
eswYDToDo+MaA8MejqlBu85gPHZGFEhze1VUSzvvgIC6rwc9cN09eGYwsGxKh6w/GvWNnsFGfdvo
2kafjex+nxo1hDiCfTGCFW3d1127N+pRYwj43OGwa9hsBGiAqN7YGFFjbNFurz0edKqYfD4TGIxW
5/Wo27ZAoobtjgfMHba70DMyPOh124ZrwP+6HZv2xg8wNCNIihh1ckH1XrdBNm27OzBGtkPpwAKs
nY4BmN2e3XdAgW2rb3ecbhVVQNO5ombwGjrtD21rZEPyRcej/ngwHFq9Mdj7aORYY8Nwnb7t2jUU
oZXm/Ixej92RAQQ7Qxd0Yjtj2h8MWK9nDUBWbmdEhzBkKBvVhFv+bAZRMU5fbzDoNGQxvQHblnIB
mozXfRCoYbR73W7fYGPQyJj1mOPazO0j4l6vPxw5jl1TUxJy/o0p8Q5ejw1quR02Ho3sIcTBvtMb
DKhlDYdDd9BxR2PWp2N7PG7XkES+wNCDUTSw2iNraLsju0ddCsl/Fx6gHasLeC2cEut2HNYBa/mz
KDHE2Dywqe3RT5w77640V1cB7zZKJ4d80Cyd8zjBPPDNnN7R0LsCTzxHp4m1D4C7MBbaeM1CCrEd
/AcELfB+DovAm+CTcC/hbnqkAwIq6hq9b9PUezDN8h6WTTBg0C1fXk0/XX44OwLQHbMSL0UOMF09
8O/oIrmKKPgCjTcNqrNmgJH1quxN5p7vReQK/kCNNtsWh5FAmyispkkFRQlSBDmYdAMFe1fTgw/T
68lD5iDNPEUPHlL/PeQqOof1W49o8FfP8u63xZhABlqq9S9zj7U0Bk9Oofaw+H2NnxxaYUVUPxoz
J9SD9Obqt6s6Q82Ds8m7A9SudtmvXg6ql8Pq5ah6Oa5edtq1607t2siv4W/vOSIuWJRiVmKpXKwS
9DxNowTyJUg+5pnVgoC8V2Dd0/GgQjJRtL/jWcJ0jejgqkrAvVaVcgXR/2bcrxqZ0dtUBI1jSH55
sDiYnAL+0/D2MKbJ/EQarxJOorqCISUJnCOBIJwquavNMEv5oc9ofDiHXKLCd+VG1X08MMd39BuN
nSmjQZX3ztPVX6JErnRi6tdPsIIS+V4Nly6TMzqbLROJgOsS6T6UyPTOS1JgeUv+JpXoUN2QVSMR
PhChSULRtKkgFJkHycLPgvPDvSo+JYzjz5OaGBCiC6CNOXNVAB8yazFlQeSzbcmgxCj5BiI28Lfw
AAylGh8IecBHTZO/Qv57wXnszDMv2RYvXwFpmCOVWvXCW8mXJGotjq6Y71+f1phSwKqBtusGesbS
6em7swpDI/BoT2RIodtMIQ/sqmZWnYfjCrVxfrS1MC6wSbGva01LRpFEs6c4AObe0IozFZcrxstv
0ze/spgD8O2cJilYnAW/31PP4eRXznBiZWu+VfVlmhYNN8hZ3tDEs6+wwK3wVgCrqjPqHJ66UNNu
pLmGwPsuE270e8wItJA+F3RswBBjacx5WqkINOAPrgfKnuvVQH5nPaZSSEiPYh5FzDlNWZBUmHtw
s5Zn1rV2RKOYDzujbTGZ40Om6rQA7Oh0beV5sT1/UM/p0B+tvrLrB/rLb63FmA+53VXoRSzWGdOg
VddutLo15rDpOx5733iI+r2iIRRa6S3ZeZ3/xOnGw3nsJc1J7AUM7uDfLDn7+LLqZTZOXs8XEx8M
VROLTg2IouTjYQn4iFBieguZCdXr2xJWCxo1v5N+c24tbFthrbN5Yq67o9z7FMiBtZyeDTxQDC1s
8PdVXWvQKmv9KmvHt9y/Ahq3ZsJlx8iOTsUjRXoeEe/u7loMKELsrVTk0m9whpbFWGdV3JAOroeN
WsQ//Mbs+eQcF7ngxkfv3rt5V00AOoOnc2wj9ihwxBKaJclKkSzgv0rkpkmBRvdeBZUQywLrOV0g
AvCIx8oLit3GxZyGB/94oHIsu4ctWY6P1N+xcA3PKsMlZetb9CGN41pELUA/2CHn/da9sYSvxcyc
ptO5pzudAlQ1217d60xilrAwfe8F22LnxoNSOJJoTdMGOlKgA9gpKVrNEJQZOK+g8aMg1Qq/3RpX
2eEhs+A/8m+xjELeLMgVCyE7JZeu69ke9bfFpeoIGJTr4sBfQeG67NVz1Aq4nu+0t5ellvJdna/q
NG0wumKeJBa/05nLQY+MrisIvfS3aY2t/lN1pNABE6rvDRjIkpQHBz54WT0gVMC1yaa/NuTpPQND
VTqeFvQkEsxoH3AogCsscDLPeDij37bLIfa8vpqOjj96saCwYKAA1eN1X5v51diI+AwXfSH9vDzZ
2hyQRGqat4IU04S4rX5p5K1YTziinr8495Kkxp8OrhbrNROMtqygHB/uMyhpwB08OTGr9UXjm0t6
86AcqsJ/cPytdF4PwtrNtRhkt/UksgDVsv9efV6+3M5AHkxRd7rP4E8RgJtCbmtp4mMuQ0sSS9L2
ChzIrZcgOV+mF1OdYQ36mIFuS32yO+it7je+O7K4N6XeVaVIK2GPWF8UBE6yNZfucC+lQPwGddix
zZfkDTr0L00btBWf1ZmDRtVGDOY9VPgrF5pK9vpQRxhL07+tJ3lMUiDyvAo1qxkKIQMO0zOoinSO
NOiKCdc3jG3PhTPZ7/r6OKFxUPHUCvCDXbTste6bEboWE14yx90CGhcKUpV9bbOBBWTQcd8YtbfG
huwWKC/6X+GqTvyFTra/WDXAv1N1P5Vgf7GBrfA4qA7cHFJfkK7R/JV/5WyI/543qaetWxUYQdaS
iOLHuqycBnTGkur8RxX++MithG+ovJ/KS5D9nmAuie/aeaJvd5OJjneM+icM+yy4KEArbOmIuvQD
nbMk9SAubi3b0pCaZk7LBgxhFupUgncBesQtxZZ6UePhhNSzJp7mqu8A65b8Yn1u9H0TJUM6dAMr
6z2djdzKvPDWxp6Fja0/7w0EXzFW5QABKyysugSwrdnh6ky+pGQjZqAGPYmBj0nMU2anXJ/0XnJz
BZOfcHd9LOZWh+1hb+mMaEf9NdTfZ6T7te5AAA8o3sA84dkLdvfGYzURKOAK1j9ajJ0fbkuxt4At
sNcn/tcsnPnsQbFZAf/gREbvu57OlPfWYe49YxGYNgtBn3qOUIU/ujvv/ZzTtzSA3sEytsVhBalp
VshZX3WAhaGZvaOhHrkq4BW2d2VM796zcIt8FV2vW2i+99JrTydfXK9I+LdbZN54aQZFi0QK6vDW
WlBAX3ng+5947Dv6XEYVXt8DY3w/Mj0jl7vhIRiTzblvmkg49f070f/61oRkL+VlOSNVfWCmvi1t
lH2uv4kHZ2Ls6DZspTxCZs7FTmmdkxxS2zz9105Iq06Bj6L3p01Dn9N7VQ5XeNKgKzbsfGYhFzu4
7cW2mNNQoqIKUioX61jeeUbxfUydMQV5dOp2Ah284zScvZ/TrSlMdrz+qIEH3rKwSjoCfuSERZBB
wRNuQrOfemKEVegugFVTGrTaTYuldLByKf/wH+LDIYssTbIbdOE31Pe8m2rOarS3tMAfIMHCyQHn
OvHPWdzXEKGgFrWFHwV41CwPwjmGd7o9m1xstt5zvsBtHguojVJWoV0D6xyMH+7TUDszcS1i4s3e
ZlWfMX7+Jk2dmOdu1awwBvxfHB59yHyWVDbTasAVQ/PCzDrMccih+nuk/u4Aipfb2/8MtKyv0guW
zlnsVfRZwla4/k8sTr9lXsfobov6EqNpFmQ8WY0ltr2SJ2SaHzjAWOolkNroYa92o67P7vLNuFvi
vdhvW6VifV0uW9r7jy3rfXdJb4PlvMuYvRWvHVfnACrg/9AarE7DJpMb4PRmC7nWviTtWna3mlb2
Hu68XeJHO+PnzBBKhKa5hJqlwCeMzLyTvSXoxKc1JjwF0VZMuQD9YEvO+60bsoSvpfQsZrj/Smcm
Bz3YIFbjaNA7OWlvtgQikE9YHCQP1wkbJ1S8+5VMxFsEn9mtx7NkctzM4dqu1S+yb+BUEVv+eoLK
BVHqIykFGiUcSWxVOhJWF4/RtA26TELk/xFgCT/2cBq6XohfEtqS/itiEFRpP7cgCIlHl0R9hbl2
4y9dZH7Edh6sMVfpWj9QfaDhzbX+Vo8C/EemM2PoO4s2IJ45VzcLMctdyQOr8PqLf/X33pgDWaWb
To63lvcVGE1TI8U081/r8RbxOK2xpUArlHNOk4PIi7a9vhOL7kFL6u/6kfbqePrxVDcyBajG01pK
d344Of54QabHB+dbK7IESvxqTfrRi9aiPB+NGu3lAC2pH7S6z397avUoz/suf63FBKNJZeecAvzQ
6ddE9FnOvxY0rEm+YLi6qF678Zf6YkXuGiqqELW+L8OXQA95EFSn+XVovQIc1saLWLdc/nmBp38T
4KkbjoHuZesDj/A/5xFusa54PA24QrvL3o59zmwbC7PNaD/iYXUqRgP+yHnCBLp1RLeb0f+eLR6I
XsIeyfG/kwasE2i0LTHl+wKVWZ7HlqDYAum73mR8+TSqvqCXQ+ozofWPRKhmW46miUS7MQMfsNSp
boSu31kxVfSdTUbPGe1VAjbgKYIioaoUBam93dI8Of3cPDg8r39Uxb/x4puENInr3TOHuPhhlxDb
VXeDyJ0F8qsqHfk1lY78ikpHfj3F2PDVioZ3yMM05v61/o0PSTvEgIKJTQuSkgEhHQ8SrOqozEGr
UsDDw5gBtfGDd0iebbg5CZtoOc7sh7sPKuAfPJGg912fTCjvrcVc5nCdKbx8dK/BcezdfN7alnaB
zTQT6HZ9hUypd+/pS3EK8GNjrM0tusEelim7r7oKBdCJRsOupUWL7IZ/0derAjdwQ3aDvOWbpOHX
zLujMc5mQFzhaZLSL8cfrtv9LtrilM9oKPzq1Zw6/O4gxkmXc3wpMWz3DGxywXsX9BwxAcGRz8Ib
3HFyleEI/G2a/zxwaNBD+vCTr1/pnAZiVc3mV55PfTr3RGfW4ojdGoP+8+TcwHcUXJ/faQ7qK9TW
gW1BZlAIxDSlGJ88sV9g2lP6QFV54Rzc2KziujTgioziYmsTC6nqcwMr49E5mMT16ce5TrsGrU0C
15arT99ui3Zq43YV8eXSDYj/yGuDJAfVP0FQ3yNE/YCHR8+cA1Fv7mCPmtnluMHWFDXlr/XYSlnw
K6+81VvCVm1+mkMpshjeDbeXYCuEyIQiYpPJkGkMLd9m+m6oAlTP3GpTIpehvyAnWXxDw7e1FOcZ
H5fJEQI/SMcG5obNLyaHdU4QtEIrJ5CdbEsheZ+bEA4pTJhW6JaQFWRbMb/xWO2FtP7TSVf4UPKi
f9OcnJekrOTj+hSrII0NBaiO9X7dScF4TBcTSJh9CDSbFZ5rvvgk6VhfIR8h+/J9qpad8CO8+hLE
srv1qF//mtucHXwbG6PvbjF+6ky1JAXfBo/ZUz7fpujaW8YTCOITjaO3lbCZQx5LkBnb3osuqj/T
tHBWYn0V4nNiJatKulrcqm6PrNEfejc8ueHhNllIxJ5bjYLVDMwZrX4GI4f84NpEdVsvSwR4LUZw
Z9PbjMb6RKIGrAWZWuHozal3OPdiO/NZ+kwfjSshSQqJ0yHi8/SPDNX6AfYKAvXfTxhiNcx7GrJc
OGr7f108Obi2LNEaVUVEfS/zt7akKbGZptjkFkkK1tlVvYzzzItdj/mO/mHp/DCMFCLuXiA+DrRX
4fbPXXleSykMp74rc4mDVadYkH//m7wFzOGv9Cvf3ice6kdkrOuEXCDlmz4JqwArvob6ht661IfI
Nt7amzcFRqi1BA3rMzED0gN1dI5iowCt/wrUM4jPe9uAZM9N7RrJOaj+nZq/dlIh73Z92r1l7zZ5
y99pWrJ8fHb0eWt74o8+m6a34btJS/wA4GniUueexsWfONuBpznJowcLRjXgj539kR2vr6aYLRZ8
Rj+l8dzTPXcVXs80avuZVePzkPnZ/fbXxwVyIKOzLlv4xXs8BgniVP3LF/lRICLNFkdktNRBT+Ls
ioaZucx1X0wKGDnkoevNCB7vZcZm+OKKpuSC3xJjSDrj/V57v98mn07fEKNtdLBBwFPnFTGzdpsO
qfzjF3sV4L7stYmL/a+Mbq8/QOAdsMeavpekr7jrIoSGIc9CGyMNXUB7as89Jo8HS16B80ZM+F5E
UwU3UE7+aEDv1VPJq0673UZY7nxeiSuXx4C5gKnnQCwOLrDm19FtpHpyPPy6VQb1zStDYMs3BjYT
lqa4h/MVgsWhQk20oFfvMquEJIw5WgM8i+3V0fHJwfXZFKHSKpq/Zyxe5H0rWGyXbOHvVkSTBGK6
8+pv4h/IKUt5M6G3TJF667G7pgOCpCC8VyME3Vv8vonmqpr4NJzhtv9XLJzhdeWQhdYiwEMWXhA0
NWIL5WexWIARNkBAdqRiT2ATBAqQhJFcGITGeHIXI5CjJfADLMZGfabEYsQLbT9zmIOneT2wQMR1
xQN40kUEdZwJddku4bjRN0GUxIoZvSELnsUKF/FcAjr1IGHBHkCdeIocZEKA+ILdFej2HOZSUGhC
7nj4c0pwpYnGBKUZALN44MkCKRTnjwm+7+YsJFk0i6kDCFpmiKYske2bISEvIJNGwkjKoZfQIYBC
HSMEMohpmPg0BaLEbUEqjAgKiEGekFEKeeFnjGxGoHZzfCHBADFLa821tk/EyTp4I5lnqcNhDKhT
/PCoNnXuje3zhDlmQ1B24Pv8juDowkPRVOpGbj1K/j/aHLYRxpdndfsE/ZN49FjYoXqGAF0ERwge
DgdCQWzWgihRYntltsVtjdgXn6AyBYsAuVLHITFLpPhRrHj0FAkYTbJYjHACQrcYEg3CYb9n1Eex
zbxbaCtOuiM7qlNwOy8Ru+wRBozYRdQEseO5T/twW/R9kQUWSAWs6iBZhPaUJjeg+PgG7KglGlwn
uM4HveWcYrN5zMEJgfagebJLRC5N1NiH8bBL8PgfYAQjg5ANOGGEBVkIFoRNJPIroV7gCaws5vce
WBgDMQBLwnLDgjiUrSLo1EVbxTZok7vES38G8aWxeAxSaTzzCk2m9jDZAR4yGDeGEItgo6k43Reo
6rZKhXHEWYhvAaIFgtwjoQTxGcykRSBpVr9J4M3mMJjxBfZdffApw0GJxHEWpRIqBYaCCYA2xZdQ
LgxKcSqSIwcExZMagezlFKCNoM1xEDRYV0szNGjclI0KSzPxSwE8XshB+dbnFlgPBlci4TAOAi/F
sR2wGbUWKUicXElRt4Vw5feOxONT1NqdJyQvLAoG7V1TIsqNLBEc4pGN8IMwfBUX0WB+nncpjRy0
leEwJTMOiuI4TNEqsKOZILMpSNsnbeQCehcuWJ5M9L+eA8xWHqMfg+vz6IeSPxIkKPdZkKTQJQTc
B8ZH8Hs5QdhrTlWnbfQUYcIJfBKjQtGX/LwFCsW4ECShxyB2BsEnhOBD2D2zM+F8uSRZjkgMVkVr
dm9DmpCUHEnHdTk93ifTd6dX5Oz0/HRKDiaTs9PjKzI5/kAg93t//GGXQCMyvYRWx+TTu8uzYzL5
cHl4fHXVqruAijwMSL2kOCYs9rgIyOiIE2RQnGCYS6Nwth2QPaQEjvAtokkT99RINytQ4f4FLwQH
DdaE/H7P2KSRQdqHATDEZqozgVkiAddbOnIZkUQfYr0C47x4oPWwNdqCSrVBbRGzMR2QkkVypV7l
swUPYF4sSkpWu23Fa/JyOUmK867ifEZjC0ZG0+a+L9NR4YCWS1cMNSRHPUXUU+C7AxqKgy4rlEBi
loENvtzNY0LdCHMzlOHVdQGX5Dcoh2CLXEqfLw0esgee+U5BiwdB5C4kJf2JRBwJ8oHRAabSoert
RDiLB0FSmI7EUPDmxjzIg618WrVo6qapaxi5UZp8YBtkiUlVrOMqTxhtuZVGZCnKkJ0siGR2JVM4
om408UauryNspB4QtAsycw7gCsI8DHa6RMAQtCHwQQ+3YGRJkjF0DOkctDbLs010WthbSdVurkiZ
I6iksiWpwabflRMWOjYeV5PktB/SCKFekAUQY/Eb7ySvBVCRRJZFkopSrjhelCjFiHloY5BsR4oi
0WETs+AMgm6v0NgRl7fqNo25EXo9iV82zoeQxKUa6pyJzKFpQ9HHCt7wO4QiV4H0EaUH1MkEQ2KJ
KNYkRD4jOSy5g8eUPCU/ec/YuMx2UYB46E2O93FUj9mhGYYsRYXtqxABqdmc+zLFtGhqz0UmLkiG
rAlMSAUZ4dtk5aPuytBisSLZlOHtha6l/Ba61XiBn4Oe7ZJmR1OgUJ7ouJnmxKgQILx2mceKGhVT
SEdyjrWMSPTxYTwXWpLVIu8gFwRbeiWSO3I4ud6FZ4EGC8bXneeA2YtcQXrPAn9T4N8ngzztLjPy
REhHa9siBw44qjn13T386LQoExwGNqy6gk4JzoWggWkDsQx7GjK9FDm+R6+GKSb1WwSJuJ6EkzzZ
LgtArCWQqDtcP4AHsyiMmuq6Vt2cq1GXeN9YoU9My3M14ue685QJ0nZpHlpo7Y0N+dDLFpmoZ3wa
z8QDVFWiyhZEj25MZ8gC6ATElkS+yFiwvAyAeBzsNEY9HfoeTpqIehnPkmVJSs6n14LSBFhCtq0s
JVifC1WW3cniopX7miDNmvjUvqAWrdxhVjbbzwuWX0gHCxWVrs1hqIr7RJWniSyo0ZLDhMvApayh
g8ikc5LYDuccCli0wLxOYXklKjyYQ1NKEnqbe0qcAcmnivCeVsICYWK6TSYsaj7iK/dCWQyLeaKf
yWeL36PVx+T0iOx8vj49egk8g8kDDdD+Dtw9WJJ4lw4MA+uXGIqXVpkBgiVw0UQIOwRL//zmLMev
ahsN8rPoDOeKRNCE7AOLXBGGBW88nx1RIUSbxHFd0S3c89xF8z7znJJbCmkKODdG09xtAvvyKN68
ChAVpCIUzAaSTpGRhdzGox/Fs2A153QBFoOVJJ7DropyjGgqDAhX3MzvyS6T0gHmE1/6BMlUzHBI
c8eP7dFU6kJ+bUaSlyVqpsWGgZxKV6eeacpn9kkEOdKt52M30o0rF6V6wThEw1lRJ4T4mF8Ph7t5
q8qE2dJJKankg4BnOIJdGW/UgEZRKhVjfEUPJaYjwAzxtwiQ8PAHES61hwXjIZPlr8UkMou5OP7E
vKaIcPPc3oWJi+nOSuCV7GNHBfvghwitkxrJY72hNwYxbRmV7eVk0hgwgX3kww6IzR/GvwU1XTGW
cXKgmckjzzXfKM6pEx2JGV59aB6JziycG06EA0J5shg1TeTBx0RxR9RkSh7AxTMV1gFfkxjkBZlB
GZaU4iknbAoJtR6KSLmmO+qJOg3cJBQxUjcRjzI/N0Z1gZFMtFEOsSvcoUjwm5FyYhhL0C9BsFOp
s5islVNU+yqI44yaKBslWMZApS/8lGkx16ENcrT3Ji5H1UDFcKuCozlkmy7XNAKjrClXeIqWc46a
EaS0oiCIWh4XFIMjWwRY9iS4Cz8BDpOSdKzl1H1S3hcsCCdGZ7MYCmg5WaZm1uQEQhpTobkKf4I+
GMGXR5d47HlTuXwZ+dAp3DGZW1MYOneix0QQXjIgYC1tOhsCbSF5aZpSOQ+ECgqV95UxQYzHs7tF
pNJTRAHnuugg6w7RTrSZq13wj9Gc7hL8+o0Iz2mRhYHrdVkMmXYTPVCI4U/ezaOVjBW0MhOm1p+0
8JpBxgmRXHix3FkohELz8n7exwNNS151VadeUPpqFX8RKbbHkYCuGTWLDhM7FFN86qF8OrdVdqDu
6D3k0nw8wiu3LbUrR4U2c6JwAPpUyTOfI5kroPAYWOSovFl5DJxyhtLEEYmj5xaIoPoARuT6Anqg
fOJA+jjAp1xkHtmo79FEVSWQSFI8iFJdYcoDNCpd7edKk/fAbnEGa5/8U+QqED93xZTWvxCpDIFF
mNTXPQQbmDfiBj45aZCvPonZgGURSwR0EaETkR+LYhM/TxT5TIVbnXzZr4DLnwRXrDAqyOhV9rhP
Ts4OpvvG34e7/fF9Z7d73901/t75u4P5kBjnO7gjxEbn+mrUlq5YXvX6L2WSJ5cY9FpdjnCMLSBj
NZUmUg8xFwZasxe4kpLZaRbnTjkvUOJicUJ4HMADocoWiz9JLrBmvrABtiCz2RcnwtWIrkT7CpJM
ZAoS8kWDNEVqqeV8PBLlLbsHx5eo2s6+weogEXUMSMTyIC9fyBxOtEN+gRSoPGQYkWNGcinwQzIS
F766sdvA/e9hIr7csP9HQ+wQ3G+McJcG7uO1bHXofAHBRaXQoXEFxoMvDk/BGVaguBJZAWSxr187
4t3D8tr1fLEPvITMxAnzxeUcwod+7cEou9UBX8Urw+V1YMklsgoMRnz+tRexkQxzM0dsPCsbRXZV
Dh+Yq2YbdGgiAkFSBUHKEuiQq8lZpftF8ruPr8vmv0hxK+U3LIR4XxHB/b3iuq22cSyoWEI11Dty
37xIbhsYi2PbvvmepT8Ol/dBVeocyTPa7W6nY+A7tpOjywrrDv8iSKsDAeRVFQYOIUySSsMrD4f8
5/MKzzUK4BLr6BqfgX+H31eqACM1m6ht55rMa7aHCVaWen5iCCHJV9q9meWFFL+sKt4bwB0VomZw
LNUIUdnxIkq5AhhSWFAN+NIs22rLVRntv5R9afdxYRAToIrdOg9U7lWsRIiyq4Og5suEP5/JTZAF
/n9gEnc5EdNF5QN//vk/+jxLpw==
===END CRASH DUMP===
